#
# A fatal error has been detected by the Java Runtime Environment:
#
#  EXCEPTION_ACCESS_VIOLATION (0xc0000005) at pc=0x00000000669bf270, pid=139092, tid=0x0000000000021868
#
# JRE version: Java(TM) SE Runtime Environment (8.0_211-b12) (build 1.8.0_211-b12)
# Java VM: Java HotSpot(TM) 64-Bit Server VM (25.211-b12 mixed mode windows-amd64 compressed oops)
# Problematic frame:
# V  [jvm.dll+0x27f270]
#
# Failed to write core dump. Minidumps are not enabled by default on client versions of Windows
#
# If you would like to submit a bug report, please visit:
#   http://bugreport.java.com/bugreport/crash.jsp
#

---------------  T H R E A D  ---------------

Current thread (0x000000001f8f4800):  JavaThread "Thread-15" [_thread_in_vm, id=137320, stack(0x0000000021890000,0x0000000021990000)]

siginfo: ExceptionCode=0xc0000005, reading address 0x0000000000000030

Registers:
RAX=0x0000000000000000, RBX=0x000000001f8f4800, RCX=0x0000000000000030, RDX=0x0000000000000030
RSP=0x000000002198e348, RBP=0x000000002198eeb0, RSI=0x0000000000000030, RDI=0x000000002198e3b8
R8 =0x000000001f8f4800, R9 =0x000000001e57c340, R10=0x0000000020b50828, R11=0x000000002198e3a0
R12=0x0000000000000000, R13=0x0000000020b5bcf8, R14=0x000000002198ef00, R15=0x000000001f8f4800
RIP=0x00000000669bf270, EFLAGS=0x0000000000010206

Top of Stack: (sp=0x000000002198e348)
0x000000002198e348:   00000000667af3f3 000000001f8f4800
0x000000002198e358:   0000000000000000 000000001f8f49f8
0x000000002198e368:   0000000066881905 000000001f8f49f8
0x000000002198e378:   00000000667af4d9 000000002198eeb0
0x000000002198e388:   00007ff90000000e 000000001f8f4800
0x000000002198e398:   0000000000000030 000000001f8f4800
0x000000002198e3a8:   00000000668817c4 0000000020b5bd00
0x000000002198e3b8:   000000002198eeb0 00007ff9d630bea8
0x000000002198e3c8:   0000000020b5bd00 000000001f8f4800
0x000000002198e3d8:   0000000000000000 000000002198e560
0x000000002198e3e8:   00007ff9d62f53d1 000000002198e560
0x000000002198e3f8:   00007ff9d62f4d16 000000001e4d9b18
0x000000002198e408:   0000000020b5bd00 00007ff9d630bea8
0x000000002198e418:   0000000000000000 000000002198eeb0
0x000000002198e428:   00007ff9d62f8473 000000001f8f49f8
0x000000002198e438:   0000000000000030 0000000000000006 

Instructions: (pc=0x00000000669bf270)
0x00000000669bf250:   41 0f b6 14 08 80 e2 c0 80 fa 80 75 02 ff c8 49
0x00000000669bf260:   ff c0 4d 3b c1 7c e9 f3 c3 cc cc cc cc cc cc cc
0x00000000669bf270:   0f b6 11 33 c0 84 d2 74 1c 0f 1f 80 00 00 00 00
0x00000000669bf280:   80 e2 c0 80 fa 80 74 02 ff c0 0f b6 51 01 48 ff 


Register to memory mapping:

RAX=0x0000000000000000 is an unknown value
RBX=0x000000001f8f4800 is a thread
RCX=0x0000000000000030 is an unknown value
RDX=0x0000000000000030 is an unknown value
RSP=0x000000002198e348 is pointing into the stack for thread: 0x000000001f8f4800
RBP=0x000000002198eeb0 is pointing into the stack for thread: 0x000000001f8f4800
RSI=0x0000000000000030 is an unknown value
RDI=0x000000002198e3b8 is pointing into the stack for thread: 0x000000001f8f4800
R8 =0x000000001f8f4800 is a thread
R9 =0x000000001e57c340 is an unknown value
R10={method} {0x0000000020b50830} 'trace' '(Ljava/lang/String;)V' in 'eu/gnome/morena/Manager'
R11=0x000000002198e3a0 is pointing into the stack for thread: 0x000000001f8f4800
R12=0x0000000000000000 is an unknown value
R13=0x0000000020b5bcf8 is pointing into metadata
R14=0x000000002198ef00 is pointing into the stack for thread: 0x000000001f8f4800
R15=0x000000001f8f4800 is a thread


Stack: [0x0000000021890000,0x0000000021990000],  sp=0x000000002198e348,  free space=1016k
Native frames: (J=compiled Java code, j=interpreted, Vv=VM code, C=native code)
V  [jvm.dll+0x27f270]

Java frames: (J=compiled Java code, j=interpreted, Vv=VM code)
j  eu.gnome.morena.wia.WIAScanner._transfer(JZIZ[I)V+0
j  eu.gnome.morena.wia.WIAScanner.transfer()V+74
j  eu.gnome.morena.wia.WIAScanner.run()V+1
j  java.lang.Thread.run()V+11
v  ~StubRoutines::call_stub

---------------  P R O C E S S  ---------------

Java Threads: ( => current thread )
  0x000000001f8f5000 JavaThread "qtp503788068-35" [_thread_blocked, id=125908, stack(0x0000000021d60000,0x0000000021e60000)]
  0x000000001f8f7800 JavaThread "qtp503788068-34" [_thread_in_native, id=138672, stack(0x0000000021c60000,0x0000000021d60000)]
=>0x000000001f8f4800 JavaThread "Thread-15" [_thread_in_vm, id=137320, stack(0x0000000021890000,0x0000000021990000)]
  0x000000001f8f2000 JavaThread "AWT-Windows" daemon [_thread_in_native, id=132616, stack(0x00000000216a0000,0x00000000217a0000)]
  0x000000001f8f6800 JavaThread "Java2D Disposer" daemon [_thread_blocked, id=140072, stack(0x00000000214a0000,0x00000000215a0000)]
  0x000000001f8f1800 JavaThread "Connector-Scheduler-567f3231-1" [_thread_blocked, id=117908, stack(0x0000000020b70000,0x0000000020c70000)]
  0x000000001f8f3800 JavaThread "Session-HouseKeeper-68442b56-1" [_thread_blocked, id=135564, stack(0x0000000020530000,0x0000000020630000)]
  0x000000001f7dd000 JavaThread "qtp503788068-21" [_thread_blocked, id=93920, stack(0x0000000020330000,0x0000000020430000)]
  0x000000001f8fe800 JavaThread "qtp503788068-20" [_thread_blocked, id=133648, stack(0x0000000020230000,0x0000000020330000)]
  0x000000001f8fe000 JavaThread "qtp503788068-19" [_thread_in_native, id=138304, stack(0x0000000020130000,0x0000000020230000)]
  0x000000001f8fd000 JavaThread "qtp503788068-18-acceptor-0@8feed96-ServerConnector@567f3231{HTTP/1.1, (http/1.1)}{127.0.0.1:1235}" [_thread_in_native, id=139592, stack(0x0000000020030000,0x0000000020130000)]
  0x000000001f8fc800 JavaThread "qtp503788068-17" [_thread_blocked, id=130420, stack(0x000000001ff30000,0x0000000020030000)]
  0x000000001f8fb800 JavaThread "qtp503788068-16" [_thread_in_native, id=137960, stack(0x000000001fe30000,0x000000001ff30000)]
  0x000000001f892800 JavaThread "qtp503788068-15" [_thread_blocked, id=139268, stack(0x000000001fd30000,0x000000001fe30000)]
  0x000000001f8bb000 JavaThread "qtp503788068-14" [_thread_in_native, id=120472, stack(0x000000001fc30000,0x000000001fd30000)]
  0x0000000002a24800 JavaThread "DestroyJavaVM" [_thread_blocked, id=140232, stack(0x0000000002730000,0x0000000002830000)]
  0x000000001f4b6800 JavaThread "Thread-0" [_thread_blocked, id=129668, stack(0x000000001fb30000,0x000000001fc30000)]
  0x000000001e550000 JavaThread "Service Thread" daemon [_thread_blocked, id=140060, stack(0x000000001f130000,0x000000001f230000)]
  0x000000001e4c7000 JavaThread "C1 CompilerThread3" daemon [_thread_blocked, id=119404, stack(0x000000001f030000,0x000000001f130000)]
  0x000000001e4c6000 JavaThread "C2 CompilerThread2" daemon [_thread_blocked, id=122896, stack(0x000000001ef30000,0x000000001f030000)]
  0x000000001e4a5000 JavaThread "C2 CompilerThread1" daemon [_thread_blocked, id=138080, stack(0x000000001ee30000,0x000000001ef30000)]
  0x000000001e509800 JavaThread "C2 CompilerThread0" daemon [_thread_blocked, id=139788, stack(0x000000001ed30000,0x000000001ee30000)]
  0x000000001e508800 JavaThread "Monitor Ctrl-Break" daemon [_thread_in_native, id=141208, stack(0x000000001ec30000,0x000000001ed30000)]
  0x000000001e34d000 JavaThread "Attach Listener" daemon [_thread_blocked, id=137580, stack(0x000000001eb30000,0x000000001ec30000)]
  0x000000001e34a800 JavaThread "Signal Dispatcher" daemon [_thread_blocked, id=137564, stack(0x000000001ea30000,0x000000001eb30000)]
  0x0000000002b1b800 JavaThread "Finalizer" daemon [_thread_blocked, id=140080, stack(0x000000001e810000,0x000000001e910000)]
  0x000000001e330800 JavaThread "Reference Handler" daemon [_thread_blocked, id=134908, stack(0x000000001e710000,0x000000001e810000)]

Other Threads:
  0x000000001c539800 VMThread [stack: 0x000000001e210000,0x000000001e310000] [id=118052]
  0x000000001e554800 WatcherThread [stack: 0x000000001f230000,0x000000001f330000] [id=134172]

VM state:not at safepoint (normal execution)

VM Mutex/Monitor currently owned by a thread: None

heap address: 0x00000006c1c00000, size: 4068 MB, Compressed Oops mode: Zero based, Oop shift amount: 3
Narrow klass base: 0x0000000000000000, Narrow klass shift: 3
Compressed class space size: 1073741824 Address: 0x00000007c0000000

Heap:
 PSYoungGen      total 76288K, used 35467K [0x000000076b400000, 0x0000000770900000, 0x00000007c0000000)
  eden space 65536K, 37% used [0x000000076b400000,0x000000076cc240c8,0x000000076f400000)
  from space 10752K, 99% used [0x000000076f400000,0x000000076fe7ee80,0x000000076fe80000)
  to   space 10752K, 0% used [0x000000076fe80000,0x000000076fe80000,0x0000000770900000)
 ParOldGen       total 175104K, used 22460K [0x00000006c1c00000, 0x00000006cc700000, 0x000000076b400000)
  object space 175104K, 12% used [0x00000006c1c00000,0x00000006c31ef3a8,0x00000006cc700000)
 Metaspace       used 14383K, capacity 14764K, committed 15104K, reserved 1062912K
  class space    used 1640K, capacity 1738K, committed 1792K, reserved 1048576K

Card table byte_map: [0x0000000011ee0000,0x00000000126e0000] byte_map_base: 0x000000000e8d2000

Marking Bits: (ParMarkBitMap*) 0x0000000066f65ce0
 Begin Bits: [0x0000000013430000, 0x00000000173c0000)
 End Bits:   [0x00000000173c0000, 0x000000001b350000)

Polling page: 0x0000000000ec0000

CodeCache: size=245760Kb used=3779Kb max_used=3818Kb free=241980Kb
 bounds [0x0000000002b20000, 0x0000000002ee0000, 0x0000000011b20000]
 total_blobs=1471 nmethods=1004 adapters=380
 compilation: enabled

Compilation events (10 events):
Event: 29.690 Thread 0x000000001e4c7000 nmethod 1023 0x0000000002c4fc50 code [0x0000000002c4fda0, 0x0000000002c4ff10]
Event: 29.690 Thread 0x000000001e4c7000 1024       3       java.nio.charset.CoderResult::isUnderflow (13 bytes)
Event: 29.691 Thread 0x000000001e4c7000 nmethod 1024 0x0000000002c73c90 code [0x0000000002c73de0, 0x0000000002c73f90]
Event: 29.691 Thread 0x000000001e4c7000 1025       3       java.nio.CharBuffer::arrayOffset (35 bytes)
Event: 29.691 Thread 0x000000001e4c7000 nmethod 1025 0x0000000002c61e10 code [0x0000000002c61fa0, 0x0000000002c62298]
Event: 29.691 Thread 0x000000001e4c7000 1026       3       java.nio.ByteBuffer::array (35 bytes)
Event: 29.691 Thread 0x000000001e4c7000 nmethod 1026 0x0000000002c258d0 code [0x0000000002c25a60, 0x0000000002c25d58]
Event: 29.691 Thread 0x000000001e4c7000 1027       3       java.io.BufferedWriter::ensureOpen (18 bytes)
Event: 29.691 Thread 0x000000001e4c7000 nmethod 1027 0x0000000002c25450 code [0x0000000002c255c0, 0x0000000002c25808]
Event: 29.693 Thread 0x000000001e4a5000 nmethod 1012 0x0000000002c45c10 code [0x0000000002c45da0, 0x0000000002c462f8]

GC Heap History (2 events):
Event: 28.404 GC heap before
{Heap before GC invocations=1 (full 0):
 PSYoungGen      total 76288K, used 65536K [0x000000076b400000, 0x0000000770900000, 0x00000007c0000000)
  eden space 65536K, 100% used [0x000000076b400000,0x000000076f400000,0x000000076f400000)
  from space 10752K, 0% used [0x000000076fe80000,0x000000076fe80000,0x0000000770900000)
  to   space 10752K, 0% used [0x000000076f400000,0x000000076f400000,0x000000076fe80000)
 ParOldGen       total 175104K, used 0K [0x00000006c1c00000, 0x00000006cc700000, 0x000000076b400000)
  object space 175104K, 0% used [0x00000006c1c00000,0x00000006c1c00000,0x00000006cc700000)
 Metaspace       used 14170K, capacity 14532K, committed 14848K, reserved 1062912K
  class space    used 1604K, capacity 1728K, committed 1792K, reserved 1048576K
Event: 28.414 GC heap after
Heap after GC invocations=1 (full 0):
 PSYoungGen      total 76288K, used 10747K [0x000000076b400000, 0x0000000770900000, 0x00000007c0000000)
  eden space 65536K, 0% used [0x000000076b400000,0x000000076b400000,0x000000076f400000)
  from space 10752K, 99% used [0x000000076f400000,0x000000076fe7ee80,0x000000076fe80000)
  to   space 10752K, 0% used [0x000000076fe80000,0x000000076fe80000,0x0000000770900000)
 ParOldGen       total 175104K, used 22460K [0x00000006c1c00000, 0x00000006cc700000, 0x000000076b400000)
  object space 175104K, 12% used [0x00000006c1c00000,0x00000006c31ef3a8,0x00000006cc700000)
 Metaspace       used 14170K, capacity 14532K, committed 14848K, reserved 1062912K
  class space    used 1604K, capacity 1728K, committed 1792K, reserved 1048576K
}

Deoptimization events (6 events):
Event: 0.583 Thread 0x000000001f4b6800 Uncommon trap: reason=unstable_if action=reinterpret pc=0x0000000002cc9d9c method=java.lang.String.indexOf([CII[CIII)I @ 3
Event: 0.595 Thread 0x000000001f4b6800 Uncommon trap: reason=null_check action=make_not_entrant pc=0x0000000002cbf194 method=java.lang.String.equals(Ljava/lang/Object;)Z @ 8
Event: 20.320 Thread 0x000000001f7dd000 Uncommon trap: reason=unstable_if action=reinterpret pc=0x0000000002dd7bb8 method=java.lang.String.indexOf([CII[CIII)I @ 27
Event: 20.363 Thread 0x000000001f7dd000 Uncommon trap: reason=unstable_if action=reinterpret pc=0x0000000002cc0c38 method=java.lang.String.startsWith(Ljava/lang/String;I)Z @ 25
Event: 20.415 Thread 0x000000001f7dd000 Uncommon trap: reason=unstable_if action=reinterpret pc=0x0000000002e2e5d4 method=java.math.BigInteger.addOne([IIII)I @ 55
Event: 27.920 Thread 0x000000001f7dd000 Uncommon trap: reason=range_check action=make_not_entrant pc=0x0000000002e97dd0 method=sun.awt.image.ByteInterleavedRaster.getPixels(IIII[I)[I @ 219

Classes redefined (0 events):
No events

Internal exceptions (10 events):
Event: 0.217 Thread 0x0000000002a24800 Exception <a 'java/security/PrivilegedActionException'> (0x000000076b65c630) thrown at [C:\re\workspace\8-2-build-windows-amd64-cygwin\jdk8u211\12973\hotspot\src\share\vm\prims\jvm.cpp, line 1502]
Event: 0.218 Thread 0x0000000002a24800 Exception <a 'java/security/PrivilegedActionException'> (0x000000076b660540) thrown at [C:\re\workspace\8-2-build-windows-amd64-cygwin\jdk8u211\12973\hotspot\src\share\vm\prims\jvm.cpp, line 1502]
Event: 0.218 Thread 0x0000000002a24800 Exception <a 'java/security/PrivilegedActionException'> (0x000000076b660750) thrown at [C:\re\workspace\8-2-build-windows-amd64-cygwin\jdk8u211\12973\hotspot\src\share\vm\prims\jvm.cpp, line 1502]
Event: 0.219 Thread 0x0000000002a24800 Exception <a 'java/lang/NoClassDefFoundError': org/slf4j/impl/StaticLoggerBinder> (0x000000076b668058) thrown at [C:\re\workspace\8-2-build-windows-amd64-cygwin\jdk8u211\12973\hotspot\src\share\vm\classfile\systemDictionary.cpp, line 199]
Event: 0.279 Thread 0x0000000002a24800 Exception <a 'java/lang/NoSuchFieldError': method resolution failed> (0x000000076ba4ef30) thrown at [C:\re\workspace\8-2-build-windows-amd64-cygwin\jdk8u211\12973\hotspot\src\share\vm\prims\methodHandles.cpp, line 1167]
Event: 0.280 Thread 0x0000000002a24800 Exception <a 'java/lang/NoSuchFieldError': method resolution failed> (0x000000076ba5cdd8) thrown at [C:\re\workspace\8-2-build-windows-amd64-cygwin\jdk8u211\12973\hotspot\src\share\vm\prims\methodHandles.cpp, line 1167]
Event: 0.595 Thread 0x000000001f4b6800 Implicit null exception at 0x0000000002cbefa6 to 0x0000000002cbf185
Event: 21.065 Thread 0x000000001f7dd000 Exception <a 'java/io/FileNotFoundException'> (0x000000076db30830) thrown at [C:\re\workspace\8-2-build-windows-amd64-cygwin\jdk8u211\12973\hotspot\src\share\vm\prims\jni.cpp, line 710]
Event: 21.129 Thread 0x000000001f7dd000 Exception <a 'SK/gnome/twain/TwainException': No TWAIN Data Source installed> (0x000000076dbf6b18) thrown at [C:\re\workspace\8-2-build-windows-amd64-cygwin\jdk8u211\12973\hotspot\src\share\vm\prims\jni.cpp, line 736]
Event: 29.676 Thread 0x000000001f7dd000 Exception <a 'java/io/IOException'> (0x000000076c598b88) thrown at [C:\re\workspace\8-2-build-windows-amd64-cygwin\jdk8u211\12973\hotspot\src\share\vm\prims\jni.cpp, line 710]

Events (10 events):
Event: 29.696 Executing VM operation: RevokeBias
Event: 29.696 Executing VM operation: RevokeBias done
Event: 29.696 Executing VM operation: BulkRevokeBias
Event: 29.696 Executing VM operation: BulkRevokeBias done
Event: 29.696 Executing VM operation: RevokeBias
Event: 29.697 Executing VM operation: RevokeBias done
Event: 29.697 Executing VM operation: RevokeBias
Event: 29.697 Executing VM operation: RevokeBias done
Event: 36.407 Thread 0x000000001f8f6000 Thread added: 0x000000001f8f6000
Event: 36.408 Thread 0x000000001f8f6000 Thread exited: 0x000000001f8f6000


Dynamic libraries:
0x00007ff7d04c0000 - 0x00007ff7d04f7000 	C:\Program Files\Java\jdk1.8.0_211\bin\java.exe
0x00007ff9f2e70000 - 0x00007ff9f3065000 	C:\WINDOWS\SYSTEM32\ntdll.dll
0x00007ff9f1f30000 - 0x00007ff9f1fed000 	C:\WINDOWS\System32\KERNEL32.DLL
0x00007ff9f0b80000 - 0x00007ff9f0e48000 	C:\WINDOWS\System32\KERNELBASE.dll
0x00007ff9f1e20000 - 0x00007ff9f1ecc000 	C:\WINDOWS\System32\ADVAPI32.dll
0x00007ff9f12d0000 - 0x00007ff9f136e000 	C:\WINDOWS\System32\msvcrt.dll
0x00007ff9f0ed0000 - 0x00007ff9f0f6b000 	C:\WINDOWS\System32\sechost.dll
0x00007ff9f2c70000 - 0x00007ff9f2d9b000 	C:\WINDOWS\System32\RPCRT4.dll
0x00007ff9f1370000 - 0x00007ff9f1510000 	C:\WINDOWS\System32\USER32.dll
0x00007ff9f09c0000 - 0x00007ff9f09e2000 	C:\WINDOWS\System32\win32u.dll
0x00007ff9f2c40000 - 0x00007ff9f2c6a000 	C:\WINDOWS\System32\GDI32.dll
0x00007ff9f09f0000 - 0x00007ff9f0afb000 	C:\WINDOWS\System32\gdi32full.dll
0x00007ff9f05b0000 - 0x00007ff9f064d000 	C:\WINDOWS\System32\msvcp_win.dll
0x00007ff9f0810000 - 0x00007ff9f0910000 	C:\WINDOWS\System32\ucrtbase.dll
0x00007ff9e04f0000 - 0x00007ff9e078a000 	C:\WINDOWS\WinSxS\amd64_microsoft.windows.common-controls_6595b64144ccf1df_6.0.19041.844_none_ca00b6081b84eb1d\COMCTL32.dll
0x00007ff9f2740000 - 0x00007ff9f2770000 	C:\WINDOWS\System32\IMM32.DLL
0x000000006a790000 - 0x000000006a862000 	C:\Program Files\Java\jdk1.8.0_211\jre\bin\msvcr100.dll
0x0000000066740000 - 0x0000000066fe5000 	C:\Program Files\Java\jdk1.8.0_211\jre\bin\server\jvm.dll
0x00007ff9f10c0000 - 0x00007ff9f10c8000 	C:\WINDOWS\System32\PSAPI.DLL
0x00007ff9df520000 - 0x00007ff9df547000 	C:\WINDOWS\SYSTEM32\WINMM.dll
0x00007ff9dde70000 - 0x00007ff9dde79000 	C:\WINDOWS\SYSTEM32\WSOCK32.dll
0x00007ff9f0fd0000 - 0x00007ff9f103b000 	C:\WINDOWS\System32\WS2_32.dll
0x00007ff9ed1d0000 - 0x00007ff9ed1da000 	C:\WINDOWS\SYSTEM32\VERSION.dll
0x00007ff9ed260000 - 0x00007ff9ed26f000 	C:\Program Files\Java\jdk1.8.0_211\jre\bin\verify.dll
0x00007ff9ed230000 - 0x00007ff9ed259000 	C:\Program Files\Java\jdk1.8.0_211\jre\bin\java.dll
0x00007ff9ecf40000 - 0x00007ff9ecf63000 	C:\Program Files\Java\jdk1.8.0_211\jre\bin\instrument.dll
0x00007ff9ed210000 - 0x00007ff9ed226000 	C:\Program Files\Java\jdk1.8.0_211\jre\bin\zip.dll
0x00007ff9f16d0000 - 0x00007ff9f1e12000 	C:\WINDOWS\System32\SHELL32.dll
0x00007ff9ed8f0000 - 0x00007ff9ee080000 	C:\WINDOWS\SYSTEM32\windows.storage.dll
0x00007ff9f21f0000 - 0x00007ff9f2545000 	C:\WINDOWS\System32\combase.dll
0x00007ff9f0020000 - 0x00007ff9f004c000 	C:\WINDOWS\SYSTEM32\Wldp.dll
0x00007ff9f2550000 - 0x00007ff9f25fe000 	C:\WINDOWS\System32\SHCORE.dll
0x00007ff9f2be0000 - 0x00007ff9f2c35000 	C:\WINDOWS\System32\shlwapi.dll
0x00007ff9f04f0000 - 0x00007ff9f050f000 	C:\WINDOWS\SYSTEM32\profapi.dll
0x00007ff9de5a0000 - 0x00007ff9de5ba000 	C:\Program Files\JetBrains\IntelliJ IDEA Community Edition 2019.3\bin\breakgen64.dll
0x00007ff9d8600000 - 0x00007ff9d861a000 	C:\Program Files\Java\jdk1.8.0_211\jre\bin\net.dll
0x00007ff9ded80000 - 0x00007ff9def6e000 	C:\WINDOWS\SYSTEM32\urlmon.dll
0x00007ff9dbdb0000 - 0x00007ff9dc060000 	C:\WINDOWS\SYSTEM32\iertutil.dll
0x00007ff9efd90000 - 0x00007ff9efdfa000 	C:\WINDOWS\system32\mswsock.dll
0x00007ff9ed170000 - 0x00007ff9ed17d000 	C:\Program Files\Java\jdk1.8.0_211\jre\bin\management.dll
0x00007ff9d85e0000 - 0x00007ff9d85f2000 	C:\Program Files\Java\jdk1.8.0_211\jre\bin\nio.dll
0x00007ff9eff70000 - 0x00007ff9eff88000 	C:\WINDOWS\SYSTEM32\CRYPTSP.dll
0x00007ff9ef6c0000 - 0x00007ff9ef6f4000 	C:\WINDOWS\system32\rsaenh.dll
0x00007ff9f0ea0000 - 0x00007ff9f0ec7000 	C:\WINDOWS\System32\bcrypt.dll
0x00007ff9f04b0000 - 0x00007ff9f04de000 	C:\WINDOWS\SYSTEM32\USERENV.dll
0x00007ff9f0b00000 - 0x00007ff9f0b80000 	C:\WINDOWS\System32\bcryptprimitives.dll
0x00007ff9eff60000 - 0x00007ff9eff6c000 	C:\WINDOWS\SYSTEM32\CRYPTBASE.dll
0x00007ff9efa30000 - 0x00007ff9efa6b000 	C:\WINDOWS\SYSTEM32\IPHLPAPI.DLL
0x00007ff9f16c0000 - 0x00007ff9f16c8000 	C:\WINDOWS\System32\NSI.dll
0x00007ff9e64f0000 - 0x00007ff9e6507000 	C:\WINDOWS\SYSTEM32\dhcpcsvc6.DLL
0x00007ff9e63b0000 - 0x00007ff9e63cd000 	C:\WINDOWS\SYSTEM32\dhcpcsvc.DLL
0x00007ff9efa80000 - 0x00007ff9efb4c000 	C:\WINDOWS\SYSTEM32\DNSAPI.dll
0x00007ff9d62f0000 - 0x00007ff9d631b000 	C:\Users\Usuario\AppData\Local\Temp\morena64W2_35.dll
0x00007ff9f10d0000 - 0x00007ff9f11fa000 	C:\WINDOWS\System32\ole32.dll
0x00007ff9f1200000 - 0x00007ff9f12cd000 	C:\WINDOWS\System32\OLEAUT32.dll
0x00007ff9eeed0000 - 0x00007ff9eeee2000 	C:\WINDOWS\SYSTEM32\kernel.appcore.dll
0x00007ff9f2000000 - 0x00007ff9f20a9000 	C:\WINDOWS\System32\clbcatq.dll
0x00007ff98dd20000 - 0x00007ff98dd73000 	C:\Windows\System32\sti.dll
0x00007ff9cce00000 - 0x00007ff9cce0a000 	C:\WINDOWS\SYSTEM32\wiatrace.dll
0x00007ff973fa0000 - 0x00007ff974139000 	C:\Program Files\Java\jdk1.8.0_211\jre\bin\awt.dll
0x00007ff9eccb0000 - 0x00007ff9ecd40000 	C:\WINDOWS\SYSTEM32\apphelp.dll
0x00007ff9ecdd0000 - 0x00007ff9ece6e000 	C:\WINDOWS\system32\uxtheme.dll
0x00007ff9f20b0000 - 0x00007ff9f21c5000 	C:\WINDOWS\System32\MSCTF.dll
0x00007ff95a4c0000 - 0x00007ff95a55c000 	C:\Users\Usuario\.morena\twain64_6040012.dll
0x00007ff9ed0f0000 - 0x00007ff9ed0fc000 	C:\WINDOWS\system32\SaImgFl8.dll
0x00007ff9cb820000 - 0x00007ff9cb9cb000 	C:\WINDOWS\WinSxS\amd64_microsoft.windows.gdiplus_6595b64144ccf1df_1.1.19041.928_none_faefac437613c6cc\gdiplus.dll
0x00007ff9e7aa0000 - 0x00007ff9e7c54000 	C:\WINDOWS\SYSTEM32\WindowsCodecs.dll
0x00007ff9ee9e0000 - 0x00007ff9eebc4000 	C:\WINDOWS\SYSTEM32\dbghelp.dll

VM Arguments:
jvm_args: -javaagent:C:\Program Files\JetBrains\IntelliJ IDEA Community Edition 2019.3\lib\idea_rt.jar=2204:C:\Program Files\JetBrains\IntelliJ IDEA Community Edition 2019.3\bin -Dfile.encoding=UTF-8 
java_command: com.precodata.imageUtils.Scanner.Start
java_class_path (initial): C:\Program Files\Java\jdk1.8.0_211\jre\lib\charsets.jar;C:\Program Files\Java\jdk1.8.0_211\jre\lib\deploy.jar;C:\Program Files\Java\jdk1.8.0_211\jre\lib\ext\access-bridge-64.jar;C:\Program Files\Java\jdk1.8.0_211\jre\lib\ext\cldrdata.jar;C:\Program Files\Java\jdk1.8.0_211\jre\lib\ext\dnsns.jar;C:\Program Files\Java\jdk1.8.0_211\jre\lib\ext\jaccess.jar;C:\Program Files\Java\jdk1.8.0_211\jre\lib\ext\jfxrt.jar;C:\Program Files\Java\jdk1.8.0_211\jre\lib\ext\localedata.jar;C:\Program Files\Java\jdk1.8.0_211\jre\lib\ext\nashorn.jar;C:\Program Files\Java\jdk1.8.0_211\jre\lib\ext\sunec.jar;C:\Program Files\Java\jdk1.8.0_211\jre\lib\ext\sunjce_provider.jar;C:\Program Files\Java\jdk1.8.0_211\jre\lib\ext\sunmscapi.jar;C:\Program Files\Java\jdk1.8.0_211\jre\lib\ext\sunpkcs11.jar;C:\Program Files\Java\jdk1.8.0_211\jre\lib\ext\zipfs.jar;C:\Program Files\Java\jdk1.8.0_211\jre\lib\javaws.jar;C:\Program Files\Java\jdk1.8.0_211\jre\lib\jce.jar;C:\Program Files\Java\jdk1.8.0_211\jre\lib\jfr.jar;C:\Program Files\Java\jdk1.8.0_211\jre\lib\jfxswt.jar;C:\Program Files\Java\jdk1.8.0_211\jre\lib\jsse.jar;C:\Program Files\Java\jdk1.8.0_211\jre\lib\management-agent.jar;C:\Program Files\Java\jdk1.8.0_211\jre\lib\plugin.jar;C:\Program Files\Java\jdk1.8.0_211\jre\lib\resources.jar;C:\Program Files\Java\jdk1.8.0_211\jre\lib\rt.jar;C:\Models\preco-scanner-driver\target\classes;C:\Models\preco-scanner-driver\lib\morena.jar;C:\Models\preco-scanner-driver\lib\morena7.jar;C:\Models\preco-scanner-driver\lib\morena7_win.jar;C:\Models\preco-scanner-driver\lib\morena_license.jar;C:\Models\preco-scanner-driver\lib\morena_windows.jar;C:\Models\preco-scanner-driver\lib\gson-2.8.6.jar;C:\Models\preco-scanner-driver\lib\spark-core-2.9.3.jar;C:\Models\preco-scanner-driver\lib\slf4j-api-1.7.25.jar;C:\Models\preco-scanner-driver\lib\jetty-server-9.4.31.v20200723.jar;C:\Models\preco-scanner-driver\lib\javax.servlet-api-3.1.0.jar;C:\Models\preco-scanner-driver\lib\jetty-http-9.4.31.v202
Launcher Type: SUN_STANDARD

Environment Variables:
JAVA_HOME=C:\Program Files\Java\jdk1.8.0_211
CLASSPATH=C:\Program Files (x86)\GeneXus\GeneXus15\gxjava\drivers
USERNAME=Usuario
OS=Windows_NT
PROCESSOR_IDENTIFIER=Intel64 Family 6 Model 158 Stepping 9, GenuineIntel



---------------  S Y S T E M  ---------------

OS: Windows 10.0 , 64 bit Build 19041 (10.0.19041.928)

CPU:total 8 (initial active 8) (4 cores per cpu, 2 threads per core) family 6 model 158 stepping 9, cmov, cx8, fxsr, mmx, sse, sse2, sse3, ssse3, sse4.1, sse4.2, popcnt, avx, avx2, aes, clmul, erms, 3dnowpref, lzcnt, ht, tsc, tscinvbit, bmi1, bmi2, adx

Memory: 4k page, physical 16659176k(3047660k free), swap 37606120k(9402584k free)

vm_info: Java HotSpot(TM) 64-Bit Server VM (25.211-b12) for windows-amd64 JRE (1.8.0_211-b12), built on Apr  1 2019 20:53:26 by "java_re" with MS VC++ 10.0 (VS2010)

time: Thu Jun 10 01:49:31 2021
timezone: Hora estándar de Montevideo
elapsed time: 40 seconds (0d 0h 0m 40s)

