#
# A fatal error has been detected by the Java Runtime Environment:
#
#  EXCEPTION_ACCESS_VIOLATION (0xc0000005) at pc=0x00000000669bf270, pid=126804, tid=0x0000000000022788
#
# JRE version: Java(TM) SE Runtime Environment (8.0_211-b12) (build 1.8.0_211-b12)
# Java VM: Java HotSpot(TM) 64-Bit Server VM (25.211-b12 mixed mode windows-amd64 compressed oops)
# Problematic frame:
# V  [jvm.dll+0x27f270]
#
# Failed to write core dump. Minidumps are not enabled by default on client versions of Windows
#
# If you would like to submit a bug report, please visit:
#   http://bugreport.java.com/bugreport/crash.jsp
#

---------------  T H R E A D  ---------------

Current thread (0x000000001fa5a800):  JavaThread "Thread-19" [_thread_in_vm, id=141192, stack(0x0000000000bf0000,0x0000000000cf0000)]

siginfo: ExceptionCode=0xc0000005, reading address 0x0000000000000030

Registers:
RAX=0x0000000000000000, RBX=0x000000001fa5a800, RCX=0x0000000000000030, RDX=0x0000000000000030
RSP=0x0000000000cee678, RBP=0x0000000000cef1e0, RSI=0x0000000000000030, RDI=0x0000000000cee6e8
R8 =0x000000001fa5a800, R9 =0x000000001f891450, R10=0x0000000020cb0828, R11=0x0000000000cee6d0
R12=0x0000000000000000, R13=0x0000000020cbbcf8, R14=0x0000000000cef230, R15=0x000000001fa5a800
RIP=0x00000000669bf270, EFLAGS=0x0000000000010206

Top of Stack: (sp=0x0000000000cee678)
0x0000000000cee678:   00000000667af3f3 000000001fa5a800
0x0000000000cee688:   0000000000000000 000000001fa5a9f8
0x0000000000cee698:   0000000066881905 000000001fa5a9f8
0x0000000000cee6a8:   00000000667af4d9 0000000000cef1e0
0x0000000000cee6b8:   00007ff90000000e 000000001fa5a800
0x0000000000cee6c8:   0000000000000030 000000001fa5a800
0x0000000000cee6d8:   00000000668817c4 0000000020cbbd00
0x0000000000cee6e8:   0000000000cef1e0 00007ff9d625bea8
0x0000000000cee6f8:   0000000020cbbd00 000000001fa5a800
0x0000000000cee708:   0000000000000000 0000000000cee890
0x0000000000cee718:   00007ff9d62453d1 0000000000cee890
0x0000000000cee728:   00007ff9d6244d16 000000001e5fd6b8
0x0000000000cee738:   0000000020cbbd00 00007ff9d625bea8
0x0000000000cee748:   0000000000000000 0000000000cef1e0
0x0000000000cee758:   00007ff9d6248473 000000001fa5a9f8
0x0000000000cee768:   0000000000000030 0000000000000006 

Instructions: (pc=0x00000000669bf270)
0x00000000669bf250:   41 0f b6 14 08 80 e2 c0 80 fa 80 75 02 ff c8 49
0x00000000669bf260:   ff c0 4d 3b c1 7c e9 f3 c3 cc cc cc cc cc cc cc
0x00000000669bf270:   0f b6 11 33 c0 84 d2 74 1c 0f 1f 80 00 00 00 00
0x00000000669bf280:   80 e2 c0 80 fa 80 74 02 ff c0 0f b6 51 01 48 ff 


Register to memory mapping:

RAX=0x0000000000000000 is an unknown value
RBX=0x000000001fa5a800 is a thread
RCX=0x0000000000000030 is an unknown value
RDX=0x0000000000000030 is an unknown value
RSP=0x0000000000cee678 is pointing into the stack for thread: 0x000000001fa5a800
RBP=0x0000000000cef1e0 is pointing into the stack for thread: 0x000000001fa5a800
RSI=0x0000000000000030 is an unknown value
RDI=0x0000000000cee6e8 is pointing into the stack for thread: 0x000000001fa5a800
R8 =0x000000001fa5a800 is a thread
R9 =0x000000001f891450 is an unknown value
R10={method} {0x0000000020cb0830} 'trace' '(Ljava/lang/String;)V' in 'eu/gnome/morena/Manager'
R11=0x0000000000cee6d0 is pointing into the stack for thread: 0x000000001fa5a800
R12=0x0000000000000000 is an unknown value
R13=0x0000000020cbbcf8 is pointing into metadata
R14=0x0000000000cef230 is pointing into the stack for thread: 0x000000001fa5a800
R15=0x000000001fa5a800 is a thread


Stack: [0x0000000000bf0000,0x0000000000cf0000],  sp=0x0000000000cee678,  free space=1017k
Native frames: (J=compiled Java code, j=interpreted, Vv=VM code, C=native code)
V  [jvm.dll+0x27f270]

Java frames: (J=compiled Java code, j=interpreted, Vv=VM code)
j  eu.gnome.morena.wia.WIAScanner._transfer(JZIZ[I)V+0
j  eu.gnome.morena.wia.WIAScanner.transfer()V+74
j  eu.gnome.morena.wia.WIAScanner.run()V+1
j  java.lang.Thread.run()V+11
v  ~StubRoutines::call_stub

---------------  P R O C E S S  ---------------

Java Threads: ( => current thread )
  0x000000001fa5b000 JavaThread "qtp503788068-53" [_thread_blocked, id=141244, stack(0x0000000020fd0000,0x00000000210d0000)]
=>0x000000001fa5a800 JavaThread "Thread-19" [_thread_in_vm, id=141192, stack(0x0000000000bf0000,0x0000000000cf0000)]
  0x000000001fa5f000 JavaThread "AWT-Windows" daemon [_thread_in_native, id=139140, stack(0x0000000021770000,0x0000000021870000)]
  0x000000001fa5d800 JavaThread "Java2D Disposer" daemon [_thread_blocked, id=138392, stack(0x0000000021570000,0x0000000021670000)]
  0x000000001fa59000 JavaThread "Connector-Scheduler-567f3231-1" [_thread_blocked, id=9380, stack(0x0000000020cd0000,0x0000000020dd0000)]
  0x000000001fa5c800 JavaThread "Session-HouseKeeper-68442b56-1" [_thread_blocked, id=17348, stack(0x0000000020690000,0x0000000020790000)]
  0x000000001fa59800 JavaThread "qtp503788068-21" [_thread_blocked, id=117076, stack(0x0000000020590000,0x0000000020690000)]
  0x000000001f8a9000 JavaThread "qtp503788068-20" [_thread_in_native, id=123636, stack(0x0000000020490000,0x0000000020590000)]
  0x000000001f8a4800 JavaThread "qtp503788068-19" [_thread_in_native, id=135124, stack(0x0000000020290000,0x0000000020390000)]
  0x000000001f9d3800 JavaThread "qtp503788068-18-acceptor-0@8feed96-ServerConnector@567f3231{HTTP/1.1, (http/1.1)}{127.0.0.1:1235}" [_thread_in_native, id=94476, stack(0x0000000020190000,0x0000000020290000)]
  0x000000001f9d2800 JavaThread "qtp503788068-17" [_thread_in_native, id=133464, stack(0x0000000020090000,0x0000000020190000)]
  0x000000001f9d2000 JavaThread "qtp503788068-16" [_thread_blocked, id=46616, stack(0x000000001ff90000,0x0000000020090000)]
  0x000000001f9d1000 JavaThread "qtp503788068-15" [_thread_in_native, id=135832, stack(0x000000001fe90000,0x000000001ff90000)]
  0x000000001f9d0800 JavaThread "qtp503788068-14" [_thread_blocked, id=136836, stack(0x000000001fd90000,0x000000001fe90000)]
  0x0000000002b84800 JavaThread "DestroyJavaVM" [_thread_blocked, id=136232, stack(0x0000000002870000,0x0000000002970000)]
  0x000000001f5d5000 JavaThread "Thread-0" [_thread_blocked, id=135328, stack(0x000000001fc90000,0x000000001fd90000)]
  0x000000001e622800 JavaThread "Service Thread" daemon [_thread_blocked, id=125836, stack(0x000000001f290000,0x000000001f390000)]
  0x000000001e674800 JavaThread "C1 CompilerThread3" daemon [_thread_blocked, id=104624, stack(0x000000001f190000,0x000000001f290000)]
  0x000000001e66a000 JavaThread "C2 CompilerThread2" daemon [_thread_blocked, id=135172, stack(0x000000001f090000,0x000000001f190000)]
  0x000000001e664000 JavaThread "C2 CompilerThread1" daemon [_thread_blocked, id=121768, stack(0x000000001ef90000,0x000000001f090000)]
  0x000000001e663800 JavaThread "C2 CompilerThread0" daemon [_thread_blocked, id=130080, stack(0x000000001ee90000,0x000000001ef90000)]
  0x000000001e621000 JavaThread "Monitor Ctrl-Break" daemon [_thread_in_native, id=133684, stack(0x000000001ed90000,0x000000001ee90000)]
  0x000000001e4a5000 JavaThread "Attach Listener" daemon [_thread_blocked, id=123096, stack(0x000000001ec90000,0x000000001ed90000)]
  0x000000001e4a2800 JavaThread "Signal Dispatcher" daemon [_thread_blocked, id=81828, stack(0x000000001eb90000,0x000000001ec90000)]
  0x0000000002c7a800 JavaThread "Finalizer" daemon [_thread_blocked, id=139000, stack(0x000000001e970000,0x000000001ea70000)]
  0x000000001e490800 JavaThread "Reference Handler" daemon [_thread_blocked, id=137636, stack(0x000000001e870000,0x000000001e970000)]

Other Threads:
  0x000000001c699800 VMThread [stack: 0x000000001e370000,0x000000001e470000] [id=116580]
  0x000000001e76a000 WatcherThread [stack: 0x000000001f390000,0x000000001f490000] [id=134284]

VM state:not at safepoint (normal execution)

VM Mutex/Monitor currently owned by a thread: None

heap address: 0x00000006c1c00000, size: 4068 MB, Compressed Oops mode: Zero based, Oop shift amount: 3
Narrow klass base: 0x0000000000000000, Narrow klass shift: 3
Compressed class space size: 1073741824 Address: 0x00000007c0000000

Heap:
 PSYoungGen      total 76288K, used 43074K [0x000000076b400000, 0x0000000770900000, 0x00000007c0000000)
  eden space 65536K, 60% used [0x000000076b400000,0x000000076dab6a18,0x000000076f400000)
  from space 10752K, 31% used [0x000000076fe80000,0x00000007701d9df0,0x0000000770900000)
  to   space 10752K, 0% used [0x000000076f400000,0x000000076f400000,0x000000076fe80000)
 ParOldGen       total 175104K, used 26266K [0x00000006c1c00000, 0x00000006cc700000, 0x000000076b400000)
  object space 175104K, 15% used [0x00000006c1c00000,0x00000006c35a6b20,0x00000006cc700000)
 Metaspace       used 14453K, capacity 14772K, committed 15104K, reserved 1062912K
  class space    used 1642K, capacity 1738K, committed 1792K, reserved 1048576K

Card table byte_map: [0x0000000012040000,0x0000000012840000] byte_map_base: 0x000000000ea32000

Marking Bits: (ParMarkBitMap*) 0x0000000066f65ce0
 Begin Bits: [0x0000000013590000, 0x0000000017520000)
 End Bits:   [0x0000000017520000, 0x000000001b4b0000)

Polling page: 0x00000000027d0000

CodeCache: size=245760Kb used=3843Kb max_used=4037Kb free=241916Kb
 bounds [0x0000000002c80000, 0x0000000003080000, 0x0000000011c80000]
 total_blobs=1544 nmethods=1077 adapters=380
 compilation: enabled

Compilation events (10 events):
Event: 1585.942 Thread 0x000000001e674800 1153       3       java.nio.Buffer::checkBounds (25 bytes)
Event: 1585.942 Thread 0x000000001e674800 nmethod 1153 0x0000000002e2a950 code [0x0000000002e2aac0, 0x0000000002e2ad08]
Event: 1585.942 Thread 0x000000001e674800 1154       1       java.nio.channels.spi.AbstractSelector::cancelledKeys (5 bytes)
Event: 1585.942 Thread 0x000000001e674800 nmethod 1154 0x0000000002f75310 code [0x0000000002f75460, 0x0000000002f75570]
Event: 1585.943 Thread 0x000000001e674800 1155       3       java.util.concurrent.SynchronousQueue$TransferStack::shouldSpin (30 bytes)
Event: 1585.943 Thread 0x000000001e674800 nmethod 1155 0x0000000002f9be10 code [0x0000000002f9bf80, 0x0000000002f9c270]
Event: 1585.943 Thread 0x000000001e674800 1156       3       org.eclipse.jetty.io.ManagedSelector::access$1300 (4 bytes)
Event: 1585.943 Thread 0x000000001e674800 nmethod 1156 0x0000000002d92090 code [0x0000000002d921e0, 0x0000000002d92310]
Event: 1585.943 Thread 0x000000001e674800 1157       1       org.eclipse.jetty.io.ManagedSelector::access$1200 (5 bytes)
Event: 1585.943 Thread 0x000000001e674800 nmethod 1157 0x0000000002f79ed0 code [0x0000000002f7a020, 0x0000000002f7a110]

GC Heap History (4 events):
Event: 13.837 GC heap before
{Heap before GC invocations=1 (full 0):
 PSYoungGen      total 76288K, used 65536K [0x000000076b400000, 0x0000000770900000, 0x00000007c0000000)
  eden space 65536K, 100% used [0x000000076b400000,0x000000076f400000,0x000000076f400000)
  from space 10752K, 0% used [0x000000076fe80000,0x000000076fe80000,0x0000000770900000)
  to   space 10752K, 0% used [0x000000076f400000,0x000000076f400000,0x000000076fe80000)
 ParOldGen       total 175104K, used 0K [0x00000006c1c00000, 0x00000006cc700000, 0x000000076b400000)
  object space 175104K, 0% used [0x00000006c1c00000,0x00000006c1c00000,0x00000006cc700000)
 Metaspace       used 14169K, capacity 14532K, committed 14848K, reserved 1062912K
  class space    used 1604K, capacity 1728K, committed 1792K, reserved 1048576K
Event: 13.847 GC heap after
Heap after GC invocations=1 (full 0):
 PSYoungGen      total 76288K, used 7019K [0x000000076b400000, 0x0000000770900000, 0x00000007c0000000)
  eden space 65536K, 0% used [0x000000076b400000,0x000000076b400000,0x000000076f400000)
  from space 10752K, 65% used [0x000000076f400000,0x000000076fadadb8,0x000000076fe80000)
  to   space 10752K, 0% used [0x000000076fe80000,0x000000076fe80000,0x0000000770900000)
 ParOldGen       total 175104K, used 26258K [0x00000006c1c00000, 0x00000006cc700000, 0x000000076b400000)
  object space 175104K, 14% used [0x00000006c1c00000,0x00000006c35a4b20,0x00000006cc700000)
 Metaspace       used 14169K, capacity 14532K, committed 14848K, reserved 1062912K
  class space    used 1604K, capacity 1728K, committed 1792K, reserved 1048576K
}
Event: 1578.970 GC heap before
{Heap before GC invocations=2 (full 0):
 PSYoungGen      total 76288K, used 71090K [0x000000076b400000, 0x0000000770900000, 0x00000007c0000000)
  eden space 65536K, 97% used [0x000000076b400000,0x000000076f291ce8,0x000000076f400000)
  from space 10752K, 65% used [0x000000076f400000,0x000000076fadadb8,0x000000076fe80000)
  to   space 10752K, 0% used [0x000000076fe80000,0x000000076fe80000,0x0000000770900000)
 ParOldGen       total 175104K, used 26258K [0x00000006c1c00000, 0x00000006cc700000, 0x000000076b400000)
  object space 175104K, 14% used [0x00000006c1c00000,0x00000006c35a4b20,0x00000006cc700000)
 Metaspace       used 14377K, capacity 14702K, committed 14848K, reserved 1062912K
  class space    used 1637K, capacity 1737K, committed 1792K, reserved 1048576K
Event: 1578.974 GC heap after
Heap after GC invocations=2 (full 0):
 PSYoungGen      total 76288K, used 3431K [0x000000076b400000, 0x0000000770900000, 0x00000007c0000000)
  eden space 65536K, 0% used [0x000000076b400000,0x000000076b400000,0x000000076f400000)
  from space 10752K, 31% used [0x000000076fe80000,0x00000007701d9df0,0x0000000770900000)
  to   space 10752K, 0% used [0x000000076f400000,0x000000076f400000,0x000000076fe80000)
 ParOldGen       total 175104K, used 26266K [0x00000006c1c00000, 0x00000006cc700000, 0x000000076b400000)
  object space 175104K, 15% used [0x00000006c1c00000,0x00000006c35a6b20,0x00000006cc700000)
 Metaspace       used 14377K, capacity 14702K, committed 14848K, reserved 1062912K
  class space    used 1637K, capacity 1737K, committed 1792K, reserved 1048576K
}

Deoptimization events (8 events):
Event: 0.503 Thread 0x000000001f5d5000 Uncommon trap: reason=unstable_if action=reinterpret pc=0x0000000002e2959c method=java.lang.String.indexOf([CII[CIII)I @ 3
Event: 0.516 Thread 0x000000001f5d5000 Uncommon trap: reason=null_check action=make_not_entrant pc=0x0000000002e1eed4 method=java.lang.String.equals(Ljava/lang/Object;)Z @ 8
Event: 5.890 Thread 0x000000001fa59800 Uncommon trap: reason=unstable_if action=reinterpret pc=0x0000000002f32fb8 method=java.lang.String.indexOf([CII[CIII)I @ 27
Event: 5.953 Thread 0x000000001fa59800 Uncommon trap: reason=unstable_if action=reinterpret pc=0x0000000002e20338 method=java.lang.String.startsWith(Ljava/lang/String;I)Z @ 25
Event: 6.019 Thread 0x000000001fa59800 Uncommon trap: reason=unstable_if action=reinterpret pc=0x0000000002f8fad4 method=java.math.BigInteger.addOne([IIII)I @ 55
Event: 13.306 Thread 0x000000001fa59800 Uncommon trap: reason=range_check action=make_not_entrant pc=0x0000000002ff3410 method=sun.awt.image.ByteInterleavedRaster.getPixels(IIII[I)[I @ 219
Event: 1565.931 Thread 0x000000001fa5a800 Uncommon trap: reason=unstable_if action=reinterpret pc=0x00000000030328e8 method=sun.awt.image.ByteComponentRaster.verify()V @ 269
Event: 1580.997 Thread 0x000000001f9d1000 Uncommon trap: reason=unstable_if action=reinterpret pc=0x0000000003050bf8 method=com.sun.imageio.plugins.png.PNGImageWriter.encodePass(Ljavax/imageio/stream/ImageOutputStream;Ljava/awt/image/RenderedImage;IIII)V @ 303

Classes redefined (0 events):
No events

Internal exceptions (10 events):
Event: 0.181 Thread 0x0000000002b84800 Exception <a 'java/security/PrivilegedActionException'> (0x000000076b65c568) thrown at [C:\re\workspace\8-2-build-windows-amd64-cygwin\jdk8u211\12973\hotspot\src\share\vm\prims\jvm.cpp, line 1502]
Event: 0.182 Thread 0x0000000002b84800 Exception <a 'java/security/PrivilegedActionException'> (0x000000076b660478) thrown at [C:\re\workspace\8-2-build-windows-amd64-cygwin\jdk8u211\12973\hotspot\src\share\vm\prims\jvm.cpp, line 1502]
Event: 0.182 Thread 0x0000000002b84800 Exception <a 'java/security/PrivilegedActionException'> (0x000000076b660688) thrown at [C:\re\workspace\8-2-build-windows-amd64-cygwin\jdk8u211\12973\hotspot\src\share\vm\prims\jvm.cpp, line 1502]
Event: 0.182 Thread 0x0000000002b84800 Exception <a 'java/lang/NoClassDefFoundError': org/slf4j/impl/StaticLoggerBinder> (0x000000076b667f90) thrown at [C:\re\workspace\8-2-build-windows-amd64-cygwin\jdk8u211\12973\hotspot\src\share\vm\classfile\systemDictionary.cpp, line 199]
Event: 0.220 Thread 0x0000000002b84800 Exception <a 'java/lang/NoSuchFieldError': method resolution failed> (0x000000076ba4ee50) thrown at [C:\re\workspace\8-2-build-windows-amd64-cygwin\jdk8u211\12973\hotspot\src\share\vm\prims\methodHandles.cpp, line 1167]
Event: 0.222 Thread 0x0000000002b84800 Exception <a 'java/lang/NoSuchFieldError': method resolution failed> (0x000000076ba5ccf8) thrown at [C:\re\workspace\8-2-build-windows-amd64-cygwin\jdk8u211\12973\hotspot\src\share\vm\prims\methodHandles.cpp, line 1167]
Event: 0.516 Thread 0x000000001f5d5000 Implicit null exception at 0x0000000002e1ece6 to 0x0000000002e1eec5
Event: 6.542 Thread 0x000000001fa59800 Exception <a 'java/io/FileNotFoundException'> (0x000000076db32420) thrown at [C:\re\workspace\8-2-build-windows-amd64-cygwin\jdk8u211\12973\hotspot\src\share\vm\prims\jni.cpp, line 710]
Event: 6.599 Thread 0x000000001fa59800 Exception <a 'SK/gnome/twain/TwainException': No TWAIN Data Source installed> (0x000000076dbf8aa8) thrown at [C:\re\workspace\8-2-build-windows-amd64-cygwin\jdk8u211\12973\hotspot\src\share\vm\prims\jni.cpp, line 736]
Event: 1581.002 Thread 0x000000001f9d1000 Exception <a 'java/io/IOException'> (0x000000076d529598) thrown at [C:\re\workspace\8-2-build-windows-amd64-cygwin\jdk8u211\12973\hotspot\src\share\vm\prims\jni.cpp, line 710]

Events (10 events):
Event: 1585.940 Thread 0x000000001e674800 flushing nmethod 0x0000000002f8f890
Event: 1585.940 Thread 0x000000001e674800 flushing nmethod 0x0000000002f9be10
Event: 1585.942 Executing VM operation: RevokeBias
Event: 1585.942 Executing VM operation: RevokeBias done
Event: 1585.943 Executing VM operation: RevokeBias
Event: 1585.943 Executing VM operation: RevokeBias done
Event: 1585.943 Executing VM operation: RevokeBias
Event: 1585.943 Executing VM operation: RevokeBias done
Event: 1587.739 Thread 0x000000001fa58000 Thread added: 0x000000001fa58000
Event: 1587.739 Thread 0x000000001fa58000 Thread exited: 0x000000001fa58000


Dynamic libraries:
0x00007ff7d04c0000 - 0x00007ff7d04f7000 	C:\Program Files\Java\jdk1.8.0_211\bin\java.exe
0x00007ff9f2e70000 - 0x00007ff9f3065000 	C:\WINDOWS\SYSTEM32\ntdll.dll
0x00007ff9f1f30000 - 0x00007ff9f1fed000 	C:\WINDOWS\System32\KERNEL32.DLL
0x00007ff9f0b80000 - 0x00007ff9f0e48000 	C:\WINDOWS\System32\KERNELBASE.dll
0x00007ff9f1e20000 - 0x00007ff9f1ecc000 	C:\WINDOWS\System32\ADVAPI32.dll
0x00007ff9f12d0000 - 0x00007ff9f136e000 	C:\WINDOWS\System32\msvcrt.dll
0x00007ff9f0ed0000 - 0x00007ff9f0f6b000 	C:\WINDOWS\System32\sechost.dll
0x00007ff9f2c70000 - 0x00007ff9f2d9b000 	C:\WINDOWS\System32\RPCRT4.dll
0x00007ff9f1370000 - 0x00007ff9f1510000 	C:\WINDOWS\System32\USER32.dll
0x00007ff9f09c0000 - 0x00007ff9f09e2000 	C:\WINDOWS\System32\win32u.dll
0x00007ff9f2c40000 - 0x00007ff9f2c6a000 	C:\WINDOWS\System32\GDI32.dll
0x00007ff9f09f0000 - 0x00007ff9f0afb000 	C:\WINDOWS\System32\gdi32full.dll
0x00007ff9f05b0000 - 0x00007ff9f064d000 	C:\WINDOWS\System32\msvcp_win.dll
0x00007ff9f0810000 - 0x00007ff9f0910000 	C:\WINDOWS\System32\ucrtbase.dll
0x00007ff9e04f0000 - 0x00007ff9e078a000 	C:\WINDOWS\WinSxS\amd64_microsoft.windows.common-controls_6595b64144ccf1df_6.0.19041.844_none_ca00b6081b84eb1d\COMCTL32.dll
0x00007ff9f2740000 - 0x00007ff9f2770000 	C:\WINDOWS\System32\IMM32.DLL
0x000000006a790000 - 0x000000006a862000 	C:\Program Files\Java\jdk1.8.0_211\jre\bin\msvcr100.dll
0x0000000066740000 - 0x0000000066fe5000 	C:\Program Files\Java\jdk1.8.0_211\jre\bin\server\jvm.dll
0x00007ff9f10c0000 - 0x00007ff9f10c8000 	C:\WINDOWS\System32\PSAPI.DLL
0x00007ff9ed1d0000 - 0x00007ff9ed1da000 	C:\WINDOWS\SYSTEM32\VERSION.dll
0x00007ff9df520000 - 0x00007ff9df547000 	C:\WINDOWS\SYSTEM32\WINMM.dll
0x00007ff9dde70000 - 0x00007ff9dde79000 	C:\WINDOWS\SYSTEM32\WSOCK32.dll
0x00007ff9f0fd0000 - 0x00007ff9f103b000 	C:\WINDOWS\System32\WS2_32.dll
0x00007ff9ed220000 - 0x00007ff9ed22f000 	C:\Program Files\Java\jdk1.8.0_211\jre\bin\verify.dll
0x00007ff9ecf60000 - 0x00007ff9ecf89000 	C:\Program Files\Java\jdk1.8.0_211\jre\bin\java.dll
0x00007ff9ecf30000 - 0x00007ff9ecf53000 	C:\Program Files\Java\jdk1.8.0_211\jre\bin\instrument.dll
0x00007ff9de5a0000 - 0x00007ff9de5b6000 	C:\Program Files\Java\jdk1.8.0_211\jre\bin\zip.dll
0x00007ff9f16d0000 - 0x00007ff9f1e12000 	C:\WINDOWS\System32\SHELL32.dll
0x00007ff9ed8f0000 - 0x00007ff9ee080000 	C:\WINDOWS\SYSTEM32\windows.storage.dll
0x00007ff9f21f0000 - 0x00007ff9f2545000 	C:\WINDOWS\System32\combase.dll
0x00007ff9f0020000 - 0x00007ff9f004c000 	C:\WINDOWS\SYSTEM32\Wldp.dll
0x00007ff9f2550000 - 0x00007ff9f25fe000 	C:\WINDOWS\System32\SHCORE.dll
0x00007ff9f2be0000 - 0x00007ff9f2c35000 	C:\WINDOWS\System32\shlwapi.dll
0x00007ff9f04f0000 - 0x00007ff9f050f000 	C:\WINDOWS\SYSTEM32\profapi.dll
0x00007ff9d8600000 - 0x00007ff9d861a000 	C:\Program Files\JetBrains\IntelliJ IDEA Community Edition 2019.3\bin\breakgen64.dll
0x00007ff9d85e0000 - 0x00007ff9d85fa000 	C:\Program Files\Java\jdk1.8.0_211\jre\bin\net.dll
0x00007ff9ded80000 - 0x00007ff9def6e000 	C:\WINDOWS\SYSTEM32\urlmon.dll
0x00007ff9dbdb0000 - 0x00007ff9dc060000 	C:\WINDOWS\SYSTEM32\iertutil.dll
0x00007ff9efd90000 - 0x00007ff9efdfa000 	C:\WINDOWS\system32\mswsock.dll
0x00007ff9ed210000 - 0x00007ff9ed21d000 	C:\Program Files\Java\jdk1.8.0_211\jre\bin\management.dll
0x00007ff9d63a0000 - 0x00007ff9d63b2000 	C:\Program Files\Java\jdk1.8.0_211\jre\bin\nio.dll
0x00007ff9eff70000 - 0x00007ff9eff88000 	C:\WINDOWS\SYSTEM32\CRYPTSP.dll
0x00007ff9ef6c0000 - 0x00007ff9ef6f4000 	C:\WINDOWS\system32\rsaenh.dll
0x00007ff9f0ea0000 - 0x00007ff9f0ec7000 	C:\WINDOWS\System32\bcrypt.dll
0x00007ff9f04b0000 - 0x00007ff9f04de000 	C:\WINDOWS\SYSTEM32\USERENV.dll
0x00007ff9f0b00000 - 0x00007ff9f0b80000 	C:\WINDOWS\System32\bcryptprimitives.dll
0x00007ff9eff60000 - 0x00007ff9eff6c000 	C:\WINDOWS\SYSTEM32\CRYPTBASE.dll
0x00007ff9efa30000 - 0x00007ff9efa6b000 	C:\WINDOWS\SYSTEM32\IPHLPAPI.DLL
0x00007ff9f16c0000 - 0x00007ff9f16c8000 	C:\WINDOWS\System32\NSI.dll
0x00007ff9e64f0000 - 0x00007ff9e6507000 	C:\WINDOWS\SYSTEM32\dhcpcsvc6.DLL
0x00007ff9e63b0000 - 0x00007ff9e63cd000 	C:\WINDOWS\SYSTEM32\dhcpcsvc.DLL
0x00007ff9efa80000 - 0x00007ff9efb4c000 	C:\WINDOWS\SYSTEM32\DNSAPI.dll
0x00007ff9d6240000 - 0x00007ff9d626b000 	C:\Users\Usuario\AppData\Local\Temp\morena64W2_35.dll
0x00007ff9f10d0000 - 0x00007ff9f11fa000 	C:\WINDOWS\System32\ole32.dll
0x00007ff9f1200000 - 0x00007ff9f12cd000 	C:\WINDOWS\System32\OLEAUT32.dll
0x00007ff9eeed0000 - 0x00007ff9eeee2000 	C:\WINDOWS\SYSTEM32\kernel.appcore.dll
0x00007ff9f2000000 - 0x00007ff9f20a9000 	C:\WINDOWS\System32\clbcatq.dll
0x00007ff98dd20000 - 0x00007ff98dd73000 	C:\Windows\System32\sti.dll
0x00007ff9cce00000 - 0x00007ff9cce0a000 	C:\WINDOWS\SYSTEM32\wiatrace.dll
0x00007ff973fa0000 - 0x00007ff974139000 	C:\Program Files\Java\jdk1.8.0_211\jre\bin\awt.dll
0x00007ff9eccb0000 - 0x00007ff9ecd40000 	C:\WINDOWS\SYSTEM32\apphelp.dll
0x00007ff9ecdd0000 - 0x00007ff9ece6e000 	C:\WINDOWS\system32\uxtheme.dll
0x00007ff9f20b0000 - 0x00007ff9f21c5000 	C:\WINDOWS\System32\MSCTF.dll
0x00007ff99fa50000 - 0x00007ff99faec000 	C:\Users\Usuario\.morena\twain64_6040012.dll
0x00007ff9ed170000 - 0x00007ff9ed17c000 	C:\WINDOWS\system32\SaImgFl8.dll
0x00007ff9cb820000 - 0x00007ff9cb9cb000 	C:\WINDOWS\WinSxS\amd64_microsoft.windows.gdiplus_6595b64144ccf1df_1.1.19041.928_none_faefac437613c6cc\gdiplus.dll
0x00007ff9e7aa0000 - 0x00007ff9e7c54000 	C:\WINDOWS\SYSTEM32\WindowsCodecs.dll
0x00007ff9ee9e0000 - 0x00007ff9eebc4000 	C:\WINDOWS\SYSTEM32\dbghelp.dll

VM Arguments:
jvm_args: -javaagent:C:\Program Files\JetBrains\IntelliJ IDEA Community Edition 2019.3\lib\idea_rt.jar=1781:C:\Program Files\JetBrains\IntelliJ IDEA Community Edition 2019.3\bin -Dfile.encoding=UTF-8 
java_command: com.precodata.imageUtils.Scanner.Start
java_class_path (initial): C:\Program Files\Java\jdk1.8.0_211\jre\lib\charsets.jar;C:\Program Files\Java\jdk1.8.0_211\jre\lib\deploy.jar;C:\Program Files\Java\jdk1.8.0_211\jre\lib\ext\access-bridge-64.jar;C:\Program Files\Java\jdk1.8.0_211\jre\lib\ext\cldrdata.jar;C:\Program Files\Java\jdk1.8.0_211\jre\lib\ext\dnsns.jar;C:\Program Files\Java\jdk1.8.0_211\jre\lib\ext\jaccess.jar;C:\Program Files\Java\jdk1.8.0_211\jre\lib\ext\jfxrt.jar;C:\Program Files\Java\jdk1.8.0_211\jre\lib\ext\localedata.jar;C:\Program Files\Java\jdk1.8.0_211\jre\lib\ext\nashorn.jar;C:\Program Files\Java\jdk1.8.0_211\jre\lib\ext\sunec.jar;C:\Program Files\Java\jdk1.8.0_211\jre\lib\ext\sunjce_provider.jar;C:\Program Files\Java\jdk1.8.0_211\jre\lib\ext\sunmscapi.jar;C:\Program Files\Java\jdk1.8.0_211\jre\lib\ext\sunpkcs11.jar;C:\Program Files\Java\jdk1.8.0_211\jre\lib\ext\zipfs.jar;C:\Program Files\Java\jdk1.8.0_211\jre\lib\javaws.jar;C:\Program Files\Java\jdk1.8.0_211\jre\lib\jce.jar;C:\Program Files\Java\jdk1.8.0_211\jre\lib\jfr.jar;C:\Program Files\Java\jdk1.8.0_211\jre\lib\jfxswt.jar;C:\Program Files\Java\jdk1.8.0_211\jre\lib\jsse.jar;C:\Program Files\Java\jdk1.8.0_211\jre\lib\management-agent.jar;C:\Program Files\Java\jdk1.8.0_211\jre\lib\plugin.jar;C:\Program Files\Java\jdk1.8.0_211\jre\lib\resources.jar;C:\Program Files\Java\jdk1.8.0_211\jre\lib\rt.jar;C:\Models\preco-scanner-driver\target\classes;C:\Models\preco-scanner-driver\lib\morena.jar;C:\Models\preco-scanner-driver\lib\morena7.jar;C:\Models\preco-scanner-driver\lib\morena7_win.jar;C:\Models\preco-scanner-driver\lib\morena_license.jar;C:\Models\preco-scanner-driver\lib\morena_windows.jar;C:\Models\preco-scanner-driver\lib\gson-2.8.6.jar;C:\Models\preco-scanner-driver\lib\spark-core-2.9.3.jar;C:\Models\preco-scanner-driver\lib\slf4j-api-1.7.25.jar;C:\Models\preco-scanner-driver\lib\jetty-server-9.4.31.v20200723.jar;C:\Models\preco-scanner-driver\lib\javax.servlet-api-3.1.0.jar;C:\Models\preco-scanner-driver\lib\jetty-http-9.4.31.v202
Launcher Type: SUN_STANDARD

Environment Variables:
JAVA_HOME=C:\Program Files\Java\jdk1.8.0_211
CLASSPATH=C:\Program Files (x86)\GeneXus\GeneXus15\gxjava\drivers
USERNAME=Usuario
OS=Windows_NT
PROCESSOR_IDENTIFIER=Intel64 Family 6 Model 158 Stepping 9, GenuineIntel



---------------  S Y S T E M  ---------------

OS: Windows 10.0 , 64 bit Build 19041 (10.0.19041.928)

CPU:total 8 (initial active 8) (4 cores per cpu, 2 threads per core) family 6 model 158 stepping 9, cmov, cx8, fxsr, mmx, sse, sse2, sse3, ssse3, sse4.1, sse4.2, popcnt, avx, avx2, aes, clmul, erms, 3dnowpref, lzcnt, ht, tsc, tscinvbit, bmi1, bmi2, adx

Memory: 4k page, physical 16659176k(2630380k free), swap 37606120k(9061520k free)

vm_info: Java HotSpot(TM) 64-Bit Server VM (25.211-b12) for windows-amd64 JRE (1.8.0_211-b12), built on Apr  1 2019 20:53:26 by "java_re" with MS VC++ 10.0 (VS2010)

time: Thu Jun 10 01:17:09 2021
timezone: Hora estándar de Montevideo
elapsed time: 1592 seconds (0d 0h 26m 32s)

