#
# A fatal error has been detected by the Java Runtime Environment:
#
#  EXCEPTION_ACCESS_VIOLATION (0xc0000005) at pc=0x00000000669bf270, pid=136640, tid=0x000000000001d540
#
# JRE version: Java(TM) SE Runtime Environment (8.0_211-b12) (build 1.8.0_211-b12)
# Java VM: Java HotSpot(TM) 64-Bit Server VM (25.211-b12 mixed mode windows-amd64 compressed oops)
# Problematic frame:
# V  [jvm.dll+0x27f270]
#
# Failed to write core dump. Minidumps are not enabled by default on client versions of Windows
#
# If you would like to submit a bug report, please visit:
#   http://bugreport.java.com/bugreport/crash.jsp
#

---------------  T H R E A D  ---------------

Current thread (0x000000001e8c0000):  JavaThread "Thread-30" [_thread_in_vm, id=120128, stack(0x0000000000ee0000,0x0000000000fe0000)]

siginfo: ExceptionCode=0xc0000005, reading address 0x0000000000000030

Registers:
RAX=0x0000000000000000, RBX=0x000000001e8c0000, RCX=0x0000000000000030, RDX=0x0000000000000030
RSP=0x0000000000fde3d8, RBP=0x0000000000fdef40, RSI=0x0000000000000030, RDI=0x0000000000fde448
R8 =0x000000001e8c0000, R9 =0x000000001f97e120, R10=0x0000000020e51390, R11=0x0000000000fde430
R12=0x0000000000000000, R13=0x0000000021058cd8, R14=0x0000000000fdef90, R15=0x000000001e8c0000
RIP=0x00000000669bf270, EFLAGS=0x0000000000010206

Top of Stack: (sp=0x0000000000fde3d8)
0x0000000000fde3d8:   00000000667af3f3 000000001e8c0000
0x0000000000fde3e8:   0000000000000000 000000001e8c01f8
0x0000000000fde3f8:   0000000066881905 000000001e8c01f8
0x0000000000fde408:   00000000667af4d9 0000000000fdef40
0x0000000000fde418:   00007ff90000000e 000000001e8c0000
0x0000000000fde428:   0000000000000030 000000001e8c0000
0x0000000000fde438:   00000000668817c4 0000000021058ce0
0x0000000000fde448:   0000000000fdef40 00007ff9d630bea8
0x0000000000fde458:   0000000021058ce0 000000001e8c0000
0x0000000000fde468:   0000000000000000 0000000000fde5f0
0x0000000000fde478:   00007ff9d62f53d1 0000000000fde5f0
0x0000000000fde488:   00007ff9d62f4d16 000000001e8639c8
0x0000000000fde498:   0000000021058ce0 00007ff9d630bea8
0x0000000000fde4a8:   0000000000000000 0000000000fdef40
0x0000000000fde4b8:   00007ff9d62f8473 000000001e8c01f8
0x0000000000fde4c8:   0000000000000030 0000000000000006 

Instructions: (pc=0x00000000669bf270)
0x00000000669bf250:   41 0f b6 14 08 80 e2 c0 80 fa 80 75 02 ff c8 49
0x00000000669bf260:   ff c0 4d 3b c1 7c e9 f3 c3 cc cc cc cc cc cc cc
0x00000000669bf270:   0f b6 11 33 c0 84 d2 74 1c 0f 1f 80 00 00 00 00
0x00000000669bf280:   80 e2 c0 80 fa 80 74 02 ff c0 0f b6 51 01 48 ff 


Register to memory mapping:

RAX=0x0000000000000000 is an unknown value
RBX=0x000000001e8c0000 is a thread
RCX=0x0000000000000030 is an unknown value
RDX=0x0000000000000030 is an unknown value
RSP=0x0000000000fde3d8 is pointing into the stack for thread: 0x000000001e8c0000
RBP=0x0000000000fdef40 is pointing into the stack for thread: 0x000000001e8c0000
RSI=0x0000000000000030 is an unknown value
RDI=0x0000000000fde448 is pointing into the stack for thread: 0x000000001e8c0000
R8 =0x000000001e8c0000 is a thread
R9 =0x000000001f97e120 is an unknown value
R10={method} {0x0000000020e51398} 'trace' '(Ljava/lang/String;)V' in 'eu/gnome/morena/Manager'
R11=0x0000000000fde430 is pointing into the stack for thread: 0x000000001e8c0000
R12=0x0000000000000000 is an unknown value
R13=0x0000000021058cd8 is pointing into metadata
R14=0x0000000000fdef90 is pointing into the stack for thread: 0x000000001e8c0000
R15=0x000000001e8c0000 is a thread


Stack: [0x0000000000ee0000,0x0000000000fe0000],  sp=0x0000000000fde3d8,  free space=1016k
Native frames: (J=compiled Java code, j=interpreted, Vv=VM code, C=native code)
V  [jvm.dll+0x27f270]

Java frames: (J=compiled Java code, j=interpreted, Vv=VM code)
j  eu.gnome.morena.wia.WIAScanner._transfer(JZIZ[I)V+0
j  eu.gnome.morena.wia.WIAScanner.transfer()V+74
j  eu.gnome.morena.wia.WIAScanner.run()V+1
j  java.lang.Thread.run()V+11
v  ~StubRoutines::call_stub

---------------  P R O C E S S  ---------------

Java Threads: ( => current thread )
  0x000000001e8c2800 JavaThread "qtp503788068-56" [_thread_blocked, id=137844, stack(0x00000000010e0000,0x00000000011e0000)]
=>0x000000001e8c0000 JavaThread "Thread-30" [_thread_in_vm, id=120128, stack(0x0000000000ee0000,0x0000000000fe0000)]
  0x000000001e8bd000 JavaThread "AWT-Windows" daemon [_thread_in_native, id=123612, stack(0x0000000021c20000,0x0000000021d20000)]
  0x000000001e8be000 JavaThread "Java2D Disposer" daemon [_thread_blocked, id=141012, stack(0x0000000021a20000,0x0000000021b20000)]
  0x000000001e8bf800 JavaThread "qtp503788068-26" [_thread_in_native, id=137928, stack(0x00000000216b0000,0x00000000217b0000)]
  0x000000001e8c1800 JavaThread "Connector-Scheduler-567f3231-1" [_thread_blocked, id=140720, stack(0x0000000020f10000,0x0000000021010000)]
  0x000000001e8c1000 JavaThread "Session-HouseKeeper-68442b56-1" [_thread_blocked, id=141072, stack(0x00000000208d0000,0x00000000209d0000)]
  0x000000001f94e000 JavaThread "qtp503788068-21" [_thread_in_native, id=121136, stack(0x00000000206d0000,0x00000000207d0000)]
  0x000000001f94d000 JavaThread "qtp503788068-20" [_thread_blocked, id=133924, stack(0x00000000205d0000,0x00000000206d0000)]
  0x000000001fc7a000 JavaThread "qtp503788068-19" [_thread_in_native, id=140580, stack(0x00000000204d0000,0x00000000205d0000)]
  0x000000001fc76800 JavaThread "qtp503788068-17" [_thread_in_native, id=133788, stack(0x00000000202d0000,0x00000000203d0000)]
  0x000000001fc76000 JavaThread "qtp503788068-16" [_thread_blocked, id=140444, stack(0x00000000201d0000,0x00000000202d0000)]
  0x000000001fc75000 JavaThread "qtp503788068-15-acceptor-0@30d9dce7-ServerConnector@567f3231{HTTP/1.1, (http/1.1)}{127.0.0.1:1235}" [_thread_in_native, id=135816, stack(0x00000000200d0000,0x00000000201d0000)]
  0x000000001f974000 JavaThread "qtp503788068-14" [_thread_blocked, id=140464, stack(0x000000001ffd0000,0x00000000200d0000)]
  0x0000000002d94800 JavaThread "DestroyJavaVM" [_thread_blocked, id=141232, stack(0x0000000002a70000,0x0000000002b70000)]
  0x000000001f86f800 JavaThread "Thread-0" [_thread_blocked, id=140604, stack(0x000000001fed0000,0x000000001ffd0000)]
  0x000000001e94d000 JavaThread "Service Thread" daemon [_thread_blocked, id=131356, stack(0x000000001f4d0000,0x000000001f5d0000)]
  0x000000001e8c3800 JavaThread "C1 CompilerThread3" daemon [_thread_blocked, id=140956, stack(0x000000001f3d0000,0x000000001f4d0000)]
  0x000000001e8ab800 JavaThread "C2 CompilerThread2" daemon [_thread_blocked, id=138076, stack(0x000000001f2d0000,0x000000001f3d0000)]
  0x000000001e8a5000 JavaThread "C2 CompilerThread1" daemon [_thread_blocked, id=39576, stack(0x000000001f1d0000,0x000000001f2d0000)]
  0x000000001e89d800 JavaThread "C2 CompilerThread0" daemon [_thread_blocked, id=141152, stack(0x000000001f0d0000,0x000000001f1d0000)]
  0x000000001e864000 JavaThread "Monitor Ctrl-Break" daemon [_thread_in_native, id=140296, stack(0x000000001efd0000,0x000000001f0d0000)]
  0x000000001e6ea800 JavaThread "Attach Listener" daemon [_thread_blocked, id=123572, stack(0x000000001eed0000,0x000000001efd0000)]
  0x000000001c8b7800 JavaThread "Signal Dispatcher" daemon [_thread_blocked, id=138204, stack(0x000000001edd0000,0x000000001eed0000)]
  0x000000001e6d1000 JavaThread "Finalizer" daemon [_thread_blocked, id=140224, stack(0x000000001ebb0000,0x000000001ecb0000)]
  0x000000001c8ad800 JavaThread "Reference Handler" daemon [_thread_blocked, id=130736, stack(0x000000001eab0000,0x000000001ebb0000)]

Other Threads:
  0x000000001c8a9000 VMThread [stack: 0x000000001e5b0000,0x000000001e6b0000] [id=140000]
  0x000000001e9b0000 WatcherThread [stack: 0x000000001f5d0000,0x000000001f6d0000] [id=17348]

VM state:not at safepoint (normal execution)

VM Mutex/Monitor currently owned by a thread: None

heap address: 0x00000006c1c00000, size: 4068 MB, Compressed Oops mode: Zero based, Oop shift amount: 3
Narrow klass base: 0x0000000000000000, Narrow klass shift: 3
Compressed class space size: 1073741824 Address: 0x00000007c0000000

Heap:
 PSYoungGen      total 76288K, used 66388K [0x000000076b400000, 0x0000000770900000, 0x00000007c0000000)
  eden space 65536K, 85% used [0x000000076b400000,0x000000076eae2530,0x000000076f400000)
  from space 10752K, 94% used [0x000000076fe80000,0x0000000770872e70,0x0000000770900000)
  to   space 10752K, 0% used [0x000000076f400000,0x000000076f400000,0x000000076fe80000)
 ParOldGen       total 175104K, used 60597K [0x00000006c1c00000, 0x00000006cc700000, 0x000000076b400000)
  object space 175104K, 34% used [0x00000006c1c00000,0x00000006c572d7e8,0x00000006cc700000)
 Metaspace       used 14586K, capacity 14908K, committed 15104K, reserved 1062912K
  class space    used 1646K, capacity 1740K, committed 1792K, reserved 1048576K

Card table byte_map: [0x0000000012250000,0x0000000012a50000] byte_map_base: 0x000000000ec42000

Marking Bits: (ParMarkBitMap*) 0x0000000066f65ce0
 Begin Bits: [0x00000000137a0000, 0x0000000017730000)
 End Bits:   [0x0000000017730000, 0x000000001b6c0000)

Polling page: 0x0000000001290000

CodeCache: size=245760Kb used=4423Kb max_used=4431Kb free=241336Kb
 bounds [0x0000000002e90000, 0x00000000032f0000, 0x0000000011e90000]
 total_blobs=1732 nmethods=1265 adapters=380
 compilation: enabled

Compilation events (10 events):
Event: 1111.303 Thread 0x000000001e8c3800 nmethod 1288 0x00000000032e2bd0 code [0x00000000032e2d20, 0x00000000032e2e30]
Event: 1111.303 Thread 0x000000001e8c3800 1289       1       javax.servlet.ServletRequestWrapper::getRequest (5 bytes)
Event: 1111.303 Thread 0x000000001e8c3800 nmethod 1289 0x00000000032e4390 code [0x00000000032e44e0, 0x00000000032e45f0]
Event: 1111.303 Thread 0x000000001e8a5000 nmethod 1287 0x00000000032e60d0 code [0x00000000032e6220, 0x00000000032e6598]
Event: 1111.304 Thread 0x000000001e8c3800 1290       3       org.eclipse.jetty.util.AtomicBiInteger::getHi (10 bytes)
Event: 1111.304 Thread 0x000000001e8c3800 nmethod 1290 0x00000000032e4050 code [0x00000000032e41a0, 0x00000000032e42f0]
Event: 1111.544 Thread 0x000000001e8c3800 1291       3       java.util.concurrent.CopyOnWriteArrayList::iterator (14 bytes)
Event: 1111.544 Thread 0x000000001e8c3800 nmethod 1291 0x00000000032e3a10 code [0x00000000032e3b80, 0x00000000032e3f10]
Event: 1111.544 Thread 0x000000001e8c3800 1292       3       java.util.concurrent.CopyOnWriteArrayList$COWIterator::<init> (7 bytes)
Event: 1111.544 Thread 0x000000001e8c3800 nmethod 1292 0x00000000032e3590 code [0x00000000032e3700, 0x00000000032e3930]

GC Heap History (8 events):
Event: 14.892 GC heap before
{Heap before GC invocations=1 (full 0):
 PSYoungGen      total 76288K, used 65536K [0x000000076b400000, 0x0000000770900000, 0x00000007c0000000)
  eden space 65536K, 100% used [0x000000076b400000,0x000000076f400000,0x000000076f400000)
  from space 10752K, 0% used [0x000000076fe80000,0x000000076fe80000,0x0000000770900000)
  to   space 10752K, 0% used [0x000000076f400000,0x000000076f400000,0x000000076fe80000)
 ParOldGen       total 175104K, used 0K [0x00000006c1c00000, 0x00000006cc700000, 0x000000076b400000)
  object space 175104K, 0% used [0x00000006c1c00000,0x00000006c1c00000,0x00000006cc700000)
 Metaspace       used 14364K, capacity 14702K, committed 14848K, reserved 1062912K
  class space    used 1635K, capacity 1739K, committed 1792K, reserved 1048576K
Event: 14.902 GC heap after
Heap after GC invocations=1 (full 0):
 PSYoungGen      total 76288K, used 10732K [0x000000076b400000, 0x0000000770900000, 0x00000007c0000000)
  eden space 65536K, 0% used [0x000000076b400000,0x000000076b400000,0x000000076f400000)
  from space 10752K, 99% used [0x000000076f400000,0x000000076fe7b2a0,0x000000076fe80000)
  to   space 10752K, 0% used [0x000000076fe80000,0x000000076fe80000,0x0000000770900000)
 ParOldGen       total 175104K, used 22321K [0x00000006c1c00000, 0x00000006cc700000, 0x000000076b400000)
  object space 175104K, 12% used [0x00000006c1c00000,0x00000006c31cc648,0x00000006cc700000)
 Metaspace       used 14364K, capacity 14702K, committed 14848K, reserved 1062912K
  class space    used 1635K, capacity 1739K, committed 1792K, reserved 1048576K
}
Event: 40.607 GC heap before
{Heap before GC invocations=2 (full 0):
 PSYoungGen      total 76288K, used 69561K [0x000000076b400000, 0x0000000770900000, 0x00000007c0000000)
  eden space 65536K, 89% used [0x000000076b400000,0x000000076ed73438,0x000000076f400000)
  from space 10752K, 99% used [0x000000076f400000,0x000000076fe7b2a0,0x000000076fe80000)
  to   space 10752K, 0% used [0x000000076fe80000,0x000000076fe80000,0x0000000770900000)
 ParOldGen       total 175104K, used 22321K [0x00000006c1c00000, 0x00000006cc700000, 0x000000076b400000)
  object space 175104K, 12% used [0x00000006c1c00000,0x00000006c31cc648,0x00000006cc700000)
 Metaspace       used 14442K, capacity 14780K, committed 15104K, reserved 1062912K
  class space    used 1639K, capacity 1740K, committed 1792K, reserved 1048576K
Event: 40.609 GC heap after
Heap after GC invocations=2 (full 0):
 PSYoungGen      total 76288K, used 1520K [0x000000076b400000, 0x0000000770900000, 0x00000007c0000000)
  eden space 65536K, 0% used [0x000000076b400000,0x000000076b400000,0x000000076f400000)
  from space 10752K, 14% used [0x000000076fe80000,0x000000076fffc020,0x0000000770900000)
  to   space 10752K, 0% used [0x000000076f400000,0x000000076f400000,0x000000076fe80000)
 ParOldGen       total 175104K, used 22329K [0x00000006c1c00000, 0x00000006cc700000, 0x000000076b400000)
  object space 175104K, 12% used [0x00000006c1c00000,0x00000006c31ce648,0x00000006cc700000)
 Metaspace       used 14442K, capacity 14780K, committed 15104K, reserved 1062912K
  class space    used 1639K, capacity 1740K, committed 1792K, reserved 1048576K
}
Event: 65.667 GC heap before
{Heap before GC invocations=3 (full 0):
 PSYoungGen      total 76288K, used 67056K [0x000000076b400000, 0x0000000770900000, 0x00000007c0000000)
  eden space 65536K, 100% used [0x000000076b400000,0x000000076f400000,0x000000076f400000)
  from space 10752K, 14% used [0x000000076fe80000,0x000000076fffc020,0x0000000770900000)
  to   space 10752K, 0% used [0x000000076f400000,0x000000076f400000,0x000000076fe80000)
 ParOldGen       total 175104K, used 22329K [0x00000006c1c00000, 0x00000006cc700000, 0x000000076b400000)
  object space 175104K, 12% used [0x00000006c1c00000,0x00000006c31ce648,0x00000006cc700000)
 Metaspace       used 14461K, capacity 14780K, committed 15104K, reserved 1062912K
  class space    used 1639K, capacity 1740K, committed 1792K, reserved 1048576K
Event: 65.674 GC heap after
Heap after GC invocations=3 (full 0):
 PSYoungGen      total 76288K, used 10203K [0x000000076b400000, 0x0000000770900000, 0x00000007c0000000)
  eden space 65536K, 0% used [0x000000076b400000,0x000000076b400000,0x000000076f400000)
  from space 10752K, 94% used [0x000000076f400000,0x000000076fdf6e80,0x000000076fe80000)
  to   space 10752K, 0% used [0x000000076fe80000,0x000000076fe80000,0x0000000770900000)
 ParOldGen       total 175104K, used 42004K [0x00000006c1c00000, 0x00000006cc700000, 0x000000076b400000)
  object space 175104K, 23% used [0x00000006c1c00000,0x00000006c4505318,0x00000006cc700000)
 Metaspace       used 14461K, capacity 14780K, committed 15104K, reserved 1062912K
  class space    used 1639K, capacity 1740K, committed 1792K, reserved 1048576K
}
Event: 786.452 GC heap before
{Heap before GC invocations=4 (full 0):
 PSYoungGen      total 76288K, used 75739K [0x000000076b400000, 0x0000000770900000, 0x00000007c0000000)
  eden space 65536K, 100% used [0x000000076b400000,0x000000076f400000,0x000000076f400000)
  from space 10752K, 94% used [0x000000076f400000,0x000000076fdf6e80,0x000000076fe80000)
  to   space 10752K, 0% used [0x000000076fe80000,0x000000076fe80000,0x0000000770900000)
 ParOldGen       total 175104K, used 42004K [0x00000006c1c00000, 0x00000006cc700000, 0x000000076b400000)
  object space 175104K, 23% used [0x00000006c1c00000,0x00000006c4505318,0x00000006cc700000)
 Metaspace       used 14526K, capacity 14844K, committed 15104K, reserved 1062912K
  class space    used 1642K, capacity 1740K, committed 1792K, reserved 1048576K
Event: 786.460 GC heap after
Heap after GC invocations=4 (full 0):
 PSYoungGen      total 76288K, used 10187K [0x000000076b400000, 0x0000000770900000, 0x00000007c0000000)
  eden space 65536K, 0% used [0x000000076b400000,0x000000076b400000,0x000000076f400000)
  from space 10752K, 94% used [0x000000076fe80000,0x0000000770872e70,0x0000000770900000)
  to   space 10752K, 0% used [0x000000076f400000,0x000000076f400000,0x000000076fe80000)
 ParOldGen       total 175104K, used 60597K [0x00000006c1c00000, 0x00000006cc700000, 0x000000076b400000)
  object space 175104K, 34% used [0x00000006c1c00000,0x00000006c572d7e8,0x00000006cc700000)
 Metaspace       used 14526K, capacity 14844K, committed 15104K, reserved 1062912K
  class space    used 1642K, capacity 1740K, committed 1792K, reserved 1048576K
}

Deoptimization events (8 events):
Event: 0.613 Thread 0x000000001f86f800 Uncommon trap: reason=unstable_if action=reinterpret pc=0x000000000303c9dc method=java.lang.String.indexOf([CII[CIII)I @ 3
Event: 0.630 Thread 0x000000001f86f800 Uncommon trap: reason=null_check action=make_not_entrant pc=0x0000000003032714 method=java.lang.String.equals(Ljava/lang/Object;)Z @ 8
Event: 3.710 Thread 0x000000001f94d000 Uncommon trap: reason=unstable_if action=reinterpret pc=0x00000000031580b8 method=java.lang.String.indexOf([CII[CIII)I @ 27
Event: 4.033 Thread 0x000000001fc7a000 Uncommon trap: reason=unstable_if action=reinterpret pc=0x00000000030331b8 method=java.lang.String.startsWith(Ljava/lang/String;I)Z @ 25
Event: 4.105 Thread 0x000000001fc7a000 Uncommon trap: reason=unstable_if action=reinterpret pc=0x00000000031c8954 method=java.math.BigInteger.addOne([IIII)I @ 55
Event: 14.489 Thread 0x000000001fc7a000 Uncommon trap: reason=range_check action=make_not_entrant pc=0x000000000322b294 method=sun.awt.image.ByteInterleavedRaster.getPixels(IIII[I)[I @ 219
Event: 27.595 Thread 0x000000001e8c0000 Uncommon trap: reason=unstable_if action=reinterpret pc=0x00000000032680e8 method=sun.awt.image.ByteComponentRaster.verify()V @ 269
Event: 42.442 Thread 0x000000001fc76000 Uncommon trap: reason=unstable_if action=reinterpret pc=0x000000000328b038 method=com.sun.imageio.plugins.png.PNGImageWriter.encodePass(Ljavax/imageio/stream/ImageOutputStream;Ljava/awt/image/RenderedImage;IIII)V @ 303

Classes redefined (0 events):
No events

Internal exceptions (10 events):
Event: 0.204 Thread 0x0000000002d94800 Exception <a 'java/security/PrivilegedActionException'> (0x000000076b660688) thrown at [C:\re\workspace\8-2-build-windows-amd64-cygwin\jdk8u211\12973\hotspot\src\share\vm\prims\jvm.cpp, line 1502]
Event: 0.205 Thread 0x0000000002d94800 Exception <a 'java/lang/NoClassDefFoundError': org/slf4j/impl/StaticLoggerBinder> (0x000000076b667f90) thrown at [C:\re\workspace\8-2-build-windows-amd64-cygwin\jdk8u211\12973\hotspot\src\share\vm\classfile\systemDictionary.cpp, line 199]
Event: 0.261 Thread 0x0000000002d94800 Exception <a 'java/lang/NoSuchFieldError': method resolution failed> (0x000000076ba4ee50) thrown at [C:\re\workspace\8-2-build-windows-amd64-cygwin\jdk8u211\12973\hotspot\src\share\vm\prims\methodHandles.cpp, line 1167]
Event: 0.263 Thread 0x0000000002d94800 Exception <a 'java/lang/NoSuchFieldError': method resolution failed> (0x000000076ba5ccf8) thrown at [C:\re\workspace\8-2-build-windows-amd64-cygwin\jdk8u211\12973\hotspot\src\share\vm\prims\methodHandles.cpp, line 1167]
Event: 0.630 Thread 0x000000001f86f800 Implicit null exception at 0x0000000003032526 to 0x0000000003032705
Event: 7.726 Thread 0x000000001fc7a000 Exception <a 'java/io/FileNotFoundException'> (0x000000076dc55938) thrown at [C:\re\workspace\8-2-build-windows-amd64-cygwin\jdk8u211\12973\hotspot\src\share\vm\prims\jni.cpp, line 710]
Event: 7.803 Thread 0x000000001fc7a000 Exception <a 'SK/gnome/twain/TwainException': No TWAIN Data Source installed> (0x000000076dfabfb0) thrown at [C:\re\workspace\8-2-build-windows-amd64-cygwin\jdk8u211\12973\hotspot\src\share\vm\prims\jni.cpp, line 736]
Event: 29.424 Thread 0x000000001f94e000 Exception <a 'java/io/IOException'> (0x000000076ea223f8) thrown at [C:\re\workspace\8-2-build-windows-amd64-cygwin\jdk8u211\12973\hotspot\src\share\vm\prims\jni.cpp, line 710]
Event: 65.890 Thread 0x000000001f94d000 Exception <a 'java/io/IOException'> (0x000000076b610a70) thrown at [C:\re\workspace\8-2-build-windows-amd64-cygwin\jdk8u211\12973\hotspot\src\share\vm\prims\jni.cpp, line 710]
Event: 1110.979 Thread 0x000000001fc76800 Exception <a 'java/io/IOException'> (0x000000076e7ebd68) thrown at [C:\re\workspace\8-2-build-windows-amd64-cygwin\jdk8u211\12973\hotspot\src\share\vm\prims\jni.cpp, line 710]

Events (10 events):
Event: 1111.298 Thread 0x000000001e8c2800 Thread exited: 0x000000001e8c2800
Event: 1111.302 Executing VM operation: RevokeBias
Event: 1111.302 Executing VM operation: RevokeBias done
Event: 1111.303 Executing VM operation: RevokeBias
Event: 1111.303 Executing VM operation: RevokeBias done
Event: 1111.303 Thread 0x000000001e8c2800 Thread added: 0x000000001e8c2800
Event: 1111.543 Executing VM operation: RevokeBias
Event: 1111.543 Executing VM operation: RevokeBias done
Event: 1117.704 Thread 0x000000001f816800 Thread added: 0x000000001f816800
Event: 1117.704 Thread 0x000000001f816800 Thread exited: 0x000000001f816800


Dynamic libraries:
0x00007ff7d04c0000 - 0x00007ff7d04f7000 	C:\Program Files\Java\jdk1.8.0_211\bin\java.exe
0x00007ff9f2e70000 - 0x00007ff9f3065000 	C:\WINDOWS\SYSTEM32\ntdll.dll
0x00007ff9f1f30000 - 0x00007ff9f1fed000 	C:\WINDOWS\System32\KERNEL32.DLL
0x00007ff9f0b80000 - 0x00007ff9f0e48000 	C:\WINDOWS\System32\KERNELBASE.dll
0x00007ff9f1e20000 - 0x00007ff9f1ecc000 	C:\WINDOWS\System32\ADVAPI32.dll
0x00007ff9f12d0000 - 0x00007ff9f136e000 	C:\WINDOWS\System32\msvcrt.dll
0x00007ff9f0ed0000 - 0x00007ff9f0f6b000 	C:\WINDOWS\System32\sechost.dll
0x00007ff9f2c70000 - 0x00007ff9f2d9b000 	C:\WINDOWS\System32\RPCRT4.dll
0x00007ff9f1370000 - 0x00007ff9f1510000 	C:\WINDOWS\System32\USER32.dll
0x00007ff9f09c0000 - 0x00007ff9f09e2000 	C:\WINDOWS\System32\win32u.dll
0x00007ff9f2c40000 - 0x00007ff9f2c6a000 	C:\WINDOWS\System32\GDI32.dll
0x00007ff9f09f0000 - 0x00007ff9f0afb000 	C:\WINDOWS\System32\gdi32full.dll
0x00007ff9f05b0000 - 0x00007ff9f064d000 	C:\WINDOWS\System32\msvcp_win.dll
0x00007ff9f0810000 - 0x00007ff9f0910000 	C:\WINDOWS\System32\ucrtbase.dll
0x00007ff9e04f0000 - 0x00007ff9e078a000 	C:\WINDOWS\WinSxS\amd64_microsoft.windows.common-controls_6595b64144ccf1df_6.0.19041.844_none_ca00b6081b84eb1d\COMCTL32.dll
0x00007ff9f2740000 - 0x00007ff9f2770000 	C:\WINDOWS\System32\IMM32.DLL
0x000000006a790000 - 0x000000006a862000 	C:\Program Files\Java\jdk1.8.0_211\jre\bin\msvcr100.dll
0x0000000066740000 - 0x0000000066fe5000 	C:\Program Files\Java\jdk1.8.0_211\jre\bin\server\jvm.dll
0x00007ff9f10c0000 - 0x00007ff9f10c8000 	C:\WINDOWS\System32\PSAPI.DLL
0x00007ff9ed1d0000 - 0x00007ff9ed1da000 	C:\WINDOWS\SYSTEM32\VERSION.dll
0x00007ff9dde70000 - 0x00007ff9dde79000 	C:\WINDOWS\SYSTEM32\WSOCK32.dll
0x00007ff9df520000 - 0x00007ff9df547000 	C:\WINDOWS\SYSTEM32\WINMM.dll
0x00007ff9f0fd0000 - 0x00007ff9f103b000 	C:\WINDOWS\System32\WS2_32.dll
0x00007ff9ed260000 - 0x00007ff9ed26f000 	C:\Program Files\Java\jdk1.8.0_211\jre\bin\verify.dll
0x00007ff9ed230000 - 0x00007ff9ed259000 	C:\Program Files\Java\jdk1.8.0_211\jre\bin\java.dll
0x00007ff9ecf60000 - 0x00007ff9ecf83000 	C:\Program Files\Java\jdk1.8.0_211\jre\bin\instrument.dll
0x00007ff9ed210000 - 0x00007ff9ed226000 	C:\Program Files\Java\jdk1.8.0_211\jre\bin\zip.dll
0x00007ff9f16d0000 - 0x00007ff9f1e12000 	C:\WINDOWS\System32\SHELL32.dll
0x00007ff9ed8f0000 - 0x00007ff9ee080000 	C:\WINDOWS\SYSTEM32\windows.storage.dll
0x00007ff9f21f0000 - 0x00007ff9f2545000 	C:\WINDOWS\System32\combase.dll
0x00007ff9f0020000 - 0x00007ff9f004c000 	C:\WINDOWS\SYSTEM32\Wldp.dll
0x00007ff9f2550000 - 0x00007ff9f25fe000 	C:\WINDOWS\System32\SHCORE.dll
0x00007ff9f2be0000 - 0x00007ff9f2c35000 	C:\WINDOWS\System32\shlwapi.dll
0x00007ff9f04f0000 - 0x00007ff9f050f000 	C:\WINDOWS\SYSTEM32\profapi.dll
0x00007ff9ecf40000 - 0x00007ff9ecf5a000 	C:\Program Files\JetBrains\IntelliJ IDEA Community Edition 2019.3\bin\breakgen64.dll
0x00007ff9de5a0000 - 0x00007ff9de5ba000 	C:\Program Files\Java\jdk1.8.0_211\jre\bin\net.dll
0x00007ff9ded80000 - 0x00007ff9def6e000 	C:\WINDOWS\SYSTEM32\urlmon.dll
0x00007ff9dbdb0000 - 0x00007ff9dc060000 	C:\WINDOWS\SYSTEM32\iertutil.dll
0x00007ff9efd90000 - 0x00007ff9efdfa000 	C:\WINDOWS\system32\mswsock.dll
0x00007ff9ed170000 - 0x00007ff9ed17d000 	C:\Program Files\Java\jdk1.8.0_211\jre\bin\management.dll
0x00007ff9d8600000 - 0x00007ff9d8612000 	C:\Program Files\Java\jdk1.8.0_211\jre\bin\nio.dll
0x00007ff9eff70000 - 0x00007ff9eff88000 	C:\WINDOWS\SYSTEM32\CRYPTSP.dll
0x00007ff9ef6c0000 - 0x00007ff9ef6f4000 	C:\WINDOWS\system32\rsaenh.dll
0x00007ff9f0ea0000 - 0x00007ff9f0ec7000 	C:\WINDOWS\System32\bcrypt.dll
0x00007ff9f04b0000 - 0x00007ff9f04de000 	C:\WINDOWS\SYSTEM32\USERENV.dll
0x00007ff9f0b00000 - 0x00007ff9f0b80000 	C:\WINDOWS\System32\bcryptprimitives.dll
0x00007ff9eff60000 - 0x00007ff9eff6c000 	C:\WINDOWS\SYSTEM32\CRYPTBASE.dll
0x00007ff9efa30000 - 0x00007ff9efa6b000 	C:\WINDOWS\SYSTEM32\IPHLPAPI.DLL
0x00007ff9f16c0000 - 0x00007ff9f16c8000 	C:\WINDOWS\System32\NSI.dll
0x00007ff9e64f0000 - 0x00007ff9e6507000 	C:\WINDOWS\SYSTEM32\dhcpcsvc6.DLL
0x00007ff9e63b0000 - 0x00007ff9e63cd000 	C:\WINDOWS\SYSTEM32\dhcpcsvc.DLL
0x00007ff9efa80000 - 0x00007ff9efb4c000 	C:\WINDOWS\SYSTEM32\DNSAPI.dll
0x00007ff9d62f0000 - 0x00007ff9d631b000 	C:\Users\Usuario\AppData\Local\Temp\morena64W2_35.dll
0x00007ff9f10d0000 - 0x00007ff9f11fa000 	C:\WINDOWS\System32\ole32.dll
0x00007ff9f1200000 - 0x00007ff9f12cd000 	C:\WINDOWS\System32\OLEAUT32.dll
0x00007ff9eeed0000 - 0x00007ff9eeee2000 	C:\WINDOWS\SYSTEM32\kernel.appcore.dll
0x00007ff9f2000000 - 0x00007ff9f20a9000 	C:\WINDOWS\System32\clbcatq.dll
0x00007ff98dd20000 - 0x00007ff98dd73000 	C:\Windows\System32\sti.dll
0x00007ff9cce00000 - 0x00007ff9cce0a000 	C:\WINDOWS\SYSTEM32\wiatrace.dll
0x00007ff973fa0000 - 0x00007ff974139000 	C:\Program Files\Java\jdk1.8.0_211\jre\bin\awt.dll
0x00007ff9eccb0000 - 0x00007ff9ecd40000 	C:\WINDOWS\SYSTEM32\apphelp.dll
0x00007ff9ecdd0000 - 0x00007ff9ece6e000 	C:\WINDOWS\system32\uxtheme.dll
0x00007ff9f20b0000 - 0x00007ff9f21c5000 	C:\WINDOWS\System32\MSCTF.dll
0x00007ff99f9e0000 - 0x00007ff99fa7c000 	C:\Users\Usuario\.morena\twain64_6040012.dll
0x00007ff9ed0f0000 - 0x00007ff9ed0fc000 	C:\WINDOWS\system32\SaImgFl8.dll
0x00007ff9cb820000 - 0x00007ff9cb9cb000 	C:\WINDOWS\WinSxS\amd64_microsoft.windows.gdiplus_6595b64144ccf1df_1.1.19041.928_none_faefac437613c6cc\gdiplus.dll
0x00007ff9e7aa0000 - 0x00007ff9e7c54000 	C:\WINDOWS\SYSTEM32\WindowsCodecs.dll
0x00007ff9ee9e0000 - 0x00007ff9eebc4000 	C:\WINDOWS\SYSTEM32\dbghelp.dll

VM Arguments:
jvm_args: -javaagent:C:\Program Files\JetBrains\IntelliJ IDEA Community Edition 2019.3\lib\idea_rt.jar=7282:C:\Program Files\JetBrains\IntelliJ IDEA Community Edition 2019.3\bin -Dfile.encoding=UTF-8 
java_command: com.precodata.imageUtils.Scanner.Start
java_class_path (initial): C:\Program Files\Java\jdk1.8.0_211\jre\lib\charsets.jar;C:\Program Files\Java\jdk1.8.0_211\jre\lib\deploy.jar;C:\Program Files\Java\jdk1.8.0_211\jre\lib\ext\access-bridge-64.jar;C:\Program Files\Java\jdk1.8.0_211\jre\lib\ext\cldrdata.jar;C:\Program Files\Java\jdk1.8.0_211\jre\lib\ext\dnsns.jar;C:\Program Files\Java\jdk1.8.0_211\jre\lib\ext\jaccess.jar;C:\Program Files\Java\jdk1.8.0_211\jre\lib\ext\jfxrt.jar;C:\Program Files\Java\jdk1.8.0_211\jre\lib\ext\localedata.jar;C:\Program Files\Java\jdk1.8.0_211\jre\lib\ext\nashorn.jar;C:\Program Files\Java\jdk1.8.0_211\jre\lib\ext\sunec.jar;C:\Program Files\Java\jdk1.8.0_211\jre\lib\ext\sunjce_provider.jar;C:\Program Files\Java\jdk1.8.0_211\jre\lib\ext\sunmscapi.jar;C:\Program Files\Java\jdk1.8.0_211\jre\lib\ext\sunpkcs11.jar;C:\Program Files\Java\jdk1.8.0_211\jre\lib\ext\zipfs.jar;C:\Program Files\Java\jdk1.8.0_211\jre\lib\javaws.jar;C:\Program Files\Java\jdk1.8.0_211\jre\lib\jce.jar;C:\Program Files\Java\jdk1.8.0_211\jre\lib\jfr.jar;C:\Program Files\Java\jdk1.8.0_211\jre\lib\jfxswt.jar;C:\Program Files\Java\jdk1.8.0_211\jre\lib\jsse.jar;C:\Program Files\Java\jdk1.8.0_211\jre\lib\management-agent.jar;C:\Program Files\Java\jdk1.8.0_211\jre\lib\plugin.jar;C:\Program Files\Java\jdk1.8.0_211\jre\lib\resources.jar;C:\Program Files\Java\jdk1.8.0_211\jre\lib\rt.jar;C:\Models\preco-scanner-driver\target\classes;C:\Models\preco-scanner-driver\lib\morena.jar;C:\Models\preco-scanner-driver\lib\morena7.jar;C:\Models\preco-scanner-driver\lib\morena7_win.jar;C:\Models\preco-scanner-driver\lib\morena_license.jar;C:\Models\preco-scanner-driver\lib\morena_windows.jar;C:\Models\preco-scanner-driver\lib\gson-2.8.6.jar;C:\Models\preco-scanner-driver\lib\spark-core-2.9.3.jar;C:\Models\preco-scanner-driver\lib\slf4j-api-1.7.25.jar;C:\Models\preco-scanner-driver\lib\jetty-server-9.4.31.v20200723.jar;C:\Models\preco-scanner-driver\lib\javax.servlet-api-3.1.0.jar;C:\Models\preco-scanner-driver\lib\jetty-http-9.4.31.v202
Launcher Type: SUN_STANDARD

Environment Variables:
JAVA_HOME=C:\Program Files\Java\jdk1.8.0_211
CLASSPATH=C:\Program Files (x86)\GeneXus\GeneXus15\gxjava\drivers
USERNAME=Usuario
OS=Windows_NT
PROCESSOR_IDENTIFIER=Intel64 Family 6 Model 158 Stepping 9, GenuineIntel



---------------  S Y S T E M  ---------------

OS: Windows 10.0 , 64 bit Build 19041 (10.0.19041.928)

CPU:total 8 (initial active 8) (4 cores per cpu, 2 threads per core) family 6 model 158 stepping 9, cmov, cx8, fxsr, mmx, sse, sse2, sse3, ssse3, sse4.1, sse4.2, popcnt, avx, avx2, aes, clmul, erms, 3dnowpref, lzcnt, ht, tsc, tscinvbit, bmi1, bmi2, adx

Memory: 4k page, physical 16659176k(2863264k free), swap 37606120k(9031000k free)

vm_info: Java HotSpot(TM) 64-Bit Server VM (25.211-b12) for windows-amd64 JRE (1.8.0_211-b12), built on Apr  1 2019 20:53:26 by "java_re" with MS VC++ 10.0 (VS2010)

time: Thu Jun 10 01:40:04 2021
timezone: Hora estándar de Montevideo
elapsed time: 1122 seconds (0d 0h 18m 42s)

