#
# A fatal error has been detected by the Java Runtime Environment:
#
#  EXCEPTION_ACCESS_VIOLATION (0xc0000005) at pc=0x00000000669bf270, pid=136368, tid=0x000000000001cd30
#
# JRE version: Java(TM) SE Runtime Environment (8.0_211-b12) (build 1.8.0_211-b12)
# Java VM: Java HotSpot(TM) 64-Bit Server VM (25.211-b12 mixed mode windows-amd64 compressed oops)
# Problematic frame:
# V  [jvm.dll+0x27f270]
#
# Failed to write core dump. Minidumps are not enabled by default on client versions of Windows
#
# If you would like to submit a bug report, please visit:
#   http://bugreport.java.com/bugreport/crash.jsp
#

---------------  T H R E A D  ---------------

Current thread (0x000000001ecd3000):  JavaThread "Thread-31" [_thread_in_vm, id=118064, stack(0x0000000001340000,0x0000000001440000)]

siginfo: ExceptionCode=0xc0000005, reading address 0x0000000000000030

Registers:
RAX=0x0000000000000000, RBX=0x000000001ecd3000, RCX=0x0000000000000030, RDX=0x0000000000000030
RSP=0x000000000143e368, RBP=0x000000000143eed0, RSI=0x0000000000000030, RDI=0x000000000143e3d8
R8 =0x000000001ecd3000, R9 =0x000000002008f110, R10=0x00000000213a6698, R11=0x000000000143e3c0
R12=0x0000000000000000, R13=0x00000000215978d0, R14=0x000000000143ef20, R15=0x000000001ecd3000
RIP=0x00000000669bf270, EFLAGS=0x0000000000010206

Top of Stack: (sp=0x000000000143e368)
0x000000000143e368:   00000000667af3f3 000000001ecd3000
0x000000000143e378:   0000000000000000 000000001ecd31f8
0x000000000143e388:   0000000066881905 000000001ecd31f8
0x000000000143e398:   00000000667af4d9 000000000143eed0
0x000000000143e3a8:   00007ff90000000e 000000001ecd3000
0x000000000143e3b8:   0000000000000030 000000001ecd3000
0x000000000143e3c8:   00000000668817c4 00000000215978d8
0x000000000143e3d8:   000000000143eed0 00007ff9d623bea8
0x000000000143e3e8:   00000000215978d8 000000001ecd3000
0x000000000143e3f8:   0000000000000000 000000000143e580
0x000000000143e408:   00007ff9d62253d1 000000000143e580
0x000000000143e418:   00007ff9d6224d16 00000000200acdc8
0x000000000143e428:   00000000215978d8 00007ff9d623bea8
0x000000000143e438:   0000000000000000 000000000143eed0
0x000000000143e448:   00007ff9d6228473 000000001ecd31f8
0x000000000143e458:   0000000000000030 0000000000000006 

Instructions: (pc=0x00000000669bf270)
0x00000000669bf250:   41 0f b6 14 08 80 e2 c0 80 fa 80 75 02 ff c8 49
0x00000000669bf260:   ff c0 4d 3b c1 7c e9 f3 c3 cc cc cc cc cc cc cc
0x00000000669bf270:   0f b6 11 33 c0 84 d2 74 1c 0f 1f 80 00 00 00 00
0x00000000669bf280:   80 e2 c0 80 fa 80 74 02 ff c0 0f b6 51 01 48 ff 


Register to memory mapping:

RAX=0x0000000000000000 is an unknown value
RBX=0x000000001ecd3000 is a thread
RCX=0x0000000000000030 is an unknown value
RDX=0x0000000000000030 is an unknown value
RSP=0x000000000143e368 is pointing into the stack for thread: 0x000000001ecd3000
RBP=0x000000000143eed0 is pointing into the stack for thread: 0x000000001ecd3000
RSI=0x0000000000000030 is an unknown value
RDI=0x000000000143e3d8 is pointing into the stack for thread: 0x000000001ecd3000
R8 =0x000000001ecd3000 is a thread
R9 =0x000000002008f110 is an unknown value
R10={method} {0x00000000213a66a0} 'trace' '(Ljava/lang/String;)V' in 'eu/gnome/morena/Manager'
R11=0x000000000143e3c0 is pointing into the stack for thread: 0x000000001ecd3000
R12=0x0000000000000000 is an unknown value
R13=0x00000000215978d0 is pointing into metadata
R14=0x000000000143ef20 is pointing into the stack for thread: 0x000000001ecd3000
R15=0x000000001ecd3000 is a thread


Stack: [0x0000000001340000,0x0000000001440000],  sp=0x000000000143e368,  free space=1016k
Native frames: (J=compiled Java code, j=interpreted, Vv=VM code, C=native code)
V  [jvm.dll+0x27f270]

Java frames: (J=compiled Java code, j=interpreted, Vv=VM code)
j  eu.gnome.morena.wia.WIAScanner._transfer(JZIZ[I)V+0
j  eu.gnome.morena.wia.WIAScanner.transfer()V+74
j  eu.gnome.morena.wia.WIAScanner.run()V+1
j  java.lang.Thread.run()V+11
v  ~StubRoutines::call_stub

---------------  P R O C E S S  ---------------

Java Threads: ( => current thread )
=>0x000000001ecd3000 JavaThread "Thread-31" [_thread_in_vm, id=118064, stack(0x0000000001340000,0x0000000001440000)]
  0x000000001ecd7800 JavaThread "qtp653604707-66" [_thread_in_native, id=121080, stack(0x0000000001240000,0x0000000001340000)]
  0x000000001ecd7000 JavaThread "qtp653604707-54" [_thread_in_native, id=135464, stack(0x0000000020810000,0x0000000020910000)]
  0x000000001ecd8800 JavaThread "qtp653604707-53" [_thread_blocked, id=135396, stack(0x0000000020710000,0x0000000020810000)]
  0x0000000020151800 JavaThread "AWT-Windows" daemon [_thread_in_native, id=135984, stack(0x0000000021f00000,0x0000000022000000)]
  0x0000000020150000 JavaThread "Java2D Disposer" daemon [_thread_blocked, id=135696, stack(0x0000000021d00000,0x0000000021e00000)]
  0x0000000020151000 JavaThread "Connector-Scheduler-19013aac-1" [_thread_blocked, id=105816, stack(0x0000000021450000,0x0000000021550000)]
  0x0000000020152800 JavaThread "Session-HouseKeeper-38dcf911-1" [_thread_blocked, id=117076, stack(0x0000000020e10000,0x0000000020f10000)]
  0x000000001fef4800 JavaThread "qtp653604707-23" [_thread_blocked, id=126488, stack(0x0000000020c10000,0x0000000020d10000)]
  0x000000001fef1800 JavaThread "qtp653604707-22" [_thread_in_native, id=17348, stack(0x0000000020b10000,0x0000000020c10000)]
  0x000000001fef1000 JavaThread "qtp653604707-21-acceptor-0@181389e3-ServerConnector@19013aac{HTTP/1.1, (http/1.1)}{127.0.0.1:1235}" [_thread_in_native, id=137000, stack(0x0000000020a10000,0x0000000020b10000)]
  0x000000001fef0000 JavaThread "qtp653604707-20" [_thread_in_native, id=135656, stack(0x0000000020910000,0x0000000020a10000)]
  0x000000002008c800 JavaThread "qtp653604707-17" [_thread_blocked, id=134960, stack(0x0000000020610000,0x0000000020710000)]
  0x00000000030d4800 JavaThread "DestroyJavaVM" [_thread_blocked, id=123636, stack(0x0000000002ed0000,0x0000000002fd0000)]
  0x000000001fe63000 JavaThread "Thread-0" [_thread_blocked, id=135316, stack(0x0000000020410000,0x0000000020510000)]
  0x000000001ecbf000 JavaThread "Service Thread" daemon [_thread_blocked, id=94476, stack(0x000000001fa10000,0x000000001fb10000)]
  0x000000001ec91800 JavaThread "C1 CompilerThread3" daemon [_thread_blocked, id=133464, stack(0x000000001f910000,0x000000001fa10000)]
  0x000000001ec65800 JavaThread "C2 CompilerThread2" daemon [_thread_blocked, id=46616, stack(0x000000001f810000,0x000000001f910000)]
  0x000000001ec35800 JavaThread "C2 CompilerThread1" daemon [_thread_blocked, id=135832, stack(0x000000001f710000,0x000000001f810000)]
  0x000000001ec32800 JavaThread "C2 CompilerThread0" daemon [_thread_blocked, id=136836, stack(0x000000001f610000,0x000000001f710000)]
  0x000000001ea40800 JavaThread "JDWP Command Reader" daemon [_thread_in_native, id=104624, stack(0x000000001f510000,0x000000001f610000)]
  0x000000001ea3f000 JavaThread "JDWP Event Helper Thread" daemon [_thread_blocked, id=125836, stack(0x000000001f410000,0x000000001f510000)]
  0x000000001ea3a800 JavaThread "JDWP Transport Listener: dt_socket" daemon [_thread_blocked, id=134284, stack(0x000000001f310000,0x000000001f410000)]
  0x000000001ea2c800 JavaThread "Attach Listener" daemon [_thread_blocked, id=135172, stack(0x000000001f210000,0x000000001f310000)]
  0x000000001ea2b800 JavaThread "Signal Dispatcher" daemon [_thread_blocked, id=121768, stack(0x000000001f110000,0x000000001f210000)]
  0x000000001ea11000 JavaThread "Finalizer" daemon [_thread_blocked, id=130080, stack(0x000000001eef0000,0x000000001eff0000)]
  0x000000001ea10800 JavaThread "Reference Handler" daemon [_thread_blocked, id=133684, stack(0x000000001edf0000,0x000000001eef0000)]

Other Threads:
  0x000000001cbe9800 VMThread [stack: 0x000000001e8f0000,0x000000001e9f0000] [id=123096]
  0x000000001ecfc800 WatcherThread [stack: 0x000000001fb10000,0x000000001fc10000] [id=135124]

VM state:not at safepoint (normal execution)

VM Mutex/Monitor currently owned by a thread: None

heap address: 0x00000006c1c00000, size: 4068 MB, Compressed Oops mode: Zero based, Oop shift amount: 3
Narrow klass base: 0x0000000000000000, Narrow klass shift: 3
Compressed class space size: 1073741824 Address: 0x00000007c0000000

Heap:
 PSYoungGen      total 76288K, used 29245K [0x000000076b400000, 0x0000000770900000, 0x00000007c0000000)
  eden space 65536K, 28% used [0x000000076b400000,0x000000076c6116a0,0x000000076f400000)
  from space 10752K, 99% used [0x000000076fe80000,0x00000007708fdd90,0x0000000770900000)
  to   space 10752K, 0% used [0x000000076f400000,0x000000076f400000,0x000000076fe80000)
 ParOldGen       total 175104K, used 19560K [0x00000006c1c00000, 0x00000006cc700000, 0x000000076b400000)
  object space 175104K, 11% used [0x00000006c1c00000,0x00000006c2f1a1a8,0x00000006cc700000)
 Metaspace       used 14956K, capacity 15318K, committed 15616K, reserved 1062912K
  class space    used 1662K, capacity 1771K, committed 1792K, reserved 1048576K

Card table byte_map: [0x0000000012590000,0x0000000012d90000] byte_map_base: 0x000000000ef82000

Marking Bits: (ParMarkBitMap*) 0x0000000066f65ce0
 Begin Bits: [0x0000000013ae0000, 0x0000000017a70000)
 End Bits:   [0x0000000017a70000, 0x000000001ba00000)

Polling page: 0x0000000002d80000

CodeCache: size=245760Kb used=4483Kb max_used=4493Kb free=241276Kb
 bounds [0x00000000031d0000, 0x0000000003640000, 0x00000000121d0000]
 total_blobs=1737 nmethods=1272 adapters=386
 compilation: enabled

Compilation events (10 events):
Event: 1856.923 Thread 0x000000001ec91800 1358       3       java.lang.String::isEmpty (14 bytes)
Event: 1856.923 Thread 0x000000001ec91800 nmethod 1358 0x00000000036282d0 code [0x0000000003628420, 0x00000000036285d0]
Event: 1856.924 Thread 0x000000001ec32800 1360       4       sun.misc.URLClassPath$JarLoader::findResource (18 bytes)
Event: 1856.925 Thread 0x000000001ec35800 1361       4       java.util.ArrayList::add (29 bytes)
Event: 1856.925 Thread 0x000000001ec32800 nmethod 1360 0x0000000003627c10 code [0x0000000003627d60, 0x0000000003627e28]
Event: 1856.931 Thread 0x000000001ec35800 nmethod 1361 0x00000000036349d0 code [0x0000000003634b20, 0x0000000003634ef8]
Event: 1858.663 Thread 0x000000001ec91800 1362       3       java.nio.charset.CoderResult::isUnderflow (13 bytes)
Event: 1858.663 Thread 0x000000001ec91800 nmethod 1362 0x0000000003627890 code [0x00000000036279e0, 0x0000000003627b90]
Event: 1858.807 Thread 0x000000001ec91800 1363       3       sun.misc.URLClassPath::findResource (47 bytes)
Event: 1858.807 Thread 0x000000001ec91800 nmethod 1363 0x00000000036342d0 code [0x0000000003634460, 0x0000000003634828]

GC Heap History (4 events):
Event: 168.547 GC heap before
{Heap before GC invocations=1 (full 0):
 PSYoungGen      total 76288K, used 60650K [0x000000076b400000, 0x0000000770900000, 0x00000007c0000000)
  eden space 65536K, 92% used [0x000000076b400000,0x000000076ef3aa58,0x000000076f400000)
  from space 10752K, 0% used [0x000000076fe80000,0x000000076fe80000,0x0000000770900000)
  to   space 10752K, 0% used [0x000000076f400000,0x000000076f400000,0x000000076fe80000)
 ParOldGen       total 175104K, used 0K [0x00000006c1c00000, 0x00000006cc700000, 0x000000076b400000)
  object space 175104K, 0% used [0x00000006c1c00000,0x00000006c1c00000,0x00000006cc700000)
 Metaspace       used 14530K, capacity 14878K, committed 15104K, reserved 1062912K
  class space    used 1635K, capacity 1737K, committed 1792K, reserved 1048576K
Event: 168.553 GC heap after
Heap after GC invocations=1 (full 0):
 PSYoungGen      total 76288K, used 6298K [0x000000076b400000, 0x0000000770900000, 0x00000007c0000000)
  eden space 65536K, 0% used [0x000000076b400000,0x000000076b400000,0x000000076f400000)
  from space 10752K, 58% used [0x000000076f400000,0x000000076fa26988,0x000000076fe80000)
  to   space 10752K, 0% used [0x000000076fe80000,0x000000076fe80000,0x0000000770900000)
 ParOldGen       total 175104K, used 24K [0x00000006c1c00000, 0x00000006cc700000, 0x000000076b400000)
  object space 175104K, 0% used [0x00000006c1c00000,0x00000006c1c06000,0x00000006cc700000)
 Metaspace       used 14530K, capacity 14878K, committed 15104K, reserved 1062912K
  class space    used 1635K, capacity 1737K, committed 1792K, reserved 1048576K
}
Event: 246.056 GC heap before
{Heap before GC invocations=2 (full 0):
 PSYoungGen      total 76288K, used 71834K [0x000000076b400000, 0x0000000770900000, 0x00000007c0000000)
  eden space 65536K, 100% used [0x000000076b400000,0x000000076f400000,0x000000076f400000)
  from space 10752K, 58% used [0x000000076f400000,0x000000076fa26988,0x000000076fe80000)
  to   space 10752K, 0% used [0x000000076fe80000,0x000000076fe80000,0x0000000770900000)
 ParOldGen       total 175104K, used 24K [0x00000006c1c00000, 0x00000006cc700000, 0x000000076b400000)
  object space 175104K, 0% used [0x00000006c1c00000,0x00000006c1c06000,0x00000006cc700000)
 Metaspace       used 14784K, capacity 15102K, committed 15360K, reserved 1062912K
  class space    used 1653K, capacity 1769K, committed 1792K, reserved 1048576K
Event: 246.067 GC heap after
Heap after GC invocations=2 (full 0):
 PSYoungGen      total 76288K, used 10743K [0x000000076b400000, 0x0000000770900000, 0x00000007c0000000)
  eden space 65536K, 0% used [0x000000076b400000,0x000000076b400000,0x000000076f400000)
  from space 10752K, 99% used [0x000000076fe80000,0x00000007708fdd90,0x0000000770900000)
  to   space 10752K, 0% used [0x000000076f400000,0x000000076f400000,0x000000076fe80000)
 ParOldGen       total 175104K, used 19560K [0x00000006c1c00000, 0x00000006cc700000, 0x000000076b400000)
  object space 175104K, 11% used [0x00000006c1c00000,0x00000006c2f1a1a8,0x00000006cc700000)
 Metaspace       used 14784K, capacity 15102K, committed 15360K, reserved 1062912K
  class space    used 1653K, capacity 1769K, committed 1792K, reserved 1048576K
}

Deoptimization events (10 events):
Event: 9.193 Thread 0x000000001fef4800 Uncommon trap: reason=unstable_if action=reinterpret pc=0x0000000003374184 method=java.lang.String.startsWith(Ljava/lang/String;I)Z @ 25
Event: 9.649 Thread 0x000000001fef4800 Uncommon trap: reason=unstable_if action=reinterpret pc=0x00000000034f5bc0 method=java.math.BigInteger.addOne([IIII)I @ 55
Event: 173.741 Thread 0x000000002008f000 Uncommon trap: reason=range_check action=make_not_entrant pc=0x0000000003569d28 method=sun.awt.image.ByteInterleavedRaster.getPixels(IIII[I)[I @ 219
Event: 242.727 Thread 0x0000000020153000 Uncommon trap: reason=unstable_if action=reinterpret pc=0x000000000359fa14 method=sun.awt.image.ByteComponentRaster.verify()V @ 269
Event: 273.326 Thread 0x000000002008f000 Uncommon trap: reason=unstable_if action=reinterpret pc=0x0000000003528ac8 method=java.util.regex.Matcher.search(I)Z @ 30
Event: 273.330 Thread 0x000000002008f000 Uncommon trap: reason=class_check action=maybe_recompile pc=0x00000000032f5e60 method=java.util.regex.Pattern$Curly.match0(Ljava/util/regex/Matcher;IILjava/lang/CharSequence;)Z @ 31
Event: 273.330 Thread 0x000000002008f000 Uncommon trap: reason=unstable_if action=reinterpret pc=0x00000000035323b4 method=java.util.regex.Pattern$BmpCharProperty.match(Ljava/util/regex/Matcher;ILjava/lang/CharSequence;)Z @ 5
Event: 273.330 Thread 0x000000002008f000 Uncommon trap: reason=class_check action=maybe_recompile pc=0x00000000032f5e60 method=java.util.regex.Pattern$Curly.match0(Ljava/util/regex/Matcher;IILjava/lang/CharSequence;)Z @ 31
Event: 273.375 Thread 0x000000001fef1800 Uncommon trap: reason=class_check action=maybe_recompile pc=0x00000000032f5e60 method=java.util.regex.Pattern$Curly.match0(Ljava/util/regex/Matcher;IILjava/lang/CharSequence;)Z @ 31
Event: 273.375 Thread 0x000000001fef1800 Uncommon trap: reason=class_check action=maybe_recompile pc=0x00000000032f5e60 method=java.util.regex.Pattern$Curly.match0(Ljava/util/regex/Matcher;IILjava/lang/CharSequence;)Z @ 31

Classes redefined (0 events):
No events

Internal exceptions (10 events):
Event: 0.556 Thread 0x00000000030d4800 Exception <a 'java/security/PrivilegedActionException'> (0x000000076b9a0af8) thrown at [C:\re\workspace\8-2-build-windows-amd64-cygwin\jdk8u211\12973\hotspot\src\share\vm\prims\jvm.cpp, line 1502]
Event: 0.556 Thread 0x00000000030d4800 Exception <a 'java/security/PrivilegedActionException'> (0x000000076b9a0d08) thrown at [C:\re\workspace\8-2-build-windows-amd64-cygwin\jdk8u211\12973\hotspot\src\share\vm\prims\jvm.cpp, line 1502]
Event: 0.557 Thread 0x00000000030d4800 Exception <a 'java/security/PrivilegedActionException'> (0x000000076b9a4c18) thrown at [C:\re\workspace\8-2-build-windows-amd64-cygwin\jdk8u211\12973\hotspot\src\share\vm\prims\jvm.cpp, line 1502]
Event: 0.557 Thread 0x00000000030d4800 Exception <a 'java/security/PrivilegedActionException'> (0x000000076b9a4e28) thrown at [C:\re\workspace\8-2-build-windows-amd64-cygwin\jdk8u211\12973\hotspot\src\share\vm\prims\jvm.cpp, line 1502]
Event: 0.566 Thread 0x00000000030d4800 Exception <a 'java/lang/NoClassDefFoundError': org/slf4j/impl/StaticLoggerBinder> (0x000000076b9acd68) thrown at [C:\re\workspace\8-2-build-windows-amd64-cygwin\jdk8u211\12973\hotspot\src\share\vm\classfile\systemDictionary.cpp, line 199]
Event: 0.630 Thread 0x00000000030d4800 Exception <a 'java/lang/NoSuchFieldError': method resolution failed> (0x000000076bb6bfa8) thrown at [C:\re\workspace\8-2-build-windows-amd64-cygwin\jdk8u211\12973\hotspot\src\share\vm\prims\methodHandles.cpp, line 1167]
Event: 0.632 Thread 0x00000000030d4800 Exception <a 'java/lang/NoSuchFieldError': method resolution failed> (0x000000076bb7a8f8) thrown at [C:\re\workspace\8-2-build-windows-amd64-cygwin\jdk8u211\12973\hotspot\src\share\vm\prims\methodHandles.cpp, line 1167]
Event: 1.082 Thread 0x000000001fe63000 Implicit null exception at 0x0000000003370c67 to 0x0000000003370f01
Event: 10.189 Thread 0x000000001fef4800 Exception <a 'java/io/FileNotFoundException'> (0x000000076e1ee0b8) thrown at [C:\re\workspace\8-2-build-windows-amd64-cygwin\jdk8u211\12973\hotspot\src\share\vm\prims\jni.cpp, line 710]
Event: 10.351 Thread 0x000000001fef4800 Exception <a 'SK/gnome/twain/TwainException': No TWAIN Data Source installed> (0x000000076e338440) thrown at [C:\re\workspace\8-2-build-windows-amd64-cygwin\jdk8u211\12973\hotspot\src\share\vm\prims\jni.cpp, line 736]

Events (10 events):
Event: 1858.659 Executing VM operation: RevokeBias done
Event: 1858.659 Thread 0x000000001ecd5800 Thread exited: 0x000000001ecd5800
Event: 1858.661 loading class java/util/IdentityHashMap$KeySet
Event: 1858.661 loading class java/util/IdentityHashMap$KeySet done
Event: 1858.806 Executing VM operation: RevokeBias
Event: 1858.806 Executing VM operation: RevokeBias done
Event: 1860.608 Executing VM operation: ChangeBreakpoints
Event: 1860.608 Executing VM operation: ChangeBreakpoints done
Event: 1863.266 Thread 0x000000001ecd4800 Thread added: 0x000000001ecd4800
Event: 1863.267 Thread 0x000000001ecd4800 Thread exited: 0x000000001ecd4800


Dynamic libraries:
0x00007ff7d04c0000 - 0x00007ff7d04f7000 	C:\Program Files\Java\jdk1.8.0_211\bin\java.exe
0x00007ff9f2e70000 - 0x00007ff9f3065000 	C:\WINDOWS\SYSTEM32\ntdll.dll
0x00007ff9f1f30000 - 0x00007ff9f1fed000 	C:\WINDOWS\System32\KERNEL32.DLL
0x00007ff9f0b80000 - 0x00007ff9f0e48000 	C:\WINDOWS\System32\KERNELBASE.dll
0x00007ff9f1e20000 - 0x00007ff9f1ecc000 	C:\WINDOWS\System32\ADVAPI32.dll
0x00007ff9f12d0000 - 0x00007ff9f136e000 	C:\WINDOWS\System32\msvcrt.dll
0x00007ff9f0ed0000 - 0x00007ff9f0f6b000 	C:\WINDOWS\System32\sechost.dll
0x00007ff9f2c70000 - 0x00007ff9f2d9b000 	C:\WINDOWS\System32\RPCRT4.dll
0x00007ff9f1370000 - 0x00007ff9f1510000 	C:\WINDOWS\System32\USER32.dll
0x00007ff9f09c0000 - 0x00007ff9f09e2000 	C:\WINDOWS\System32\win32u.dll
0x00007ff9f2c40000 - 0x00007ff9f2c6a000 	C:\WINDOWS\System32\GDI32.dll
0x00007ff9f09f0000 - 0x00007ff9f0afb000 	C:\WINDOWS\System32\gdi32full.dll
0x00007ff9f05b0000 - 0x00007ff9f064d000 	C:\WINDOWS\System32\msvcp_win.dll
0x00007ff9f0810000 - 0x00007ff9f0910000 	C:\WINDOWS\System32\ucrtbase.dll
0x00007ff9e04f0000 - 0x00007ff9e078a000 	C:\WINDOWS\WinSxS\amd64_microsoft.windows.common-controls_6595b64144ccf1df_6.0.19041.844_none_ca00b6081b84eb1d\COMCTL32.dll
0x00007ff9f2740000 - 0x00007ff9f2770000 	C:\WINDOWS\System32\IMM32.DLL
0x000000006a790000 - 0x000000006a862000 	C:\Program Files\Java\jdk1.8.0_211\jre\bin\msvcr100.dll
0x0000000066740000 - 0x0000000066fe5000 	C:\Program Files\Java\jdk1.8.0_211\jre\bin\server\jvm.dll
0x00007ff9f10c0000 - 0x00007ff9f10c8000 	C:\WINDOWS\System32\PSAPI.DLL
0x00007ff9dde70000 - 0x00007ff9dde79000 	C:\WINDOWS\SYSTEM32\WSOCK32.dll
0x00007ff9f0fd0000 - 0x00007ff9f103b000 	C:\WINDOWS\System32\WS2_32.dll
0x00007ff9df520000 - 0x00007ff9df547000 	C:\WINDOWS\SYSTEM32\WINMM.dll
0x00007ff9ed1d0000 - 0x00007ff9ed1da000 	C:\WINDOWS\SYSTEM32\VERSION.dll
0x00007ff9ed220000 - 0x00007ff9ed22f000 	C:\Program Files\Java\jdk1.8.0_211\jre\bin\verify.dll
0x00007ff9ecf60000 - 0x00007ff9ecf89000 	C:\Program Files\Java\jdk1.8.0_211\jre\bin\java.dll
0x00007ff9d85e0000 - 0x00007ff9d8615000 	C:\Program Files\Java\jdk1.8.0_211\jre\bin\jdwp.dll
0x00007ff9ed210000 - 0x00007ff9ed218000 	C:\Program Files\Java\jdk1.8.0_211\jre\bin\npt.dll
0x00007ff9d6390000 - 0x00007ff9d63b3000 	C:\Program Files\Java\jdk1.8.0_211\jre\bin\instrument.dll
0x00007ff9ecf40000 - 0x00007ff9ecf56000 	C:\Program Files\Java\jdk1.8.0_211\jre\bin\zip.dll
0x00007ff9f16d0000 - 0x00007ff9f1e12000 	C:\WINDOWS\System32\SHELL32.dll
0x00007ff9ed8f0000 - 0x00007ff9ee080000 	C:\WINDOWS\SYSTEM32\windows.storage.dll
0x00007ff9f21f0000 - 0x00007ff9f2545000 	C:\WINDOWS\System32\combase.dll
0x00007ff9f0020000 - 0x00007ff9f004c000 	C:\WINDOWS\SYSTEM32\Wldp.dll
0x00007ff9f2550000 - 0x00007ff9f25fe000 	C:\WINDOWS\System32\SHCORE.dll
0x00007ff9f2be0000 - 0x00007ff9f2c35000 	C:\WINDOWS\System32\shlwapi.dll
0x00007ff9f04f0000 - 0x00007ff9f050f000 	C:\WINDOWS\SYSTEM32\profapi.dll
0x00007ff9ed170000 - 0x00007ff9ed179000 	C:\Program Files\Java\jdk1.8.0_211\jre\bin\dt_socket.dll
0x00007ff9efd90000 - 0x00007ff9efdfa000 	C:\WINDOWS\system32\mswsock.dll
0x00007ff9ed0f0000 - 0x00007ff9ed0fd000 	C:\Program Files\Java\jdk1.8.0_211\jre\bin\management.dll
0x00007ff9d6300000 - 0x00007ff9d631a000 	C:\Program Files\Java\jdk1.8.0_211\jre\bin\net.dll
0x00007ff9ded80000 - 0x00007ff9def6e000 	C:\WINDOWS\SYSTEM32\urlmon.dll
0x00007ff9dbdb0000 - 0x00007ff9dc060000 	C:\WINDOWS\SYSTEM32\iertutil.dll
0x00007ff9d6250000 - 0x00007ff9d6262000 	C:\Program Files\Java\jdk1.8.0_211\jre\bin\nio.dll
0x00007ff9eff70000 - 0x00007ff9eff88000 	C:\WINDOWS\SYSTEM32\CRYPTSP.dll
0x00007ff9ef6c0000 - 0x00007ff9ef6f4000 	C:\WINDOWS\system32\rsaenh.dll
0x00007ff9f0ea0000 - 0x00007ff9f0ec7000 	C:\WINDOWS\System32\bcrypt.dll
0x00007ff9f04b0000 - 0x00007ff9f04de000 	C:\WINDOWS\SYSTEM32\USERENV.dll
0x00007ff9f0b00000 - 0x00007ff9f0b80000 	C:\WINDOWS\System32\bcryptprimitives.dll
0x00007ff9eff60000 - 0x00007ff9eff6c000 	C:\WINDOWS\SYSTEM32\CRYPTBASE.dll
0x00007ff9efa30000 - 0x00007ff9efa6b000 	C:\WINDOWS\SYSTEM32\IPHLPAPI.DLL
0x00007ff9f16c0000 - 0x00007ff9f16c8000 	C:\WINDOWS\System32\NSI.dll
0x00007ff9e64f0000 - 0x00007ff9e6507000 	C:\WINDOWS\SYSTEM32\dhcpcsvc6.DLL
0x00007ff9e63b0000 - 0x00007ff9e63cd000 	C:\WINDOWS\SYSTEM32\dhcpcsvc.DLL
0x00007ff9efa80000 - 0x00007ff9efb4c000 	C:\WINDOWS\SYSTEM32\DNSAPI.dll
0x00007ff9d6220000 - 0x00007ff9d624b000 	C:\Users\Usuario\AppData\Local\Temp\morena64W2_35.dll
0x00007ff9f10d0000 - 0x00007ff9f11fa000 	C:\WINDOWS\System32\ole32.dll
0x00007ff9f1200000 - 0x00007ff9f12cd000 	C:\WINDOWS\System32\OLEAUT32.dll
0x00007ff9eeed0000 - 0x00007ff9eeee2000 	C:\WINDOWS\SYSTEM32\kernel.appcore.dll
0x00007ff9f2000000 - 0x00007ff9f20a9000 	C:\WINDOWS\System32\clbcatq.dll
0x00007ff98dd20000 - 0x00007ff98dd73000 	C:\Windows\System32\sti.dll
0x00007ff9cce00000 - 0x00007ff9cce0a000 	C:\WINDOWS\SYSTEM32\wiatrace.dll
0x00007ff973fa0000 - 0x00007ff974139000 	C:\Program Files\Java\jdk1.8.0_211\jre\bin\awt.dll
0x00007ff9eccb0000 - 0x00007ff9ecd40000 	C:\WINDOWS\SYSTEM32\apphelp.dll
0x00007ff9ecdd0000 - 0x00007ff9ece6e000 	C:\WINDOWS\system32\uxtheme.dll
0x00007ff9f20b0000 - 0x00007ff9f21c5000 	C:\WINDOWS\System32\MSCTF.dll
0x00007ff99fa50000 - 0x00007ff99faec000 	C:\Users\Usuario\.morena\twain64_6040012.dll
0x00007ff9ee9e0000 - 0x00007ff9eebc4000 	C:\WINDOWS\SYSTEM32\dbghelp.dll

VM Arguments:
jvm_args: -agentlib:jdwp=transport=dt_socket,address=127.0.0.1:2188,suspend=y,server=n -javaagent:C:\Users\Usuario\.IdeaIC2019.3\system\captureAgent\debugger-agent.jar -Dfile.encoding=UTF-8 
java_command: com.precodata.imageUtils.Scanner.Start
java_class_path (initial): C:\Program Files\Java\jdk1.8.0_211\jre\lib\charsets.jar;C:\Program Files\Java\jdk1.8.0_211\jre\lib\deploy.jar;C:\Program Files\Java\jdk1.8.0_211\jre\lib\ext\access-bridge-64.jar;C:\Program Files\Java\jdk1.8.0_211\jre\lib\ext\cldrdata.jar;C:\Program Files\Java\jdk1.8.0_211\jre\lib\ext\dnsns.jar;C:\Program Files\Java\jdk1.8.0_211\jre\lib\ext\jaccess.jar;C:\Program Files\Java\jdk1.8.0_211\jre\lib\ext\jfxrt.jar;C:\Program Files\Java\jdk1.8.0_211\jre\lib\ext\localedata.jar;C:\Program Files\Java\jdk1.8.0_211\jre\lib\ext\nashorn.jar;C:\Program Files\Java\jdk1.8.0_211\jre\lib\ext\sunec.jar;C:\Program Files\Java\jdk1.8.0_211\jre\lib\ext\sunjce_provider.jar;C:\Program Files\Java\jdk1.8.0_211\jre\lib\ext\sunmscapi.jar;C:\Program Files\Java\jdk1.8.0_211\jre\lib\ext\sunpkcs11.jar;C:\Program Files\Java\jdk1.8.0_211\jre\lib\ext\zipfs.jar;C:\Program Files\Java\jdk1.8.0_211\jre\lib\javaws.jar;C:\Program Files\Java\jdk1.8.0_211\jre\lib\jce.jar;C:\Program Files\Java\jdk1.8.0_211\jre\lib\jfr.jar;C:\Program Files\Java\jdk1.8.0_211\jre\lib\jfxswt.jar;C:\Program Files\Java\jdk1.8.0_211\jre\lib\jsse.jar;C:\Program Files\Java\jdk1.8.0_211\jre\lib\management-agent.jar;C:\Program Files\Java\jdk1.8.0_211\jre\lib\plugin.jar;C:\Program Files\Java\jdk1.8.0_211\jre\lib\resources.jar;C:\Program Files\Java\jdk1.8.0_211\jre\lib\rt.jar;C:\Models\preco-scanner-driver\target\classes;C:\Models\preco-scanner-driver\lib\morena.jar;C:\Models\preco-scanner-driver\lib\morena7.jar;C:\Models\preco-scanner-driver\lib\morena7_win.jar;C:\Models\preco-scanner-driver\lib\morena_license.jar;C:\Models\preco-scanner-driver\lib\morena_windows.jar;C:\Models\preco-scanner-driver\lib\gson-2.8.6.jar;C:\Models\preco-scanner-driver\lib\spark-core-2.9.3.jar;C:\Models\preco-scanner-driver\lib\slf4j-api-1.7.25.jar;C:\Models\preco-scanner-driver\lib\jetty-server-9.4.31.v20200723.jar;C:\Models\preco-scanner-driver\lib\javax.servlet-api-3.1.0.jar;C:\Models\preco-scanner-driver\lib\jetty-http-9.4.31.v202
Launcher Type: SUN_STANDARD

Environment Variables:
JAVA_HOME=C:\Program Files\Java\jdk1.8.0_211
CLASSPATH=C:\Program Files (x86)\GeneXus\GeneXus15\gxjava\drivers
USERNAME=Usuario
OS=Windows_NT
PROCESSOR_IDENTIFIER=Intel64 Family 6 Model 158 Stepping 9, GenuineIntel



---------------  S Y S T E M  ---------------

OS: Windows 10.0 , 64 bit Build 19041 (10.0.19041.928)

CPU:total 8 (initial active 8) (4 cores per cpu, 2 threads per core) family 6 model 158 stepping 9, cmov, cx8, fxsr, mmx, sse, sse2, sse3, ssse3, sse4.1, sse4.2, popcnt, avx, avx2, aes, clmul, erms, 3dnowpref, lzcnt, ht, tsc, tscinvbit, bmi1, bmi2, adx

Memory: 4k page, physical 16659176k(2412268k free), swap 37606120k(9228060k free)

vm_info: Java HotSpot(TM) 64-Bit Server VM (25.211-b12) for windows-amd64 JRE (1.8.0_211-b12), built on Apr  1 2019 20:53:26 by "java_re" with MS VC++ 10.0 (VS2010)

time: Thu Jun 10 00:50:15 2021
timezone: Hora estándar de Montevideo
elapsed time: 1869 seconds (0d 0h 31m 9s)

