#
# A fatal error has been detected by the Java Runtime Environment:
#
#  EXCEPTION_ACCESS_VIOLATION (0xc0000005) at pc=0x00000000669bf270, pid=136296, tid=0x0000000000021b54
#
# JRE version: Java(TM) SE Runtime Environment (8.0_211-b12) (build 1.8.0_211-b12)
# Java VM: Java HotSpot(TM) 64-Bit Server VM (25.211-b12 mixed mode windows-amd64 compressed oops)
# Problematic frame:
# V  [jvm.dll+0x27f270]
#
# Failed to write core dump. Minidumps are not enabled by default on client versions of Windows
#
# If you would like to submit a bug report, please visit:
#   http://bugreport.java.com/bugreport/crash.jsp
#

---------------  T H R E A D  ---------------

Current thread (0x000000001f7a0800):  JavaThread "Thread-16" [_thread_in_vm, id=138068, stack(0x000000001fe40000,0x000000001ff40000)]

siginfo: ExceptionCode=0xc0000005, reading address 0x0000000000000030

Registers:
RAX=0x0000000000000000, RBX=0x000000001f7a0800, RCX=0x0000000000000030, RDX=0x0000000000000030
RSP=0x000000001ff3e448, RBP=0x000000001ff3efb0, RSI=0x0000000000000030, RDI=0x000000001ff3e4b8
R8 =0x000000001f7a0800, R9 =0x000000001f824700, R10=0x00000000008d0e38, R11=0x000000001ff3e4a0
R12=0x0000000000000000, R13=0x00000000008dc558, R14=0x000000001ff3f000, R15=0x000000001f7a0800
RIP=0x00000000669bf270, EFLAGS=0x0000000000010206

Top of Stack: (sp=0x000000001ff3e448)
0x000000001ff3e448:   00000000667af3f3 000000001f7a0800
0x000000001ff3e458:   0000000000000000 000000001f7a09f8
0x000000001ff3e468:   0000000066881905 000000001f7a09f8
0x000000001ff3e478:   00000000667af4d9 000000001ff3efb0
0x000000001ff3e488:   00007ff90000000e 000000001f7a0800
0x000000001ff3e498:   0000000000000030 000000001f7a0800
0x000000001ff3e4a8:   00000000668817c4 00000000008dc560
0x000000001ff3e4b8:   000000001ff3efb0 00007ff9d630bea8
0x000000001ff3e4c8:   00000000008dc560 000000001f7a0800
0x000000001ff3e4d8:   0000000000000000 000000001ff3e660
0x000000001ff3e4e8:   00007ff9d62f53d1 000000001ff3e660
0x000000001ff3e4f8:   00007ff9d62f4d16 000000001f518dc0
0x000000001ff3e508:   00000000008dc560 00007ff9d630bea8
0x000000001ff3e518:   0000000000000000 000000001ff3efb0
0x000000001ff3e528:   00007ff9d62f8473 000000001f7a09f8
0x000000001ff3e538:   0000000000000030 0000000000000006 

Instructions: (pc=0x00000000669bf270)
0x00000000669bf250:   41 0f b6 14 08 80 e2 c0 80 fa 80 75 02 ff c8 49
0x00000000669bf260:   ff c0 4d 3b c1 7c e9 f3 c3 cc cc cc cc cc cc cc
0x00000000669bf270:   0f b6 11 33 c0 84 d2 74 1c 0f 1f 80 00 00 00 00
0x00000000669bf280:   80 e2 c0 80 fa 80 74 02 ff c0 0f b6 51 01 48 ff 


Register to memory mapping:

RAX=0x0000000000000000 is an unknown value
RBX=0x000000001f7a0800 is a thread
RCX=0x0000000000000030 is an unknown value
RDX=0x0000000000000030 is an unknown value
RSP=0x000000001ff3e448 is pointing into the stack for thread: 0x000000001f7a0800
RBP=0x000000001ff3efb0 is pointing into the stack for thread: 0x000000001f7a0800
RSI=0x0000000000000030 is an unknown value
RDI=0x000000001ff3e4b8 is pointing into the stack for thread: 0x000000001f7a0800
R8 =0x000000001f7a0800 is a thread
R9 =0x000000001f824700 is an unknown value
R10={method} {0x00000000008d0e40} 'trace' '(Ljava/lang/String;)V' in 'eu/gnome/morena/Manager'
R11=0x000000001ff3e4a0 is pointing into the stack for thread: 0x000000001f7a0800
R12=0x0000000000000000 is an unknown value
R13=0x00000000008dc558 is pointing into metadata
R14=0x000000001ff3f000 is pointing into the stack for thread: 0x000000001f7a0800
R15=0x000000001f7a0800 is a thread


Stack: [0x000000001fe40000,0x000000001ff40000],  sp=0x000000001ff3e448,  free space=1017k
Native frames: (J=compiled Java code, j=interpreted, Vv=VM code, C=native code)
V  [jvm.dll+0x27f270]

Java frames: (J=compiled Java code, j=interpreted, Vv=VM code)
j  eu.gnome.morena.wia.WIAScanner._transfer(JZIZ[I)V+0
j  eu.gnome.morena.wia.WIAScanner.transfer()V+74
j  eu.gnome.morena.wia.WIAScanner.run()V+1
j  java.lang.Thread.run()V+11
v  ~StubRoutines::call_stub

---------------  P R O C E S S  ---------------

Java Threads: ( => current thread )
  0x000000001f79a000 JavaThread "qtp1873794434-37" [_thread_blocked, id=127576, stack(0x00000000219a0000,0x0000000021aa0000)]
=>0x000000001f7a0800 JavaThread "Thread-16" [_thread_in_vm, id=138068, stack(0x000000001fe40000,0x000000001ff40000)]
  0x000000001f79f000 JavaThread "qtp1873794434-35" [_thread_in_native, id=137796, stack(0x00000000218a0000,0x00000000219a0000)]
  0x000000001f79d800 JavaThread "AWT-Windows" daemon [_thread_in_native, id=139572, stack(0x00000000214f0000,0x00000000215f0000)]
  0x000000001f79d000 JavaThread "Java2D Disposer" daemon [_thread_blocked, id=140540, stack(0x00000000212f0000,0x00000000213f0000)]
  0x000000001f7a0000 JavaThread "qtp1873794434-26" [_thread_in_native, id=125976, stack(0x0000000020b80000,0x0000000020c80000)]
  0x000000001f79c000 JavaThread "Connector-Scheduler-258a92eb-1" [_thread_blocked, id=127200, stack(0x0000000020a80000,0x0000000020b80000)]
  0x000000001f79a800 JavaThread "Session-HouseKeeper-291885a-1" [_thread_blocked, id=137560, stack(0x0000000020440000,0x0000000020540000)]
  0x000000001f7b4000 JavaThread "qtp1873794434-23" [_thread_in_native, id=127876, stack(0x0000000020340000,0x0000000020440000)]
  0x000000001f6e4800 JavaThread "qtp1873794434-22" [_thread_blocked, id=136080, stack(0x0000000020240000,0x0000000020340000)]
  0x000000001f6e2000 JavaThread "qtp1873794434-21-acceptor-0@67bebb01-ServerConnector@258a92eb{HTTP/1.1, (http/1.1)}{127.0.0.1:1235}" [_thread_in_native, id=141000, stack(0x0000000020140000,0x0000000020240000)]
  0x000000001f6f9000 JavaThread "qtp1873794434-20" [_thread_in_native, id=138548, stack(0x000000001ff40000,0x0000000020040000)]
  0x000000001f6f7800 JavaThread "qtp1873794434-18" [_thread_blocked, id=134524, stack(0x000000001fd40000,0x000000001fe40000)]
  0x000000001f6f7000 JavaThread "qtp1873794434-17" [_thread_blocked, id=140156, stack(0x000000001fc40000,0x000000001fd40000)]
  0x000000001f6f6000 JavaThread "qtp1873794434-16" [_thread_blocked, id=123924, stack(0x000000001fb40000,0x000000001fc40000)]
  0x0000000002724800 JavaThread "DestroyJavaVM" [_thread_blocked, id=135064, stack(0x00000000023c0000,0x00000000024c0000)]
  0x000000001f3c1000 JavaThread "Thread-0" [_thread_blocked, id=140332, stack(0x000000001fa40000,0x000000001fb40000)]
  0x000000001e2f4800 JavaThread "Service Thread" daemon [_thread_blocked, id=139416, stack(0x000000001f040000,0x000000001f140000)]
  0x000000001e2c9800 JavaThread "C1 CompilerThread3" daemon [_thread_blocked, id=135968, stack(0x000000001ef40000,0x000000001f040000)]
  0x000000001e2bd800 JavaThread "C2 CompilerThread2" daemon [_thread_blocked, id=141220, stack(0x000000001ee40000,0x000000001ef40000)]
  0x000000001e2af000 JavaThread "C2 CompilerThread1" daemon [_thread_blocked, id=138720, stack(0x000000001ed40000,0x000000001ee40000)]
  0x000000001e263000 JavaThread "C2 CompilerThread0" daemon [_thread_blocked, id=125872, stack(0x000000001ec40000,0x000000001ed40000)]
  0x000000001e077800 JavaThread "JDWP Command Reader" daemon [_thread_in_native, id=132584, stack(0x000000001eb40000,0x000000001ec40000)]
  0x000000001e06d000 JavaThread "JDWP Event Helper Thread" daemon [_thread_blocked, id=136708, stack(0x000000001ea40000,0x000000001eb40000)]
  0x000000001e05e000 JavaThread "JDWP Transport Listener: dt_socket" daemon [_thread_blocked, id=12432, stack(0x000000001e940000,0x000000001ea40000)]
  0x000000001e057800 JavaThread "Attach Listener" daemon [_thread_blocked, id=139356, stack(0x000000001e840000,0x000000001e940000)]
  0x000000001e056000 JavaThread "Signal Dispatcher" daemon [_thread_blocked, id=119108, stack(0x000000001e740000,0x000000001e840000)]
  0x000000001e040800 JavaThread "Finalizer" daemon [_thread_blocked, id=137100, stack(0x000000001e520000,0x000000001e620000)]
  0x000000000281d800 JavaThread "Reference Handler" daemon [_thread_blocked, id=131560, stack(0x000000001e420000,0x000000001e520000)]

Other Threads:
  0x000000001c239000 VMThread [stack: 0x000000001df20000,0x000000001e020000] [id=122648]
  0x000000001e351000 WatcherThread [stack: 0x000000001f140000,0x000000001f240000] [id=131332]

VM state:not at safepoint (normal execution)

VM Mutex/Monitor currently owned by a thread: None

heap address: 0x00000006c1c00000, size: 4068 MB, Compressed Oops mode: Zero based, Oop shift amount: 3
Narrow klass base: 0x0000000000000000, Narrow klass shift: 3
Compressed class space size: 1073741824 Address: 0x00000007c0000000

Heap:
 PSYoungGen      total 76288K, used 48753K [0x000000076b400000, 0x0000000770900000, 0x00000007c0000000)
  eden space 65536K, 64% used [0x000000076b400000,0x000000076dd4f320,0x000000076f400000)
  from space 10752K, 60% used [0x000000076f400000,0x000000076fa4d308,0x000000076fe80000)
  to   space 10752K, 0% used [0x000000076fe80000,0x000000076fe80000,0x0000000770900000)
 ParOldGen       total 175104K, used 16K [0x00000006c1c00000, 0x00000006cc700000, 0x000000076b400000)
  object space 175104K, 0% used [0x00000006c1c00000,0x00000006c1c04000,0x00000006cc700000)
 Metaspace       used 14737K, capacity 15126K, committed 15360K, reserved 1062912K
  class space    used 1655K, capacity 1775K, committed 1792K, reserved 1048576K

Card table byte_map: [0x0000000011be0000,0x00000000123e0000] byte_map_base: 0x000000000e5d2000

Marking Bits: (ParMarkBitMap*) 0x0000000066f65ce0
 Begin Bits: [0x0000000013130000, 0x00000000170c0000)
 End Bits:   [0x00000000170c0000, 0x000000001b050000)

Polling page: 0x0000000002330000

CodeCache: size=245760Kb used=3832Kb max_used=3843Kb free=241927Kb
 bounds [0x0000000002820000, 0x0000000002bf0000, 0x0000000011820000]
 total_blobs=1498 nmethods=1034 adapters=385
 compilation: enabled

Compilation events (10 events):
Event: 110.783 Thread 0x000000001e2c9800 1089       3       jdk.internal.org.objectweb.asm.ClassWriter::newNameTypeItem (71 bytes)
Event: 110.783 Thread 0x000000001e2c9800 nmethod 1089 0x0000000002be2410 code [0x0000000002be25e0, 0x0000000002be2b18]
Event: 110.786 Thread 0x000000001e2c9800 1090       1       java.lang.Enum::toString (5 bytes)
Event: 110.786 Thread 0x000000001e2c9800 nmethod 1090 0x0000000002be2e10 code [0x0000000002be2f60, 0x0000000002be3070]
Event: 110.793 Thread 0x000000001e2c9800 1091       3       java.nio.charset.CoderResult::isUnderflow (13 bytes)
Event: 110.794 Thread 0x000000001e2c9800 nmethod 1091 0x0000000002be30d0 code [0x0000000002be3220, 0x0000000002be33d0]
Event: 110.795 Thread 0x000000001e2c9800 1092       1       java.lang.Boolean::booleanValue (5 bytes)
Event: 110.796 Thread 0x000000001e2c9800 nmethod 1092 0x00000000029232d0 code [0x0000000002923420, 0x0000000002923530]
Event: 110.802 Thread 0x000000001e2c9800 1093       1       org.eclipse.jetty.server.HttpOutput::getBufferSize (5 bytes)
Event: 110.802 Thread 0x000000001e2c9800 nmethod 1093 0x000000000293b790 code [0x000000000293b8e0, 0x000000000293b9f0]

GC Heap History (2 events):
Event: 101.927 GC heap before
{Heap before GC invocations=1 (full 0):
 PSYoungGen      total 76288K, used 61847K [0x000000076b400000, 0x0000000770900000, 0x00000007c0000000)
  eden space 65536K, 94% used [0x000000076b400000,0x000000076f065ef0,0x000000076f400000)
  from space 10752K, 0% used [0x000000076fe80000,0x000000076fe80000,0x0000000770900000)
  to   space 10752K, 0% used [0x000000076f400000,0x000000076f400000,0x000000076fe80000)
 ParOldGen       total 175104K, used 0K [0x00000006c1c00000, 0x00000006cc700000, 0x000000076b400000)
  object space 175104K, 0% used [0x00000006c1c00000,0x00000006c1c00000,0x00000006cc700000)
 Metaspace       used 14330K, capacity 14672K, committed 14848K, reserved 1062912K
  class space    used 1613K, capacity 1710K, committed 1792K, reserved 1048576K
Event: 101.933 GC heap after
Heap after GC invocations=1 (full 0):
 PSYoungGen      total 76288K, used 6452K [0x000000076b400000, 0x0000000770900000, 0x00000007c0000000)
  eden space 65536K, 0% used [0x000000076b400000,0x000000076b400000,0x000000076f400000)
  from space 10752K, 60% used [0x000000076f400000,0x000000076fa4d308,0x000000076fe80000)
  to   space 10752K, 0% used [0x000000076fe80000,0x000000076fe80000,0x0000000770900000)
 ParOldGen       total 175104K, used 16K [0x00000006c1c00000, 0x00000006cc700000, 0x000000076b400000)
  object space 175104K, 0% used [0x00000006c1c00000,0x00000006c1c04000,0x00000006cc700000)
 Metaspace       used 14330K, capacity 14672K, committed 14848K, reserved 1062912K
  class space    used 1613K, capacity 1710K, committed 1792K, reserved 1048576K
}

Deoptimization events (6 events):
Event: 11.429 Thread 0x000000001f3c1000 Uncommon trap: reason=unstable_if action=reinterpret pc=0x00000000029c8e08 method=java.lang.String.indexOf([CII[CIII)I @ 3
Event: 11.469 Thread 0x000000001f3c1000 Uncommon trap: reason=null_check action=make_not_entrant pc=0x00000000029be650 method=java.lang.String.equals(Ljava/lang/Object;)Z @ 8
Event: 33.288 Thread 0x000000001f7b4000 Uncommon trap: reason=unstable_if action=reinterpret pc=0x0000000002ad585c method=java.lang.String.indexOf([CII[CIII)I @ 27
Event: 93.053 Thread 0x000000001f6f7000 Uncommon trap: reason=unstable_if action=reinterpret pc=0x00000000029c45c4 method=java.lang.String.startsWith(Ljava/lang/String;I)Z @ 25
Event: 93.192 Thread 0x000000001f6f7000 Uncommon trap: reason=unstable_if action=reinterpret pc=0x0000000002b523c0 method=java.math.BigInteger.addOne([IIII)I @ 55
Event: 102.094 Thread 0x000000001f6f7000 Uncommon trap: reason=range_check action=make_not_entrant pc=0x0000000002ba4828 method=sun.awt.image.ByteInterleavedRaster.getPixels(IIII[I)[I @ 219

Classes redefined (0 events):
No events

Internal exceptions (10 events):
Event: 0.451 Thread 0x0000000002724800 Exception <a 'java/security/PrivilegedActionException'> (0x000000076b9a1e20) thrown at [C:\re\workspace\8-2-build-windows-amd64-cygwin\jdk8u211\12973\hotspot\src\share\vm\prims\jvm.cpp, line 1502]
Event: 0.452 Thread 0x0000000002724800 Exception <a 'java/security/PrivilegedActionException'> (0x000000076b9a5d30) thrown at [C:\re\workspace\8-2-build-windows-amd64-cygwin\jdk8u211\12973\hotspot\src\share\vm\prims\jvm.cpp, line 1502]
Event: 0.452 Thread 0x0000000002724800 Exception <a 'java/security/PrivilegedActionException'> (0x000000076b9a5f40) thrown at [C:\re\workspace\8-2-build-windows-amd64-cygwin\jdk8u211\12973\hotspot\src\share\vm\prims\jvm.cpp, line 1502]
Event: 0.462 Thread 0x0000000002724800 Exception <a 'java/lang/NoClassDefFoundError': org/slf4j/impl/StaticLoggerBinder> (0x000000076b9ade80) thrown at [C:\re\workspace\8-2-build-windows-amd64-cygwin\jdk8u211\12973\hotspot\src\share\vm\classfile\systemDictionary.cpp, line 199]
Event: 0.542 Thread 0x0000000002724800 Exception <a 'java/lang/NoSuchFieldError': method resolution failed> (0x000000076bb6cd88) thrown at [C:\re\workspace\8-2-build-windows-amd64-cygwin\jdk8u211\12973\hotspot\src\share\vm\prims\methodHandles.cpp, line 1167]
Event: 0.545 Thread 0x0000000002724800 Exception <a 'java/lang/NoSuchFieldError': method resolution failed> (0x000000076bb7b6d8) thrown at [C:\re\workspace\8-2-build-windows-amd64-cygwin\jdk8u211\12973\hotspot\src\share\vm\prims\methodHandles.cpp, line 1167]
Event: 11.469 Thread 0x000000001f3c1000 Implicit null exception at 0x00000000029be3a7 to 0x00000000029be641
Event: 94.127 Thread 0x000000001f6f7000 Exception <a 'java/io/FileNotFoundException'> (0x000000076e474d58) thrown at [C:\re\workspace\8-2-build-windows-amd64-cygwin\jdk8u211\12973\hotspot\src\share\vm\prims\jni.cpp, line 710]
Event: 94.278 Thread 0x000000001f6f7000 Exception <a 'SK/gnome/twain/TwainException': No TWAIN Data Source installed> (0x000000076e5bf880) thrown at [C:\re\workspace\8-2-build-windows-amd64-cygwin\jdk8u211\12973\hotspot\src\share\vm\prims\jni.cpp, line 736]
Event: 104.025 Thread 0x000000001f6f7000 Exception <a 'java/io/IOException'> (0x000000076d6c2e40) thrown at [C:\re\workspace\8-2-build-windows-amd64-cygwin\jdk8u211\12973\hotspot\src\share\vm\prims\jni.cpp, line 710]

Events (10 events):
Event: 110.800 loading class spark/CustomErrorPages$SingletonHolder
Event: 110.800 loading class spark/CustomErrorPages$SingletonHolder done
Event: 110.800 Thread 0x000000001f6e4800 DEOPT PACKING pc=0x0000000002a470c9 sp=0x000000002033cf00
Event: 110.800 Thread 0x000000001f6e4800 DEOPT UNPACKING pc=0x0000000002867890 sp=0x000000002033cc50 mode 1
Event: 110.800 Thread 0x000000001f6e4800 DEOPT PACKING pc=0x00000000029c9f44 sp=0x000000002033cf80
Event: 110.800 Thread 0x000000001f6e4800 DEOPT UNPACKING pc=0x0000000002867890 sp=0x000000002033cda0 mode 1
Event: 110.800 Thread 0x000000001f6e4800 DEOPT PACKING pc=0x00000000029c9cdc sp=0x000000002033d110
Event: 110.800 Thread 0x000000001f6e4800 DEOPT UNPACKING pc=0x0000000002867890 sp=0x000000002033cf30 mode 1
Event: 110.802 Thread 0x000000001e2c9800 flushing nmethod 0x000000000296a550
Event: 110.802 Thread 0x000000001e2c9800 flushing nmethod 0x00000000029764d0


Dynamic libraries:
0x00007ff7d04c0000 - 0x00007ff7d04f7000 	C:\Program Files\Java\jdk1.8.0_211\bin\java.exe
0x00007ff9f2e70000 - 0x00007ff9f3065000 	C:\WINDOWS\SYSTEM32\ntdll.dll
0x00007ff9f1f30000 - 0x00007ff9f1fed000 	C:\WINDOWS\System32\KERNEL32.DLL
0x00007ff9f0b80000 - 0x00007ff9f0e48000 	C:\WINDOWS\System32\KERNELBASE.dll
0x00007ff9f1e20000 - 0x00007ff9f1ecc000 	C:\WINDOWS\System32\ADVAPI32.dll
0x00007ff9f12d0000 - 0x00007ff9f136e000 	C:\WINDOWS\System32\msvcrt.dll
0x00007ff9f0ed0000 - 0x00007ff9f0f6b000 	C:\WINDOWS\System32\sechost.dll
0x00007ff9f2c70000 - 0x00007ff9f2d9b000 	C:\WINDOWS\System32\RPCRT4.dll
0x00007ff9f1370000 - 0x00007ff9f1510000 	C:\WINDOWS\System32\USER32.dll
0x00007ff9f09c0000 - 0x00007ff9f09e2000 	C:\WINDOWS\System32\win32u.dll
0x00007ff9f2c40000 - 0x00007ff9f2c6a000 	C:\WINDOWS\System32\GDI32.dll
0x00007ff9f09f0000 - 0x00007ff9f0afb000 	C:\WINDOWS\System32\gdi32full.dll
0x00007ff9f05b0000 - 0x00007ff9f064d000 	C:\WINDOWS\System32\msvcp_win.dll
0x00007ff9f0810000 - 0x00007ff9f0910000 	C:\WINDOWS\System32\ucrtbase.dll
0x00007ff9e04f0000 - 0x00007ff9e078a000 	C:\WINDOWS\WinSxS\amd64_microsoft.windows.common-controls_6595b64144ccf1df_6.0.19041.844_none_ca00b6081b84eb1d\COMCTL32.dll
0x00007ff9f2740000 - 0x00007ff9f2770000 	C:\WINDOWS\System32\IMM32.DLL
0x000000006a790000 - 0x000000006a862000 	C:\Program Files\Java\jdk1.8.0_211\jre\bin\msvcr100.dll
0x0000000066740000 - 0x0000000066fe5000 	C:\Program Files\Java\jdk1.8.0_211\jre\bin\server\jvm.dll
0x00007ff9f10c0000 - 0x00007ff9f10c8000 	C:\WINDOWS\System32\PSAPI.DLL
0x00007ff9df520000 - 0x00007ff9df547000 	C:\WINDOWS\SYSTEM32\WINMM.dll
0x00007ff9dde70000 - 0x00007ff9dde79000 	C:\WINDOWS\SYSTEM32\WSOCK32.dll
0x00007ff9ed1d0000 - 0x00007ff9ed1da000 	C:\WINDOWS\SYSTEM32\VERSION.dll
0x00007ff9f0fd0000 - 0x00007ff9f103b000 	C:\WINDOWS\System32\WS2_32.dll
0x00007ff9ed260000 - 0x00007ff9ed26f000 	C:\Program Files\Java\jdk1.8.0_211\jre\bin\verify.dll
0x00007ff9ed230000 - 0x00007ff9ed259000 	C:\Program Files\Java\jdk1.8.0_211\jre\bin\java.dll
0x00007ff9d85e0000 - 0x00007ff9d8615000 	C:\Program Files\Java\jdk1.8.0_211\jre\bin\jdwp.dll
0x00007ff9ed170000 - 0x00007ff9ed178000 	C:\Program Files\Java\jdk1.8.0_211\jre\bin\npt.dll
0x00007ff9de590000 - 0x00007ff9de5b3000 	C:\Program Files\Java\jdk1.8.0_211\jre\bin\instrument.dll
0x00007ff9ed210000 - 0x00007ff9ed226000 	C:\Program Files\Java\jdk1.8.0_211\jre\bin\zip.dll
0x00007ff9f16d0000 - 0x00007ff9f1e12000 	C:\WINDOWS\System32\SHELL32.dll
0x00007ff9ed8f0000 - 0x00007ff9ee080000 	C:\WINDOWS\SYSTEM32\windows.storage.dll
0x00007ff9f21f0000 - 0x00007ff9f2545000 	C:\WINDOWS\System32\combase.dll
0x00007ff9f0020000 - 0x00007ff9f004c000 	C:\WINDOWS\SYSTEM32\Wldp.dll
0x00007ff9f2550000 - 0x00007ff9f25fe000 	C:\WINDOWS\System32\SHCORE.dll
0x00007ff9f2be0000 - 0x00007ff9f2c35000 	C:\WINDOWS\System32\shlwapi.dll
0x00007ff9f04f0000 - 0x00007ff9f050f000 	C:\WINDOWS\SYSTEM32\profapi.dll
0x00007ff9ed0f0000 - 0x00007ff9ed0f9000 	C:\Program Files\Java\jdk1.8.0_211\jre\bin\dt_socket.dll
0x00007ff9efd90000 - 0x00007ff9efdfa000 	C:\WINDOWS\system32\mswsock.dll
0x00007ff9de500000 - 0x00007ff9de50d000 	C:\Program Files\Java\jdk1.8.0_211\jre\bin\management.dll
0x00007ff9ecf30000 - 0x00007ff9ecf4a000 	C:\Program Files\Java\jdk1.8.0_211\jre\bin\net.dll
0x00007ff9ded80000 - 0x00007ff9def6e000 	C:\WINDOWS\SYSTEM32\urlmon.dll
0x00007ff9dbdb0000 - 0x00007ff9dc060000 	C:\WINDOWS\SYSTEM32\iertutil.dll
0x00007ff9d63a0000 - 0x00007ff9d63b2000 	C:\Program Files\Java\jdk1.8.0_211\jre\bin\nio.dll
0x00007ff9eff70000 - 0x00007ff9eff88000 	C:\WINDOWS\SYSTEM32\CRYPTSP.dll
0x00007ff9ef6c0000 - 0x00007ff9ef6f4000 	C:\WINDOWS\system32\rsaenh.dll
0x00007ff9f0ea0000 - 0x00007ff9f0ec7000 	C:\WINDOWS\System32\bcrypt.dll
0x00007ff9f04b0000 - 0x00007ff9f04de000 	C:\WINDOWS\SYSTEM32\USERENV.dll
0x00007ff9f0b00000 - 0x00007ff9f0b80000 	C:\WINDOWS\System32\bcryptprimitives.dll
0x00007ff9eff60000 - 0x00007ff9eff6c000 	C:\WINDOWS\SYSTEM32\CRYPTBASE.dll
0x00007ff9efa30000 - 0x00007ff9efa6b000 	C:\WINDOWS\SYSTEM32\IPHLPAPI.DLL
0x00007ff9f16c0000 - 0x00007ff9f16c8000 	C:\WINDOWS\System32\NSI.dll
0x00007ff9e64f0000 - 0x00007ff9e6507000 	C:\WINDOWS\SYSTEM32\dhcpcsvc6.DLL
0x00007ff9e63b0000 - 0x00007ff9e63cd000 	C:\WINDOWS\SYSTEM32\dhcpcsvc.DLL
0x00007ff9efa80000 - 0x00007ff9efb4c000 	C:\WINDOWS\SYSTEM32\DNSAPI.dll
0x00007ff9d62f0000 - 0x00007ff9d631b000 	C:\Users\Usuario\AppData\Local\Temp\morena64W2_35.dll
0x00007ff9f10d0000 - 0x00007ff9f11fa000 	C:\WINDOWS\System32\ole32.dll
0x00007ff9f1200000 - 0x00007ff9f12cd000 	C:\WINDOWS\System32\OLEAUT32.dll
0x00007ff9eeed0000 - 0x00007ff9eeee2000 	C:\WINDOWS\SYSTEM32\kernel.appcore.dll
0x00007ff9f2000000 - 0x00007ff9f20a9000 	C:\WINDOWS\System32\clbcatq.dll
0x00007ff98dd20000 - 0x00007ff98dd73000 	C:\Windows\System32\sti.dll
0x00007ff9cce00000 - 0x00007ff9cce0a000 	C:\WINDOWS\SYSTEM32\wiatrace.dll
0x00007ff95a3c0000 - 0x00007ff95a559000 	C:\Program Files\Java\jdk1.8.0_211\jre\bin\awt.dll
0x00007ff9eccb0000 - 0x00007ff9ecd40000 	C:\WINDOWS\SYSTEM32\apphelp.dll
0x00007ff9ecdd0000 - 0x00007ff9ece6e000 	C:\WINDOWS\system32\uxtheme.dll
0x00007ff9f20b0000 - 0x00007ff9f21c5000 	C:\WINDOWS\System32\MSCTF.dll
0x00007ff99f9e0000 - 0x00007ff99fa7c000 	C:\Users\Usuario\.morena\twain64_6040012.dll
0x00007ff9d6240000 - 0x00007ff9d624c000 	C:\WINDOWS\system32\SaImgFl8.dll
0x00007ff9cb820000 - 0x00007ff9cb9cb000 	C:\WINDOWS\WinSxS\amd64_microsoft.windows.gdiplus_6595b64144ccf1df_1.1.19041.928_none_faefac437613c6cc\gdiplus.dll
0x00007ff9e7aa0000 - 0x00007ff9e7c54000 	C:\WINDOWS\SYSTEM32\WindowsCodecs.dll
0x00007ff9ee9e0000 - 0x00007ff9eebc4000 	C:\WINDOWS\SYSTEM32\dbghelp.dll

VM Arguments:
jvm_args: -agentlib:jdwp=transport=dt_socket,address=127.0.0.1:2148,suspend=y,server=n -javaagent:C:\Users\Usuario\.IdeaIC2019.3\system\captureAgent\debugger-agent.jar -Dfile.encoding=UTF-8 
java_command: com.precodata.imageUtils.Scanner.Start
java_class_path (initial): C:\Program Files\Java\jdk1.8.0_211\jre\lib\charsets.jar;C:\Program Files\Java\jdk1.8.0_211\jre\lib\deploy.jar;C:\Program Files\Java\jdk1.8.0_211\jre\lib\ext\access-bridge-64.jar;C:\Program Files\Java\jdk1.8.0_211\jre\lib\ext\cldrdata.jar;C:\Program Files\Java\jdk1.8.0_211\jre\lib\ext\dnsns.jar;C:\Program Files\Java\jdk1.8.0_211\jre\lib\ext\jaccess.jar;C:\Program Files\Java\jdk1.8.0_211\jre\lib\ext\jfxrt.jar;C:\Program Files\Java\jdk1.8.0_211\jre\lib\ext\localedata.jar;C:\Program Files\Java\jdk1.8.0_211\jre\lib\ext\nashorn.jar;C:\Program Files\Java\jdk1.8.0_211\jre\lib\ext\sunec.jar;C:\Program Files\Java\jdk1.8.0_211\jre\lib\ext\sunjce_provider.jar;C:\Program Files\Java\jdk1.8.0_211\jre\lib\ext\sunmscapi.jar;C:\Program Files\Java\jdk1.8.0_211\jre\lib\ext\sunpkcs11.jar;C:\Program Files\Java\jdk1.8.0_211\jre\lib\ext\zipfs.jar;C:\Program Files\Java\jdk1.8.0_211\jre\lib\javaws.jar;C:\Program Files\Java\jdk1.8.0_211\jre\lib\jce.jar;C:\Program Files\Java\jdk1.8.0_211\jre\lib\jfr.jar;C:\Program Files\Java\jdk1.8.0_211\jre\lib\jfxswt.jar;C:\Program Files\Java\jdk1.8.0_211\jre\lib\jsse.jar;C:\Program Files\Java\jdk1.8.0_211\jre\lib\management-agent.jar;C:\Program Files\Java\jdk1.8.0_211\jre\lib\plugin.jar;C:\Program Files\Java\jdk1.8.0_211\jre\lib\resources.jar;C:\Program Files\Java\jdk1.8.0_211\jre\lib\rt.jar;C:\Models\preco-scanner-driver\target\classes;C:\Models\preco-scanner-driver\lib\morena.jar;C:\Models\preco-scanner-driver\lib\morena7.jar;C:\Models\preco-scanner-driver\lib\morena7_win.jar;C:\Models\preco-scanner-driver\lib\morena_license.jar;C:\Models\preco-scanner-driver\lib\morena_windows.jar;C:\Models\preco-scanner-driver\lib\gson-2.8.6.jar;C:\Models\preco-scanner-driver\lib\spark-core-2.9.3.jar;C:\Models\preco-scanner-driver\lib\slf4j-api-1.7.25.jar;C:\Models\preco-scanner-driver\lib\jetty-server-9.4.31.v20200723.jar;C:\Models\preco-scanner-driver\lib\javax.servlet-api-3.1.0.jar;C:\Models\preco-scanner-driver\lib\jetty-http-9.4.31.v202
Launcher Type: SUN_STANDARD

Environment Variables:
JAVA_HOME=C:\Program Files\Java\jdk1.8.0_211
CLASSPATH=C:\Program Files (x86)\GeneXus\GeneXus15\gxjava\drivers
USERNAME=Usuario
OS=Windows_NT
PROCESSOR_IDENTIFIER=Intel64 Family 6 Model 158 Stepping 9, GenuineIntel



---------------  S Y S T E M  ---------------

OS: Windows 10.0 , 64 bit Build 19041 (10.0.19041.928)

CPU:total 8 (initial active 8) (4 cores per cpu, 2 threads per core) family 6 model 158 stepping 9, cmov, cx8, fxsr, mmx, sse, sse2, sse3, ssse3, sse4.1, sse4.2, popcnt, avx, avx2, aes, clmul, erms, 3dnowpref, lzcnt, ht, tsc, tscinvbit, bmi1, bmi2, adx

Memory: 4k page, physical 16659176k(2739088k free), swap 37606120k(9234196k free)

vm_info: Java HotSpot(TM) 64-Bit Server VM (25.211-b12) for windows-amd64 JRE (1.8.0_211-b12), built on Apr  1 2019 20:53:26 by "java_re" with MS VC++ 10.0 (VS2010)

time: Thu Jun 10 02:14:03 2021
timezone: Hora estándar de Montevideo
elapsed time: 114 seconds (0d 0h 1m 54s)

