#
# A fatal error has been detected by the Java Runtime Environment:
#
#  EXCEPTION_ACCESS_VIOLATION (0xc0000005) at pc=0x00000000669bf270, pid=138320, tid=0x0000000000021be0
#
# JRE version: Java(TM) SE Runtime Environment (8.0_211-b12) (build 1.8.0_211-b12)
# Java VM: Java HotSpot(TM) 64-Bit Server VM (25.211-b12 mixed mode windows-amd64 compressed oops)
# Problematic frame:
# V  [jvm.dll+0x27f270]
#
# Failed to write core dump. Minidumps are not enabled by default on client versions of Windows
#
# If you would like to submit a bug report, please visit:
#   http://bugreport.java.com/bugreport/crash.jsp
#

---------------  T H R E A D  ---------------

Current thread (0x000000001e4c1800):  JavaThread "Thread-15" [_thread_in_vm, id=138208, stack(0x0000000021770000,0x0000000021870000)]

siginfo: ExceptionCode=0xc0000005, reading address 0x0000000000000030

Registers:
RAX=0x0000000000000000, RBX=0x000000001e4c1800, RCX=0x0000000000000030, RDX=0x0000000000000030
RSP=0x000000002186e4b8, RBP=0x000000002186f020, RSI=0x0000000000000030, RDI=0x000000002186e528
R8 =0x000000001e4c1800, R9 =0x000000001f736e80, R10=0x0000000020af0828, R11=0x000000002186e510
R12=0x0000000000000000, R13=0x0000000020afbcf8, R14=0x000000002186f070, R15=0x000000001e4c1800
RIP=0x00000000669bf270, EFLAGS=0x0000000000010206

Top of Stack: (sp=0x000000002186e4b8)
0x000000002186e4b8:   00000000667af3f3 000000001e4c1800
0x000000002186e4c8:   0000000000000000 000000001e4c19f8
0x000000002186e4d8:   0000000066881905 000000001e4c19f8
0x000000002186e4e8:   00000000667af4d9 000000002186f020
0x000000002186e4f8:   00007ff90000000e 000000001e4c1800
0x000000002186e508:   0000000000000030 000000001e4c1800
0x000000002186e518:   00000000668817c4 0000000020afbd00
0x000000002186e528:   000000002186f020 00007ff9b44fbea8
0x000000002186e538:   0000000020afbd00 000000001e4c1800
0x000000002186e548:   0000000000000000 000000002186e6d0
0x000000002186e558:   00007ff9b44e53d1 000000002186e6d0
0x000000002186e568:   00007ff9b44e4d16 000000001e46b158
0x000000002186e578:   0000000020afbd00 00007ff9b44fbea8
0x000000002186e588:   0000000000000000 000000002186f020
0x000000002186e598:   00007ff9b44e8473 000000001e4c19f8
0x000000002186e5a8:   0000000000000030 0000000000000006 

Instructions: (pc=0x00000000669bf270)
0x00000000669bf250:   41 0f b6 14 08 80 e2 c0 80 fa 80 75 02 ff c8 49
0x00000000669bf260:   ff c0 4d 3b c1 7c e9 f3 c3 cc cc cc cc cc cc cc
0x00000000669bf270:   0f b6 11 33 c0 84 d2 74 1c 0f 1f 80 00 00 00 00
0x00000000669bf280:   80 e2 c0 80 fa 80 74 02 ff c0 0f b6 51 01 48 ff 


Register to memory mapping:

RAX=0x0000000000000000 is an unknown value
RBX=0x000000001e4c1800 is a thread
RCX=0x0000000000000030 is an unknown value
RDX=0x0000000000000030 is an unknown value
RSP=0x000000002186e4b8 is pointing into the stack for thread: 0x000000001e4c1800
RBP=0x000000002186f020 is pointing into the stack for thread: 0x000000001e4c1800
RSI=0x0000000000000030 is an unknown value
RDI=0x000000002186e528 is pointing into the stack for thread: 0x000000001e4c1800
R8 =0x000000001e4c1800 is a thread
R9 =0x000000001f736e80 is an unknown value
R10={method} {0x0000000020af0830} 'trace' '(Ljava/lang/String;)V' in 'eu/gnome/morena/Manager'
R11=0x000000002186e510 is pointing into the stack for thread: 0x000000001e4c1800
R12=0x0000000000000000 is an unknown value
R13=0x0000000020afbcf8 is pointing into metadata
R14=0x000000002186f070 is pointing into the stack for thread: 0x000000001e4c1800
R15=0x000000001e4c1800 is a thread


Stack: [0x0000000021770000,0x0000000021870000],  sp=0x000000002186e4b8,  free space=1017k
Native frames: (J=compiled Java code, j=interpreted, Vv=VM code, C=native code)
V  [jvm.dll+0x27f270]

Java frames: (J=compiled Java code, j=interpreted, Vv=VM code)
j  eu.gnome.morena.wia.WIAScanner._transfer(JZIZ[I)V+0
j  eu.gnome.morena.wia.WIAScanner.transfer()V+74
j  eu.gnome.morena.wia.WIAScanner.run()V+1
j  java.lang.Thread.run()V+11
v  ~StubRoutines::call_stub

---------------  P R O C E S S  ---------------

Java Threads: ( => current thread )
  0x000000001e4be000 JavaThread "qtp2099279066-35" [_thread_blocked, id=138048, stack(0x0000000021c00000,0x0000000021d00000)]
  0x000000001e4c3800 JavaThread "qtp2099279066-34" [_thread_in_native, id=124724, stack(0x0000000021880000,0x0000000021980000)]
=>0x000000001e4c1800 JavaThread "Thread-15" [_thread_in_vm, id=138208, stack(0x0000000021770000,0x0000000021870000)]
  0x000000001e4c2000 JavaThread "AWT-Windows" daemon [_thread_in_native, id=138748, stack(0x0000000021580000,0x0000000021680000)]
  0x000000001e4bd800 JavaThread "Java2D Disposer" daemon [_thread_blocked, id=139860, stack(0x0000000021380000,0x0000000021480000)]
  0x000000001e4c0000 JavaThread "Connector-Scheduler-64f2fd43-1" [_thread_blocked, id=132352, stack(0x0000000020b10000,0x0000000020c10000)]
  0x000000001e4bf000 JavaThread "Session-HouseKeeper-7d5c1a07-1" [_thread_blocked, id=135484, stack(0x00000000204d0000,0x00000000205d0000)]
  0x000000001fa64000 JavaThread "qtp2099279066-21" [_thread_blocked, id=124788, stack(0x00000000202d0000,0x00000000203d0000)]
  0x000000001fa63800 JavaThread "qtp2099279066-20" [_thread_in_native, id=128032, stack(0x00000000201d0000,0x00000000202d0000)]
  0x000000001fa63000 JavaThread "qtp2099279066-19" [_thread_blocked, id=134164, stack(0x00000000200d0000,0x00000000201d0000)]
  0x000000001fa62000 JavaThread "qtp2099279066-18-acceptor-0@64293d00-ServerConnector@64f2fd43{HTTP/1.1, (http/1.1)}{127.0.0.1:1235}" [_thread_in_native, id=129988, stack(0x000000001ffd0000,0x00000000200d0000)]
  0x000000001f805000 JavaThread "qtp2099279066-17" [_thread_blocked, id=131612, stack(0x000000001fed0000,0x000000001ffd0000)]
  0x000000001f804800 JavaThread "qtp2099279066-16" [_thread_blocked, id=118712, stack(0x000000001fdd0000,0x000000001fed0000)]
  0x000000001f803800 JavaThread "qtp2099279066-15" [_thread_in_native, id=127700, stack(0x000000001fcd0000,0x000000001fdd0000)]
  0x000000001f8ef000 JavaThread "qtp2099279066-14" [_thread_in_native, id=128932, stack(0x000000001fbd0000,0x000000001fcd0000)]
  0x00000000029c4800 JavaThread "DestroyJavaVM" [_thread_blocked, id=132984, stack(0x0000000002730000,0x0000000002830000)]
  0x000000001f475800 JavaThread "Thread-0" [_thread_blocked, id=134768, stack(0x000000001fad0000,0x000000001fbd0000)]
  0x000000001e551800 JavaThread "Service Thread" daemon [_thread_blocked, id=136692, stack(0x000000001f0d0000,0x000000001f1d0000)]
  0x000000001e4c3000 JavaThread "C1 CompilerThread3" daemon [_thread_blocked, id=134248, stack(0x000000001efd0000,0x000000001f0d0000)]
  0x000000001e4ac800 JavaThread "C2 CompilerThread2" daemon [_thread_blocked, id=115444, stack(0x000000001eed0000,0x000000001efd0000)]
  0x000000001e4a5000 JavaThread "C2 CompilerThread1" daemon [_thread_blocked, id=130320, stack(0x000000001edd0000,0x000000001eed0000)]
  0x000000001e3de800 JavaThread "C2 CompilerThread0" daemon [_thread_blocked, id=30584, stack(0x000000001ecd0000,0x000000001edd0000)]
  0x000000001e4a2800 JavaThread "Monitor Ctrl-Break" daemon [_thread_in_native, id=138728, stack(0x000000001ebd0000,0x000000001ecd0000)]
  0x000000001e2ea800 JavaThread "Attach Listener" daemon [_thread_blocked, id=124832, stack(0x000000001ead0000,0x000000001ebd0000)]
  0x000000001c4e7800 JavaThread "Signal Dispatcher" daemon [_thread_blocked, id=125056, stack(0x000000001e9d0000,0x000000001ead0000)]
  0x0000000002abb800 JavaThread "Finalizer" daemon [_thread_blocked, id=137056, stack(0x000000001e7b0000,0x000000001e8b0000)]
  0x000000001e2d0800 JavaThread "Reference Handler" daemon [_thread_blocked, id=141236, stack(0x000000001e6b0000,0x000000001e7b0000)]

Other Threads:
  0x000000001c4d9800 VMThread [stack: 0x000000001e1b0000,0x000000001e2b0000] [id=140236]
  0x000000001e59f000 WatcherThread [stack: 0x000000001f1d0000,0x000000001f2d0000] [id=131328]

VM state:not at safepoint (normal execution)

VM Mutex/Monitor currently owned by a thread: None

heap address: 0x00000006c1c00000, size: 4068 MB, Compressed Oops mode: Zero based, Oop shift amount: 3
Narrow klass base: 0x0000000000000000, Narrow klass shift: 3
Compressed class space size: 1073741824 Address: 0x00000007c0000000

Heap:
 PSYoungGen      total 76288K, used 35466K [0x000000076b400000, 0x0000000770900000, 0x00000007c0000000)
  eden space 65536K, 37% used [0x000000076b400000,0x000000076cc23d10,0x000000076f400000)
  from space 10752K, 99% used [0x000000076f400000,0x000000076fe7ee80,0x000000076fe80000)
  to   space 10752K, 0% used [0x000000076fe80000,0x000000076fe80000,0x0000000770900000)
 ParOldGen       total 175104K, used 22450K [0x00000006c1c00000, 0x00000006cc700000, 0x000000076b400000)
  object space 175104K, 12% used [0x00000006c1c00000,0x00000006c31ec800,0x00000006cc700000)
 Metaspace       used 14380K, capacity 14764K, committed 15104K, reserved 1062912K
  class space    used 1640K, capacity 1738K, committed 1792K, reserved 1048576K

Card table byte_map: [0x0000000011e80000,0x0000000012680000] byte_map_base: 0x000000000e872000

Marking Bits: (ParMarkBitMap*) 0x0000000066f65ce0
 Begin Bits: [0x00000000133d0000, 0x0000000017360000)
 End Bits:   [0x0000000017360000, 0x000000001b2f0000)

Polling page: 0x00000000025e0000

CodeCache: size=245760Kb used=3820Kb max_used=3840Kb free=241939Kb
 bounds [0x0000000002ac0000, 0x0000000002e90000, 0x0000000011ac0000]
 total_blobs=1475 nmethods=1008 adapters=380
 compilation: enabled

Compilation events (10 events):
Event: 23.551 Thread 0x000000001e4c3000 nmethod 1026 0x0000000002bebcd0 code [0x0000000002bebe60, 0x0000000002bec158]
Event: 23.551 Thread 0x000000001e4c3000 1027       3       java.nio.Buffer::flip (20 bytes)
Event: 23.551 Thread 0x000000001e4c3000 nmethod 1027 0x0000000002bdd3d0 code [0x0000000002bdd520, 0x0000000002bdd690]
Event: 23.551 Thread 0x000000001e3de800 nmethod 1016 0x0000000002bc52d0 code [0x0000000002bc5460, 0x0000000002bc5978]
Event: 23.553 Thread 0x000000001e4c3000 1028  s!   3       java.util.jar.JarFile::ensureInitialization (41 bytes)
Event: 23.554 Thread 0x000000001e4c3000 nmethod 1028 0x0000000002bc4b50 code [0x0000000002bc4ce0, 0x0000000002bc5168]
Event: 23.555 Thread 0x000000001e4c3000 1029       3       java.util.concurrent.locks.AbstractQueuedSynchronizer::setState (6 bytes)
Event: 23.556 Thread 0x000000001e4c3000 nmethod 1029 0x0000000002c0a610 code [0x0000000002c0a760, 0x0000000002c0a8b0]
Event: 23.556 Thread 0x000000001e4c3000 1030       1       java.nio.channels.spi.AbstractInterruptibleChannel::isOpen (5 bytes)
Event: 23.556 Thread 0x000000001e4c3000 nmethod 1030 0x0000000002bfa290 code [0x0000000002bfa3e0, 0x0000000002bfa4f0]

GC Heap History (2 events):
Event: 22.282 GC heap before
{Heap before GC invocations=1 (full 0):
 PSYoungGen      total 76288K, used 65536K [0x000000076b400000, 0x0000000770900000, 0x00000007c0000000)
  eden space 65536K, 100% used [0x000000076b400000,0x000000076f400000,0x000000076f400000)
  from space 10752K, 0% used [0x000000076fe80000,0x000000076fe80000,0x0000000770900000)
  to   space 10752K, 0% used [0x000000076f400000,0x000000076f400000,0x000000076fe80000)
 ParOldGen       total 175104K, used 0K [0x00000006c1c00000, 0x00000006cc700000, 0x000000076b400000)
  object space 175104K, 0% used [0x00000006c1c00000,0x00000006c1c00000,0x00000006cc700000)
 Metaspace       used 14171K, capacity 14532K, committed 14848K, reserved 1062912K
  class space    used 1604K, capacity 1728K, committed 1792K, reserved 1048576K
Event: 22.292 GC heap after
Heap after GC invocations=1 (full 0):
 PSYoungGen      total 76288K, used 10747K [0x000000076b400000, 0x0000000770900000, 0x00000007c0000000)
  eden space 65536K, 0% used [0x000000076b400000,0x000000076b400000,0x000000076f400000)
  from space 10752K, 99% used [0x000000076f400000,0x000000076fe7ee80,0x000000076fe80000)
  to   space 10752K, 0% used [0x000000076fe80000,0x000000076fe80000,0x0000000770900000)
 ParOldGen       total 175104K, used 22450K [0x00000006c1c00000, 0x00000006cc700000, 0x000000076b400000)
  object space 175104K, 12% used [0x00000006c1c00000,0x00000006c31ec800,0x00000006cc700000)
 Metaspace       used 14171K, capacity 14532K, committed 14848K, reserved 1062912K
  class space    used 1604K, capacity 1728K, committed 1792K, reserved 1048576K
}

Deoptimization events (6 events):
Event: 0.609 Thread 0x000000001f475800 Uncommon trap: reason=unstable_if action=reinterpret pc=0x0000000002c6571c method=java.lang.String.indexOf([CII[CIII)I @ 3
Event: 0.646 Thread 0x000000001f475800 Uncommon trap: reason=null_check action=make_not_entrant pc=0x0000000002c57954 method=java.lang.String.equals(Ljava/lang/Object;)Z @ 8
Event: 14.176 Thread 0x000000001fa64000 Uncommon trap: reason=unstable_if action=reinterpret pc=0x0000000002d7f478 method=java.lang.String.indexOf([CII[CIII)I @ 27
Event: 14.229 Thread 0x000000001fa64000 Uncommon trap: reason=unstable_if action=reinterpret pc=0x0000000002c59cb8 method=java.lang.String.startsWith(Ljava/lang/String;I)Z @ 25
Event: 14.281 Thread 0x000000001fa64000 Uncommon trap: reason=unstable_if action=reinterpret pc=0x0000000002dd6594 method=java.math.BigInteger.addOne([IIII)I @ 55
Event: 21.799 Thread 0x000000001fa64000 Uncommon trap: reason=range_check action=make_not_entrant pc=0x0000000002e3a390 method=sun.awt.image.ByteInterleavedRaster.getPixels(IIII[I)[I @ 219

Classes redefined (0 events):
No events

Internal exceptions (10 events):
Event: 0.209 Thread 0x00000000029c4800 Exception <a 'java/security/PrivilegedActionException'> (0x000000076b65c620) thrown at [C:\re\workspace\8-2-build-windows-amd64-cygwin\jdk8u211\12973\hotspot\src\share\vm\prims\jvm.cpp, line 1502]
Event: 0.210 Thread 0x00000000029c4800 Exception <a 'java/security/PrivilegedActionException'> (0x000000076b660530) thrown at [C:\re\workspace\8-2-build-windows-amd64-cygwin\jdk8u211\12973\hotspot\src\share\vm\prims\jvm.cpp, line 1502]
Event: 0.210 Thread 0x00000000029c4800 Exception <a 'java/security/PrivilegedActionException'> (0x000000076b660740) thrown at [C:\re\workspace\8-2-build-windows-amd64-cygwin\jdk8u211\12973\hotspot\src\share\vm\prims\jvm.cpp, line 1502]
Event: 0.211 Thread 0x00000000029c4800 Exception <a 'java/lang/NoClassDefFoundError': org/slf4j/impl/StaticLoggerBinder> (0x000000076b668048) thrown at [C:\re\workspace\8-2-build-windows-amd64-cygwin\jdk8u211\12973\hotspot\src\share\vm\classfile\systemDictionary.cpp, line 199]
Event: 0.252 Thread 0x00000000029c4800 Exception <a 'java/lang/NoSuchFieldError': method resolution failed> (0x000000076ba4eec8) thrown at [C:\re\workspace\8-2-build-windows-amd64-cygwin\jdk8u211\12973\hotspot\src\share\vm\prims\methodHandles.cpp, line 1167]
Event: 0.255 Thread 0x00000000029c4800 Exception <a 'java/lang/NoSuchFieldError': method resolution failed> (0x000000076ba5cd70) thrown at [C:\re\workspace\8-2-build-windows-amd64-cygwin\jdk8u211\12973\hotspot\src\share\vm\prims\methodHandles.cpp, line 1167]
Event: 0.646 Thread 0x000000001f475800 Implicit null exception at 0x0000000002c57766 to 0x0000000002c57945
Event: 15.023 Thread 0x000000001fa64000 Exception <a 'java/io/FileNotFoundException'> (0x000000076db31838) thrown at [C:\re\workspace\8-2-build-windows-amd64-cygwin\jdk8u211\12973\hotspot\src\share\vm\prims\jni.cpp, line 710]
Event: 15.090 Thread 0x000000001fa64000 Exception <a 'SK/gnome/twain/TwainException': No TWAIN Data Source installed> (0x000000076dbf7b20) thrown at [C:\re\workspace\8-2-build-windows-amd64-cygwin\jdk8u211\12973\hotspot\src\share\vm\prims\jni.cpp, line 736]
Event: 23.535 Thread 0x000000001fa64000 Exception <a 'java/io/IOException'> (0x000000076c59b5a0) thrown at [C:\re\workspace\8-2-build-windows-amd64-cygwin\jdk8u211\12973\hotspot\src\share\vm\prims\jni.cpp, line 710]

Events (10 events):
Event: 23.555 Executing VM operation: RevokeBias
Event: 23.555 Executing VM operation: RevokeBias done
Event: 23.555 Executing VM operation: BulkRevokeBias
Event: 23.555 Executing VM operation: BulkRevokeBias done
Event: 23.555 Executing VM operation: RevokeBias
Event: 23.555 Executing VM operation: RevokeBias done
Event: 23.555 Executing VM operation: RevokeBias
Event: 23.556 Executing VM operation: RevokeBias done
Event: 30.249 Thread 0x0000000023754800 Thread added: 0x0000000023754800
Event: 30.249 Thread 0x0000000023754800 Thread exited: 0x0000000023754800


Dynamic libraries:
0x00007ff7d04c0000 - 0x00007ff7d04f7000 	C:\Program Files\Java\jdk1.8.0_211\bin\java.exe
0x00007ff9f2e70000 - 0x00007ff9f3065000 	C:\WINDOWS\SYSTEM32\ntdll.dll
0x00007ff9f1f30000 - 0x00007ff9f1fed000 	C:\WINDOWS\System32\KERNEL32.DLL
0x00007ff9f0b80000 - 0x00007ff9f0e48000 	C:\WINDOWS\System32\KERNELBASE.dll
0x00007ff9f1e20000 - 0x00007ff9f1ecc000 	C:\WINDOWS\System32\ADVAPI32.dll
0x00007ff9f12d0000 - 0x00007ff9f136e000 	C:\WINDOWS\System32\msvcrt.dll
0x00007ff9f0ed0000 - 0x00007ff9f0f6b000 	C:\WINDOWS\System32\sechost.dll
0x00007ff9f2c70000 - 0x00007ff9f2d9b000 	C:\WINDOWS\System32\RPCRT4.dll
0x00007ff9f1370000 - 0x00007ff9f1510000 	C:\WINDOWS\System32\USER32.dll
0x00007ff9f09c0000 - 0x00007ff9f09e2000 	C:\WINDOWS\System32\win32u.dll
0x00007ff9f2c40000 - 0x00007ff9f2c6a000 	C:\WINDOWS\System32\GDI32.dll
0x00007ff9f09f0000 - 0x00007ff9f0afb000 	C:\WINDOWS\System32\gdi32full.dll
0x00007ff9f05b0000 - 0x00007ff9f064d000 	C:\WINDOWS\System32\msvcp_win.dll
0x00007ff9f0810000 - 0x00007ff9f0910000 	C:\WINDOWS\System32\ucrtbase.dll
0x00007ff9e04f0000 - 0x00007ff9e078a000 	C:\WINDOWS\WinSxS\amd64_microsoft.windows.common-controls_6595b64144ccf1df_6.0.19041.844_none_ca00b6081b84eb1d\COMCTL32.dll
0x00007ff9f2740000 - 0x00007ff9f2770000 	C:\WINDOWS\System32\IMM32.DLL
0x000000006a790000 - 0x000000006a862000 	C:\Program Files\Java\jdk1.8.0_211\jre\bin\msvcr100.dll
0x0000000066740000 - 0x0000000066fe5000 	C:\Program Files\Java\jdk1.8.0_211\jre\bin\server\jvm.dll
0x00007ff9f10c0000 - 0x00007ff9f10c8000 	C:\WINDOWS\System32\PSAPI.DLL
0x00007ff9df520000 - 0x00007ff9df547000 	C:\WINDOWS\SYSTEM32\WINMM.dll
0x00007ff9dde70000 - 0x00007ff9dde79000 	C:\WINDOWS\SYSTEM32\WSOCK32.dll
0x00007ff9ed1d0000 - 0x00007ff9ed1da000 	C:\WINDOWS\SYSTEM32\VERSION.dll
0x00007ff9f0fd0000 - 0x00007ff9f103b000 	C:\WINDOWS\System32\WS2_32.dll
0x00007ff9ed260000 - 0x00007ff9ed26f000 	C:\Program Files\Java\jdk1.8.0_211\jre\bin\verify.dll
0x00007ff9ed230000 - 0x00007ff9ed259000 	C:\Program Files\Java\jdk1.8.0_211\jre\bin\java.dll
0x00007ff9d85f0000 - 0x00007ff9d8613000 	C:\Program Files\Java\jdk1.8.0_211\jre\bin\instrument.dll
0x00007ff9ed210000 - 0x00007ff9ed226000 	C:\Program Files\Java\jdk1.8.0_211\jre\bin\zip.dll
0x00007ff9f16d0000 - 0x00007ff9f1e12000 	C:\WINDOWS\System32\SHELL32.dll
0x00007ff9ed8f0000 - 0x00007ff9ee080000 	C:\WINDOWS\SYSTEM32\windows.storage.dll
0x00007ff9f21f0000 - 0x00007ff9f2545000 	C:\WINDOWS\System32\combase.dll
0x00007ff9f0020000 - 0x00007ff9f004c000 	C:\WINDOWS\SYSTEM32\Wldp.dll
0x00007ff9f2550000 - 0x00007ff9f25fe000 	C:\WINDOWS\System32\SHCORE.dll
0x00007ff9f2be0000 - 0x00007ff9f2c35000 	C:\WINDOWS\System32\shlwapi.dll
0x00007ff9f04f0000 - 0x00007ff9f050f000 	C:\WINDOWS\SYSTEM32\profapi.dll
0x00007ff9d6230000 - 0x00007ff9d624a000 	C:\Program Files\JetBrains\IntelliJ IDEA Community Edition 2019.3\bin\breakgen64.dll
0x00007ff9c4d10000 - 0x00007ff9c4d2a000 	C:\Program Files\Java\jdk1.8.0_211\jre\bin\net.dll
0x00007ff9ded80000 - 0x00007ff9def6e000 	C:\WINDOWS\SYSTEM32\urlmon.dll
0x00007ff9dbdb0000 - 0x00007ff9dc060000 	C:\WINDOWS\SYSTEM32\iertutil.dll
0x00007ff9efd90000 - 0x00007ff9efdfa000 	C:\WINDOWS\system32\mswsock.dll
0x00007ff9ed170000 - 0x00007ff9ed17d000 	C:\Program Files\Java\jdk1.8.0_211\jre\bin\management.dll
0x00007ff9c4c80000 - 0x00007ff9c4c92000 	C:\Program Files\Java\jdk1.8.0_211\jre\bin\nio.dll
0x00007ff9eff70000 - 0x00007ff9eff88000 	C:\WINDOWS\SYSTEM32\CRYPTSP.dll
0x00007ff9ef6c0000 - 0x00007ff9ef6f4000 	C:\WINDOWS\system32\rsaenh.dll
0x00007ff9f0ea0000 - 0x00007ff9f0ec7000 	C:\WINDOWS\System32\bcrypt.dll
0x00007ff9f04b0000 - 0x00007ff9f04de000 	C:\WINDOWS\SYSTEM32\USERENV.dll
0x00007ff9f0b00000 - 0x00007ff9f0b80000 	C:\WINDOWS\System32\bcryptprimitives.dll
0x00007ff9eff60000 - 0x00007ff9eff6c000 	C:\WINDOWS\SYSTEM32\CRYPTBASE.dll
0x00007ff9efa30000 - 0x00007ff9efa6b000 	C:\WINDOWS\SYSTEM32\IPHLPAPI.DLL
0x00007ff9f16c0000 - 0x00007ff9f16c8000 	C:\WINDOWS\System32\NSI.dll
0x00007ff9e64f0000 - 0x00007ff9e6507000 	C:\WINDOWS\SYSTEM32\dhcpcsvc6.DLL
0x00007ff9e63b0000 - 0x00007ff9e63cd000 	C:\WINDOWS\SYSTEM32\dhcpcsvc.DLL
0x00007ff9efa80000 - 0x00007ff9efb4c000 	C:\WINDOWS\SYSTEM32\DNSAPI.dll
0x00007ff9b44e0000 - 0x00007ff9b450b000 	C:\Users\Usuario\AppData\Local\Temp\morena64W2_35.dll
0x00007ff9f10d0000 - 0x00007ff9f11fa000 	C:\WINDOWS\System32\ole32.dll
0x00007ff9f1200000 - 0x00007ff9f12cd000 	C:\WINDOWS\System32\OLEAUT32.dll
0x00007ff9eeed0000 - 0x00007ff9eeee2000 	C:\WINDOWS\SYSTEM32\kernel.appcore.dll
0x00007ff9f2000000 - 0x00007ff9f20a9000 	C:\WINDOWS\System32\clbcatq.dll
0x00007ff98dd20000 - 0x00007ff98dd73000 	C:\Windows\System32\sti.dll
0x00007ff9cce00000 - 0x00007ff9cce0a000 	C:\WINDOWS\SYSTEM32\wiatrace.dll
0x00007ff92cc40000 - 0x00007ff92cdd9000 	C:\Program Files\Java\jdk1.8.0_211\jre\bin\awt.dll
0x00007ff9eccb0000 - 0x00007ff9ecd40000 	C:\WINDOWS\SYSTEM32\apphelp.dll
0x00007ff9ecdd0000 - 0x00007ff9ece6e000 	C:\WINDOWS\system32\uxtheme.dll
0x00007ff9f20b0000 - 0x00007ff9f21c5000 	C:\WINDOWS\System32\MSCTF.dll
0x00007ff99f9e0000 - 0x00007ff99fa7c000 	C:\Users\Usuario\.morena\twain64_6040012.dll
0x00007ff9ed0f0000 - 0x00007ff9ed0fc000 	C:\WINDOWS\system32\SaImgFl8.dll
0x00007ff9cb820000 - 0x00007ff9cb9cb000 	C:\WINDOWS\WinSxS\amd64_microsoft.windows.gdiplus_6595b64144ccf1df_1.1.19041.928_none_faefac437613c6cc\gdiplus.dll
0x00007ff9e7aa0000 - 0x00007ff9e7c54000 	C:\WINDOWS\SYSTEM32\WindowsCodecs.dll
0x00007ff9ee9e0000 - 0x00007ff9eebc4000 	C:\WINDOWS\SYSTEM32\dbghelp.dll

VM Arguments:
jvm_args: -javaagent:C:\Program Files\JetBrains\IntelliJ IDEA Community Edition 2019.3\lib\idea_rt.jar=2174:C:\Program Files\JetBrains\IntelliJ IDEA Community Edition 2019.3\bin -Dfile.encoding=UTF-8 
java_command: com.precodata.imageUtils.Scanner.Start
java_class_path (initial): C:\Program Files\Java\jdk1.8.0_211\jre\lib\charsets.jar;C:\Program Files\Java\jdk1.8.0_211\jre\lib\deploy.jar;C:\Program Files\Java\jdk1.8.0_211\jre\lib\ext\access-bridge-64.jar;C:\Program Files\Java\jdk1.8.0_211\jre\lib\ext\cldrdata.jar;C:\Program Files\Java\jdk1.8.0_211\jre\lib\ext\dnsns.jar;C:\Program Files\Java\jdk1.8.0_211\jre\lib\ext\jaccess.jar;C:\Program Files\Java\jdk1.8.0_211\jre\lib\ext\jfxrt.jar;C:\Program Files\Java\jdk1.8.0_211\jre\lib\ext\localedata.jar;C:\Program Files\Java\jdk1.8.0_211\jre\lib\ext\nashorn.jar;C:\Program Files\Java\jdk1.8.0_211\jre\lib\ext\sunec.jar;C:\Program Files\Java\jdk1.8.0_211\jre\lib\ext\sunjce_provider.jar;C:\Program Files\Java\jdk1.8.0_211\jre\lib\ext\sunmscapi.jar;C:\Program Files\Java\jdk1.8.0_211\jre\lib\ext\sunpkcs11.jar;C:\Program Files\Java\jdk1.8.0_211\jre\lib\ext\zipfs.jar;C:\Program Files\Java\jdk1.8.0_211\jre\lib\javaws.jar;C:\Program Files\Java\jdk1.8.0_211\jre\lib\jce.jar;C:\Program Files\Java\jdk1.8.0_211\jre\lib\jfr.jar;C:\Program Files\Java\jdk1.8.0_211\jre\lib\jfxswt.jar;C:\Program Files\Java\jdk1.8.0_211\jre\lib\jsse.jar;C:\Program Files\Java\jdk1.8.0_211\jre\lib\management-agent.jar;C:\Program Files\Java\jdk1.8.0_211\jre\lib\plugin.jar;C:\Program Files\Java\jdk1.8.0_211\jre\lib\resources.jar;C:\Program Files\Java\jdk1.8.0_211\jre\lib\rt.jar;C:\Models\preco-scanner-driver\target\classes;C:\Models\preco-scanner-driver\lib\morena.jar;C:\Models\preco-scanner-driver\lib\morena7.jar;C:\Models\preco-scanner-driver\lib\morena7_win.jar;C:\Models\preco-scanner-driver\lib\morena_license.jar;C:\Models\preco-scanner-driver\lib\morena_windows.jar;C:\Models\preco-scanner-driver\lib\gson-2.8.6.jar;C:\Models\preco-scanner-driver\lib\spark-core-2.9.3.jar;C:\Models\preco-scanner-driver\lib\slf4j-api-1.7.25.jar;C:\Models\preco-scanner-driver\lib\jetty-server-9.4.31.v20200723.jar;C:\Models\preco-scanner-driver\lib\javax.servlet-api-3.1.0.jar;C:\Models\preco-scanner-driver\lib\jetty-http-9.4.31.v202
Launcher Type: SUN_STANDARD

Environment Variables:
JAVA_HOME=C:\Program Files\Java\jdk1.8.0_211
CLASSPATH=C:\Program Files (x86)\GeneXus\GeneXus15\gxjava\drivers
USERNAME=Usuario
OS=Windows_NT
PROCESSOR_IDENTIFIER=Intel64 Family 6 Model 158 Stepping 9, GenuineIntel



---------------  S Y S T E M  ---------------

OS: Windows 10.0 , 64 bit Build 19041 (10.0.19041.928)

CPU:total 8 (initial active 8) (4 cores per cpu, 2 threads per core) family 6 model 158 stepping 9, cmov, cx8, fxsr, mmx, sse, sse2, sse3, ssse3, sse4.1, sse4.2, popcnt, avx, avx2, aes, clmul, erms, 3dnowpref, lzcnt, ht, tsc, tscinvbit, bmi1, bmi2, adx

Memory: 4k page, physical 16659176k(2867748k free), swap 37606120k(9416760k free)

vm_info: Java HotSpot(TM) 64-Bit Server VM (25.211-b12) for windows-amd64 JRE (1.8.0_211-b12), built on Apr  1 2019 20:53:26 by "java_re" with MS VC++ 10.0 (VS2010)

time: Thu Jun 10 01:55:01 2021
timezone: Hora estándar de Montevideo
elapsed time: 34 seconds (0d 0h 0m 34s)

