#
# A fatal error has been detected by the Java Runtime Environment:
#
#  EXCEPTION_ACCESS_VIOLATION (0xc0000005) at pc=0x00007ff934b975e9, pid=39280, tid=0x0000000000009ab4
#
# JRE version: Java(TM) SE Runtime Environment (8.0_211-b12) (build 1.8.0_211-b12)
# Java VM: Java HotSpot(TM) 64-Bit Server VM (25.211-b12 mixed mode windows-amd64 compressed oops)
# Problematic frame:
# C  [morena64W2_35.dll+0x75e9]
#
# Failed to write core dump. Minidumps are not enabled by default on client versions of Windows
#
# If you would like to submit a bug report, please visit:
#   http://bugreport.java.com/bugreport/crash.jsp
# The crash happened outside the Java Virtual Machine in native code.
# See problematic frame for where to report the bug.
#

---------------  T H R E A D  ---------------

Current thread (0x0000000020148000):  JavaThread "Thread-16" [_thread_in_native, id=39604, stack(0x0000000000e00000,0x0000000000f00000)]

siginfo: ExceptionCode=0xc0000005, writing address 0x0000000000000018

Registers:
RAX=0x0000000000000000, RBX=0x00000000220cdec0, RCX=0x0000000000000000, RDX=0x0000000000bb0f08
RSP=0x0000000000efe810, RBP=0x0000000000eff2e0, RSI=0x00007ff934babea8, RDI=0x0000000000efe990
R8 =0x0000000000bf7f48, R9 =0x0000000000bf4e08, R10=0x0000000000bad520, R11=0x0000000000efe840
R12=0x0000000000000000, R13=0x00000000220cdeb8, R14=0x0000000000eff330, R15=0x0000000020148000
RIP=0x00007ff934b975e9, EFLAGS=0x0000000000010202

Top of Stack: (sp=0x0000000000efe810)
0x0000000000efe810:   0000000000000006 000000030000000a
0x0000000000efe820:   0000000000000000 0000000000b9bad8
0x0000000000efe830:   0000000000000000 000000002019a7e0
0x0000000000efe840:   0000000000000000 0000000000eff330
0x0000000000efe850:   0000000000eff2e0 00007ff934b98372
0x0000000000efe860:   0000000000000000 0000000000bb0f08
0x0000000000efe870:   0000000000bf7f48 0000000000bf4e08
0x0000000000efe880:   00004fe400000000 0000000000eff330
0x0000000000efe890:   0000000700000000 0000000020148000
0x0000000000efe8a0:   0000000000000000 0000000000b998d8
0x0000000000efe8b0:   0000000000000000 000000001f9c5980
0x0000000000efe8c0:   488b43f3fb607b1f a642c33e70fb5b85
0x0000000000efe8d0:   0000000000082007 0000000022366b40
0x0000000000efe8e0:   0000000000bf4e08 0000000000000000
0x0000000000efe8f0:   0000000000b99b78 0000000000000000
0x0000000000efe900:   0000000a20148000 0000000022366b40 

Instructions: (pc=0x00007ff934b975e9)
0x00007ff934b975c9:   18 48 89 54 24 10 48 89 4c 24 08 48 83 ec 48 c7
0x00007ff934b975d9:   44 24 30 00 00 00 00 48 8b 44 24 50 8b 4c 24 70
0x00007ff934b975e9:   89 48 18 48 83 7c 24 58 00 74 10 48 8b 44 24 50
0x00007ff934b975f9:   48 8b 4c 24 58 48 89 48 20 eb 16 48 8d 0d 6d 3c 


Register to memory mapping:

RAX=0x0000000000000000 is an unknown value
RBX={method} {0x00000000220cdec8} '_transfer' '(JZIZ[I)V' in 'eu/gnome/morena/wia/WIAScanner'
RCX=0x0000000000000000 is an unknown value
RDX=0x0000000000bb0f08 is an unknown value
RSP=0x0000000000efe810 is pointing into the stack for thread: 0x0000000020148000
RBP=0x0000000000eff2e0 is pointing into the stack for thread: 0x0000000020148000
RSI=0x00007ff934babea8 is an unknown value
RDI=0x0000000000efe990 is pointing into the stack for thread: 0x0000000020148000
R8 =0x0000000000bf7f48 is an unknown value
R9 =0x0000000000bf4e08 is an unknown value
R10=0x0000000000bad520 is an unknown value
R11=0x0000000000efe840 is pointing into the stack for thread: 0x0000000020148000
R12=0x0000000000000000 is an unknown value
R13=0x00000000220cdeb8 is pointing into metadata
R14=0x0000000000eff330 is pointing into the stack for thread: 0x0000000020148000
R15=0x0000000020148000 is a thread


Stack: [0x0000000000e00000,0x0000000000f00000],  sp=0x0000000000efe810,  free space=1018k
Native frames: (J=compiled Java code, j=interpreted, Vv=VM code, C=native code)
C  [morena64W2_35.dll+0x75e9]
C  [morena64W2_35.dll+0x8372]
C  [morena64W2_35.dll+0x449a]
C  0x0000000002d51df0

Java frames: (J=compiled Java code, j=interpreted, Vv=VM code)
j  eu.gnome.morena.wia.WIAScanner._transfer(JZIZ[I)V+0
j  eu.gnome.morena.wia.WIAScanner.transfer()V+74
j  eu.gnome.morena.wia.WIAScanner.run()V+1
j  java.lang.Thread.run()V+11
v  ~StubRoutines::call_stub

---------------  P R O C E S S  ---------------

Java Threads: ( => current thread )
=>0x0000000020148000 JavaThread "Thread-16" [_thread_in_native, id=39604, stack(0x0000000000e00000,0x0000000000f00000)]
  0x0000000020142800 JavaThread "AWT-Windows" daemon [_thread_in_native, id=27096, stack(0x0000000022ae0000,0x0000000022be0000)]
  0x0000000020147000 JavaThread "Java2D Disposer" daemon [_thread_blocked, id=34676, stack(0x00000000228e0000,0x00000000229e0000)]
  0x0000000020145800 JavaThread "Connector-Scheduler-55bb85c0-1" [_thread_blocked, id=41320, stack(0x0000000021f70000,0x0000000022070000)]
  0x0000000020145000 JavaThread "Session-HouseKeeper-43f896bb-1" [_thread_blocked, id=2392, stack(0x0000000021930000,0x0000000021a30000)]
  0x00000000202cb000 JavaThread "qtp1011801127-23" [_thread_in_native, id=3492, stack(0x0000000021730000,0x0000000021830000)]
  0x000000001fb1e000 JavaThread "qtp1011801127-22" [_thread_in_native, id=31476, stack(0x0000000021630000,0x0000000021730000)]
  0x000000001fb1d000 JavaThread "qtp1011801127-21" [_thread_blocked, id=38632, stack(0x0000000021530000,0x0000000021630000)]
  0x000000001ff42800 JavaThread "qtp1011801127-20" [_thread_blocked, id=39056, stack(0x0000000021430000,0x0000000021530000)]
  0x000000001ff41800 JavaThread "qtp1011801127-19" [_thread_blocked, id=41448, stack(0x0000000021330000,0x0000000021430000)]
  0x000000001fbc9000 JavaThread "qtp1011801127-18" [_thread_in_native, id=38240, stack(0x0000000021230000,0x0000000021330000)]
  0x000000001fbc8000 JavaThread "qtp1011801127-17-acceptor-0@2ac15860-ServerConnector@55bb85c0{HTTP/1.1, (http/1.1)}{0.0.0.0:1235}" [_thread_in_native, id=33340, stack(0x0000000021130000,0x0000000021230000)]
  0x000000001ff03000 JavaThread "qtp1011801127-16" [_thread_in_native, id=19556, stack(0x0000000021030000,0x0000000021130000)]
  0x0000000002c34800 JavaThread "DestroyJavaVM" [_thread_blocked, id=27588, stack(0x0000000002860000,0x0000000002960000)]
  0x000000001f838800 JavaThread "Thread-0" [_thread_blocked, id=39500, stack(0x000000001ff60000,0x0000000020060000)]
  0x000000001e724800 JavaThread "Service Thread" daemon [_thread_blocked, id=19732, stack(0x000000001f560000,0x000000001f660000)]
  0x000000001e78e800 JavaThread "C1 CompilerThread3" daemon [_thread_blocked, id=7588, stack(0x000000001f460000,0x000000001f560000)]
  0x000000001e78e000 JavaThread "C2 CompilerThread2" daemon [_thread_blocked, id=41328, stack(0x000000001f360000,0x000000001f460000)]
  0x000000001e78b000 JavaThread "C2 CompilerThread1" daemon [_thread_blocked, id=35024, stack(0x000000001f260000,0x000000001f360000)]
  0x000000001e723800 JavaThread "C2 CompilerThread0" daemon [_thread_blocked, id=38616, stack(0x000000001f160000,0x000000001f260000)]
  0x000000001e58f800 JavaThread "JDWP Command Reader" daemon [_thread_in_native, id=41084, stack(0x000000001f060000,0x000000001f160000)]
  0x000000001e58a800 JavaThread "JDWP Event Helper Thread" daemon [_thread_blocked, id=9728, stack(0x000000001ef60000,0x000000001f060000)]
  0x000000001c75b000 JavaThread "JDWP Transport Listener: dt_socket" daemon [_thread_blocked, id=10324, stack(0x000000001ee60000,0x000000001ef60000)]
  0x000000001e57b800 JavaThread "Attach Listener" daemon [_thread_blocked, id=11836, stack(0x000000001ed60000,0x000000001ee60000)]
  0x000000001e57a800 JavaThread "Signal Dispatcher" daemon [_thread_blocked, id=39928, stack(0x000000001ec60000,0x000000001ed60000)]
  0x000000001e561000 JavaThread "Finalizer" daemon [_thread_blocked, id=31408, stack(0x000000001ea40000,0x000000001eb40000)]
  0x000000001e560800 JavaThread "Reference Handler" daemon [_thread_blocked, id=33060, stack(0x000000001e940000,0x000000001ea40000)]

Other Threads:
  0x000000001c749800 VMThread [stack: 0x000000001e440000,0x000000001e540000] [id=14948]
  0x000000001e883800 WatcherThread [stack: 0x000000001f660000,0x000000001f760000] [id=37616]

VM state:not at safepoint (normal execution)

VM Mutex/Monitor currently owned by a thread: None

heap address: 0x00000006c1c00000, size: 4068 MB, Compressed Oops mode: Zero based, Oop shift amount: 3
Narrow klass base: 0x0000000000000000, Narrow klass shift: 3
Compressed class space size: 1073741824 Address: 0x00000007c0000000

Heap:
 PSYoungGen      total 76288K, used 65339K [0x000000076b400000, 0x0000000770900000, 0x00000007c0000000)
  eden space 65536K, 99% used [0x000000076b400000,0x000000076f3ceec8,0x000000076f400000)
  from space 10752K, 0% used [0x000000076fe80000,0x000000076fe80000,0x0000000770900000)
  to   space 10752K, 0% used [0x000000076f400000,0x000000076f400000,0x000000076fe80000)
 ParOldGen       total 175104K, used 0K [0x00000006c1c00000, 0x00000006cc700000, 0x000000076b400000)
  object space 175104K, 0% used [0x00000006c1c00000,0x00000006c1c00000,0x00000006cc700000)
 Metaspace       used 14857K, capacity 15216K, committed 15360K, reserved 1062912K
  class space    used 1674K, capacity 1762K, committed 1792K, reserved 1048576K

Card table byte_map: [0x00000000120f0000,0x00000000128f0000] byte_map_base: 0x000000000eae2000

Marking Bits: (ParMarkBitMap*) 0x000000005eb05ce0
 Begin Bits: [0x0000000013640000, 0x00000000175d0000)
 End Bits:   [0x00000000175d0000, 0x000000001b560000)

Polling page: 0x0000000001190000

CodeCache: size=245760Kb used=3655Kb max_used=3718Kb free=242104Kb
 bounds [0x0000000002d30000, 0x00000000030e0000, 0x0000000011d30000]
 total_blobs=1430 nmethods=964 adapters=387
 compilation: enabled

Compilation events (10 events):
Event: 106.267 Thread 0x000000001e78e800  981       3       java.nio.charset.CoderResult::isUnderflow (13 bytes)
Event: 106.267 Thread 0x000000001e78e800 nmethod 981 0x00000000030d2d90 code [0x00000000030d2ee0, 0x00000000030d3090]
Event: 106.267 Thread 0x000000001e78e800  982       3       java.lang.StringBuilder::append (8 bytes)
Event: 106.267 Thread 0x000000001e78e800 nmethod 982 0x0000000002e35fd0 code [0x0000000002e36140, 0x0000000002e362e8]
Event: 106.287 Thread 0x000000001e78e800  983       3       java.nio.ByteBuffer::hasArray (20 bytes)
Event: 106.287 Thread 0x000000001e78e800 nmethod 983 0x0000000002e442d0 code [0x0000000002e44420, 0x0000000002e44610]
Event: 106.287 Thread 0x000000001e78b000  984       4       java.lang.StringBuilder::toString (17 bytes)
Event: 106.287 Thread 0x000000001e78e800  985       3       java.nio.Buffer::flip (20 bytes)
Event: 106.287 Thread 0x000000001e78e800 nmethod 985 0x0000000002e4d450 code [0x0000000002e4d5a0, 0x0000000002e4d710]
Event: 106.292 Thread 0x000000001e78b000 nmethod 984 0x0000000002e32310 code [0x0000000002e32480, 0x0000000002e32898]

GC Heap History (0 events):
No events

Deoptimization events (7 events):
Event: 0.663 Thread 0x000000001f838800 Uncommon trap: reason=unstable_if action=reinterpret pc=0x0000000002f3117c method=sun.misc.MetaIndex.mayContain(Ljava/lang/String;)Z @ 38
Event: 0.665 Thread 0x000000001f838800 Uncommon trap: reason=unstable_if action=reinterpret pc=0x0000000002f2d044 method=sun.misc.MetaIndex.mayContain(Ljava/lang/String;)Z @ 38
Event: 0.968 Thread 0x000000001f838800 Uncommon trap: reason=unstable_if action=reinterpret pc=0x0000000002ef32a0 method=java.lang.String.indexOf([CII[CIII)I @ 3
Event: 1.035 Thread 0x000000001f838800 Uncommon trap: reason=null_check action=make_not_entrant pc=0x0000000002ef0c50 method=java.lang.String.equals(Ljava/lang/Object;)Z @ 8
Event: 3.991 Thread 0x000000001fb1e000 Uncommon trap: reason=unstable_if action=reinterpret pc=0x000000000300b2dc method=java.lang.String.indexOf([CII[CIII)I @ 27
Event: 4.079 Thread 0x000000001fb1e000 Uncommon trap: reason=unstable_if action=reinterpret pc=0x0000000002e7c7d0 method=java.lang.String.startsWith(Ljava/lang/String;I)Z @ 25
Event: 4.707 Thread 0x000000001fb1e000 Uncommon trap: reason=unstable_if action=reinterpret pc=0x0000000003076bc0 method=java.math.BigInteger.addOne([IIII)I @ 55

Classes redefined (0 events):
No events

Internal exceptions (10 events):
Event: 0.382 Thread 0x0000000002c34800 Exception <a 'java/security/PrivilegedActionException'> (0x000000076b9c2710) thrown at [C:\re\workspace\8-2-build-windows-amd64-cygwin\jdk8u211\12973\hotspot\src\share\vm\prims\jvm.cpp, line 1502]
Event: 0.383 Thread 0x0000000002c34800 Exception <a 'java/security/PrivilegedActionException'> (0x000000076b9c2920) thrown at [C:\re\workspace\8-2-build-windows-amd64-cygwin\jdk8u211\12973\hotspot\src\share\vm\prims\jvm.cpp, line 1502]
Event: 0.383 Thread 0x0000000002c34800 Exception <a 'java/security/PrivilegedActionException'> (0x000000076b9c6830) thrown at [C:\re\workspace\8-2-build-windows-amd64-cygwin\jdk8u211\12973\hotspot\src\share\vm\prims\jvm.cpp, line 1502]
Event: 0.384 Thread 0x0000000002c34800 Exception <a 'java/security/PrivilegedActionException'> (0x000000076b9c6a40) thrown at [C:\re\workspace\8-2-build-windows-amd64-cygwin\jdk8u211\12973\hotspot\src\share\vm\prims\jvm.cpp, line 1502]
Event: 0.434 Thread 0x0000000002c34800 Exception <a 'java/lang/NoClassDefFoundError': org/slf4j/impl/StaticLoggerBinder> (0x000000076baa19d8) thrown at [C:\re\workspace\8-2-build-windows-amd64-cygwin\jdk8u211\12973\hotspot\src\share\vm\classfile\systemDictionary.cpp, line 199]
Event: 0.516 Thread 0x0000000002c34800 Exception <a 'java/lang/NoSuchFieldError': method resolution failed> (0x000000076bc5f138) thrown at [C:\re\workspace\8-2-build-windows-amd64-cygwin\jdk8u211\12973\hotspot\src\share\vm\prims\methodHandles.cpp, line 1167]
Event: 0.520 Thread 0x0000000002c34800 Exception <a 'java/lang/NoSuchFieldError': method resolution failed> (0x000000076bc6d5f8) thrown at [C:\re\workspace\8-2-build-windows-amd64-cygwin\jdk8u211\12973\hotspot\src\share\vm\prims\methodHandles.cpp, line 1167]
Event: 1.035 Thread 0x000000001f838800 Implicit null exception at 0x0000000002ef09a7 to 0x0000000002ef0c41
Event: 4.837 Thread 0x000000001fb1e000 Exception <a 'java/io/FileNotFoundException'> (0x000000076e3374f8) thrown at [C:\re\workspace\8-2-build-windows-amd64-cygwin\jdk8u211\12973\hotspot\src\share\vm\prims\jni.cpp, line 710]
Event: 5.081 Thread 0x000000001fb1e000 Exception <a 'SK/gnome/twain/TwainException': No TWAIN Data Source installed> (0x000000076e480f38) thrown at [C:\re\workspace\8-2-build-windows-amd64-cygwin\jdk8u211\12973\hotspot\src\share\vm\prims\jni.cpp, line 736]

Events (10 events):
Event: 106.288 Executing VM operation: RevokeBias
Event: 106.288 Executing VM operation: RevokeBias done
Event: 106.289 loading class spark/http/matching/GeneralError
Event: 106.289 loading class spark/http/matching/GeneralError done
Event: 106.289 Thread 0x000000001ff42800 DEOPT PACKING pc=0x0000000002f26509 sp=0x000000002152d010
Event: 106.289 Thread 0x000000001ff42800 DEOPT UNPACKING pc=0x0000000002d77890 sp=0x000000002152cd60 mode 1
Event: 106.289 Thread 0x000000001ff42800 DEOPT PACKING pc=0x0000000002e927c4 sp=0x000000002152d090
Event: 106.289 Thread 0x000000001ff42800 DEOPT UNPACKING pc=0x0000000002d77890 sp=0x000000002152ceb0 mode 1
Event: 106.289 Thread 0x000000001ff42800 DEOPT PACKING pc=0x0000000002e9255c sp=0x000000002152d220
Event: 106.289 Thread 0x000000001ff42800 DEOPT UNPACKING pc=0x0000000002d77890 sp=0x000000002152d040 mode 1


Dynamic libraries:
0x00007ff759210000 - 0x00007ff759247000 	C:\Program Files\Java\jdk1.8.0_211\bin\java.exe
0x00007ff9d8530000 - 0x00007ff9d8725000 	C:\WINDOWS\SYSTEM32\ntdll.dll
0x00007ff9d6bc0000 - 0x00007ff9d6c7d000 	C:\WINDOWS\System32\KERNEL32.DLL
0x00007ff9d5cd0000 - 0x00007ff9d5f98000 	C:\WINDOWS\System32\KERNELBASE.dll
0x00007ff9d7c00000 - 0x00007ff9d7cac000 	C:\WINDOWS\System32\ADVAPI32.dll
0x00007ff9d6680000 - 0x00007ff9d671e000 	C:\WINDOWS\System32\msvcrt.dll
0x00007ff9d6850000 - 0x00007ff9d68eb000 	C:\WINDOWS\System32\sechost.dll
0x00007ff9d8150000 - 0x00007ff9d827b000 	C:\WINDOWS\System32\RPCRT4.dll
0x00007ff9d73e0000 - 0x00007ff9d7580000 	C:\WINDOWS\System32\USER32.dll
0x00007ff9d5fa0000 - 0x00007ff9d5fc2000 	C:\WINDOWS\System32\win32u.dll
0x00007ff9d76a0000 - 0x00007ff9d76ca000 	C:\WINDOWS\System32\GDI32.dll
0x00007ff9d60d0000 - 0x00007ff9d61db000 	C:\WINDOWS\System32\gdi32full.dll
0x00007ff9d63f0000 - 0x00007ff9d648d000 	C:\WINDOWS\System32\msvcp_win.dll
0x00007ff9d5fd0000 - 0x00007ff9d60d0000 	C:\WINDOWS\System32\ucrtbase.dll
0x00007ff9c2ca0000 - 0x00007ff9c2f3a000 	C:\WINDOWS\WinSxS\amd64_microsoft.windows.common-controls_6595b64144ccf1df_6.0.19041.844_none_ca00b6081b84eb1d\COMCTL32.dll
0x00007ff9d7cb0000 - 0x00007ff9d7ce0000 	C:\WINDOWS\System32\IMM32.DLL
0x0000000060460000 - 0x0000000060532000 	C:\Program Files\Java\jdk1.8.0_211\jre\bin\msvcr100.dll
0x000000005e2e0000 - 0x000000005eb85000 	C:\Program Files\Java\jdk1.8.0_211\jre\bin\server\jvm.dll
0x00007ff9d6c80000 - 0x00007ff9d6c88000 	C:\WINDOWS\System32\PSAPI.DLL
0x00007ff9bf3e0000 - 0x00007ff9bf3e9000 	C:\WINDOWS\SYSTEM32\WSOCK32.dll
0x00007ff9ce3f0000 - 0x00007ff9ce3fa000 	C:\WINDOWS\SYSTEM32\VERSION.dll
0x00007ff9c30f0000 - 0x00007ff9c3117000 	C:\WINDOWS\SYSTEM32\WINMM.dll
0x00007ff9d7b90000 - 0x00007ff9d7bfb000 	C:\WINDOWS\System32\WS2_32.dll
0x00007ff9cf4c0000 - 0x00007ff9cf4cf000 	C:\Program Files\Java\jdk1.8.0_211\jre\bin\verify.dll
0x00007ff9b8590000 - 0x00007ff9b85b9000 	C:\Program Files\Java\jdk1.8.0_211\jre\bin\java.dll
0x00007ff9b8360000 - 0x00007ff9b8395000 	C:\Program Files\Java\jdk1.8.0_211\jre\bin\jdwp.dll
0x00007ff9b83e0000 - 0x00007ff9b83e8000 	C:\Program Files\Java\jdk1.8.0_211\jre\bin\npt.dll
0x00007ff9b8330000 - 0x00007ff9b8353000 	C:\Program Files\Java\jdk1.8.0_211\jre\bin\instrument.dll
0x00007ff9b8570000 - 0x00007ff9b8586000 	C:\Program Files\Java\jdk1.8.0_211\jre\bin\zip.dll
0x00007ff9d6c90000 - 0x00007ff9d73d2000 	C:\WINDOWS\System32\SHELL32.dll
0x00007ff9d3900000 - 0x00007ff9d4090000 	C:\WINDOWS\SYSTEM32\windows.storage.dll
0x00007ff9d7830000 - 0x00007ff9d7b85000 	C:\WINDOWS\System32\combase.dll
0x00007ff9d56e0000 - 0x00007ff9d570c000 	C:\WINDOWS\SYSTEM32\Wldp.dll
0x00007ff9d75f0000 - 0x00007ff9d769e000 	C:\WINDOWS\System32\SHCORE.dll
0x00007ff9d82e0000 - 0x00007ff9d8335000 	C:\WINDOWS\System32\shlwapi.dll
0x00007ff9d5bb0000 - 0x00007ff9d5bcf000 	C:\WINDOWS\SYSTEM32\profapi.dll
0x00007ff9b83d0000 - 0x00007ff9b83d9000 	C:\Program Files\Java\jdk1.8.0_211\jre\bin\dt_socket.dll
0x00007ff9d5450000 - 0x00007ff9d54ba000 	C:\WINDOWS\system32\mswsock.dll
0x00007ff9b8260000 - 0x00007ff9b826d000 	C:\Program Files\Java\jdk1.8.0_211\jre\bin\management.dll
0x00007ff956b70000 - 0x00007ff956b8a000 	C:\Program Files\Java\jdk1.8.0_211\jre\bin\net.dll
0x00007ff9c35e0000 - 0x00007ff9c37ce000 	C:\WINDOWS\SYSTEM32\urlmon.dll
0x00007ff9c6a90000 - 0x00007ff9c6d40000 	C:\WINDOWS\SYSTEM32\iertutil.dll
0x00007ff949de0000 - 0x00007ff949df2000 	C:\Program Files\Java\jdk1.8.0_211\jre\bin\nio.dll
0x00007ff9d5630000 - 0x00007ff9d5648000 	C:\WINDOWS\SYSTEM32\CRYPTSP.dll
0x00007ff9d4d80000 - 0x00007ff9d4db4000 	C:\WINDOWS\system32\rsaenh.dll
0x00007ff9d61e0000 - 0x00007ff9d6207000 	C:\WINDOWS\System32\bcrypt.dll
0x00007ff9d5b70000 - 0x00007ff9d5b9e000 	C:\WINDOWS\SYSTEM32\USERENV.dll
0x00007ff9d6210000 - 0x00007ff9d6290000 	C:\WINDOWS\System32\bcryptprimitives.dll
0x00007ff9d5620000 - 0x00007ff9d562c000 	C:\WINDOWS\SYSTEM32\CRYPTBASE.dll
0x00007ff9d50f0000 - 0x00007ff9d512b000 	C:\WINDOWS\SYSTEM32\IPHLPAPI.DLL
0x00007ff9d7580000 - 0x00007ff9d7588000 	C:\WINDOWS\System32\NSI.dll
0x00007ff9ccc30000 - 0x00007ff9ccc47000 	C:\WINDOWS\SYSTEM32\dhcpcsvc6.DLL
0x00007ff9ccbf0000 - 0x00007ff9ccc0d000 	C:\WINDOWS\SYSTEM32\dhcpcsvc.DLL
0x00007ff9d5140000 - 0x00007ff9d520c000 	C:\WINDOWS\SYSTEM32\DNSAPI.dll
0x00007ff934b90000 - 0x00007ff934bbb000 	C:\Users\Usuario\AppData\Local\Temp\morena64W2_35.dll
0x00007ff9d6720000 - 0x00007ff9d684a000 	C:\WINDOWS\System32\ole32.dll
0x00007ff9d65b0000 - 0x00007ff9d667d000 	C:\WINDOWS\System32\OLEAUT32.dll
0x00007ff9d4570000 - 0x00007ff9d4582000 	C:\WINDOWS\SYSTEM32\kernel.appcore.dll
0x00007ff9d68f0000 - 0x00007ff9d6999000 	C:\WINDOWS\System32\clbcatq.dll
0x00007ff92fe00000 - 0x00007ff92fe53000 	C:\Windows\System32\sti.dll
0x00007ff9b55b0000 - 0x00007ff9b55ba000 	C:\WINDOWS\SYSTEM32\wiatrace.dll
0x00007ff91cca0000 - 0x00007ff91ce39000 	C:\Program Files\Java\jdk1.8.0_211\jre\bin\awt.dll
0x00007ff9d2700000 - 0x00007ff9d2790000 	C:\WINDOWS\SYSTEM32\apphelp.dll
0x00007ff9d2840000 - 0x00007ff9d28de000 	C:\WINDOWS\system32\uxtheme.dll
0x00007ff9d69a0000 - 0x00007ff9d6ab5000 	C:\WINDOWS\System32\MSCTF.dll
0x00007ff996890000 - 0x00007ff9968d8000 	C:\Program Files (x86)\TeamViewer\tv_x64.dll
0x00007ff91cc00000 - 0x00007ff91cc9c000 	C:\Users\Usuario\.morena\twain64_6040012.dll
0x00007ff9b8250000 - 0x00007ff9b825c000 	C:\WINDOWS\system32\SaImgFl8.dll
0x00007ff9c2f40000 - 0x00007ff9c30eb000 	C:\WINDOWS\WinSxS\amd64_microsoft.windows.gdiplus_6595b64144ccf1df_1.1.19041.928_none_faefac437613c6cc\gdiplus.dll
0x00007ff9cd4a0000 - 0x00007ff9cd654000 	C:\WINDOWS\SYSTEM32\WindowsCodecs.dll
0x00007ff92c5c0000 - 0x00007ff92c5f1000 	C:\Program Files\Java\jdk1.8.0_211\jre\bin\jpeg.dll
0x00007ff9d4090000 - 0x00007ff9d4274000 	C:\WINDOWS\SYSTEM32\dbghelp.dll

VM Arguments:
jvm_args: -agentlib:jdwp=transport=dt_socket,address=127.0.0.1:26090,suspend=y,server=n -javaagent:C:\Users\Usuario\.IdeaIC2019.3\system\captureAgent\debugger-agent.jar -Dfile.encoding=UTF-8 
java_command: com.precodata.imageUtils.Scanner.Start
java_class_path (initial): C:\Program Files\Java\jdk1.8.0_211\jre\lib\charsets.jar;C:\Program Files\Java\jdk1.8.0_211\jre\lib\deploy.jar;C:\Program Files\Java\jdk1.8.0_211\jre\lib\ext\access-bridge-64.jar;C:\Program Files\Java\jdk1.8.0_211\jre\lib\ext\cldrdata.jar;C:\Program Files\Java\jdk1.8.0_211\jre\lib\ext\dnsns.jar;C:\Program Files\Java\jdk1.8.0_211\jre\lib\ext\jaccess.jar;C:\Program Files\Java\jdk1.8.0_211\jre\lib\ext\jfxrt.jar;C:\Program Files\Java\jdk1.8.0_211\jre\lib\ext\localedata.jar;C:\Program Files\Java\jdk1.8.0_211\jre\lib\ext\nashorn.jar;C:\Program Files\Java\jdk1.8.0_211\jre\lib\ext\sunec.jar;C:\Program Files\Java\jdk1.8.0_211\jre\lib\ext\sunjce_provider.jar;C:\Program Files\Java\jdk1.8.0_211\jre\lib\ext\sunmscapi.jar;C:\Program Files\Java\jdk1.8.0_211\jre\lib\ext\sunpkcs11.jar;C:\Program Files\Java\jdk1.8.0_211\jre\lib\ext\zipfs.jar;C:\Program Files\Java\jdk1.8.0_211\jre\lib\javaws.jar;C:\Program Files\Java\jdk1.8.0_211\jre\lib\jce.jar;C:\Program Files\Java\jdk1.8.0_211\jre\lib\jfr.jar;C:\Program Files\Java\jdk1.8.0_211\jre\lib\jfxswt.jar;C:\Program Files\Java\jdk1.8.0_211\jre\lib\jsse.jar;C:\Program Files\Java\jdk1.8.0_211\jre\lib\management-agent.jar;C:\Program Files\Java\jdk1.8.0_211\jre\lib\plugin.jar;C:\Program Files\Java\jdk1.8.0_211\jre\lib\resources.jar;C:\Program Files\Java\jdk1.8.0_211\jre\lib\rt.jar;C:\Models\preco-scanner-driver\target\classes;C:\Models\preco-scanner-driver\lib\morena.jar;C:\Models\preco-scanner-driver\lib\morena7.jar;C:\Models\preco-scanner-driver\lib\morena7_win.jar;C:\Models\preco-scanner-driver\lib\morena_license.jar;C:\Models\preco-scanner-driver\lib\morena_windows.jar;C:\Models\preco-scanner-driver\lib\gson-2.8.6.jar;C:\Models\preco-scanner-driver\lib\spark-core-2.9.3.jar;C:\Models\preco-scanner-driver\lib\slf4j-api-1.7.25.jar;C:\Models\preco-scanner-driver\lib\jetty-server-9.4.31.v20200723.jar;C:\Models\preco-scanner-driver\lib\javax.servlet-api-3.1.0.jar;C:\Models\preco-scanner-driver\lib\jetty-http-9.4.31.v202
Launcher Type: SUN_STANDARD

Environment Variables:
JAVA_HOME=C:\Program Files\Java\jdk1.8.0_211
CLASSPATH=C:\Program Files (x86)\GeneXus\GeneXus15\gxjava\drivers
USERNAME=Usuario
OS=Windows_NT
PROCESSOR_IDENTIFIER=Intel64 Family 6 Model 158 Stepping 9, GenuineIntel



---------------  S Y S T E M  ---------------

OS: Windows 10.0 , 64 bit Build 19041 (10.0.19041.928)

CPU:total 8 (initial active 8) (4 cores per cpu, 2 threads per core) family 6 model 158 stepping 9, cmov, cx8, fxsr, mmx, sse, sse2, sse3, ssse3, sse4.1, sse4.2, popcnt, avx, avx2, aes, clmul, erms, 3dnowpref, lzcnt, ht, tsc, tscinvbit, bmi1, bmi2, adx

Memory: 4k page, physical 16659176k(3861704k free), swap 32363240k(6896776k free)

vm_info: Java HotSpot(TM) 64-Bit Server VM (25.211-b12) for windows-amd64 JRE (1.8.0_211-b12), built on Apr  1 2019 20:53:26 by "java_re" with MS VC++ 10.0 (VS2010)

time: Fri May 21 10:41:01 2021
timezone: Hora estándar de Montevideo
elapsed time: 106 seconds (0d 0h 1m 46s)

